###############################################################
#  Generated by:      Cadence Innovus 20.11-s130_1
#  OS:                Linux x86_64(Host ID stu2.sec.ei.tum.de)
#  Generated on:      Tue Jan 21 12:27:52 2025
#  Design:            pulpino_top_pad
#  Command:           verifyProcessAntenna -report ../reports/antenna.rpt
###############################################################
pulpino_top_inst/FE_PDN16453_FE_OFN110024_accelerator_i_axi_mem_rdata_acc_18 (2)
  pulpino_top_inst/FE_PDC16776_FE_OFN110024_accelerator_i_axi_mem_rdata_acc_18  (sky130_fd_sc_ls__buf_1) A
[1]      met4:  Area: 21.3328  S.Area:112.4720  G.Area:  0.2080  D.Area:  0.0000
                Fact:  1.0000     PAR:540.7308   Ratio:400.0000       (S.Area)
pulpino_top_inst/FE_PDN16426_FE_OFN10793_accelerator_i_axi_mem_rdata_acc_24 (2)
  pulpino_top_inst/FE_PDC16606_FE_OFN10793_accelerator_i_axi_mem_rdata_acc_24  (sky130_fd_sc_ls__buf_1) A
[1]      met4:  Area: 33.9304  S.Area:180.6000  G.Area:  0.2080  D.Area:  0.0000
                Fact:  1.0000     PAR:868.2692   Ratio:400.0000       (S.Area)
pulpino_top_inst/FE_PDN16421_FE_OFN110029_accelerator_i_axi_mem_rdata_acc_10 (2)
  pulpino_top_inst/FE_PDC16256_FE_OFN110029_accelerator_i_axi_mem_rdata_acc_10  (sky130_fd_sc_ls__clkbuf_4) A
[1]      met2:  Area: 23.5117  S.Area:114.2015  G.Area:  0.2310  D.Area:  0.0000
                Fact:  1.0000     PAR:494.3788   Ratio:400.0000       (S.Area)
pulpino_top_inst/FE_PDN16399_FE_OFN5245_accelerator_i_accel_wrapper_inst_mem_wdata_a_int_14 (2)
  pulpino_top_inst/FE_PDC16459_FE_OFN5245_accelerator_i_accel_wrapper_inst_mem_wdata_a_int_14  (sky130_fd_sc_ls__clkbuf_4) A
[1]      met4:  Area: 19.1350  S.Area:100.2800  G.Area:  0.2310  D.Area:  0.0000
                Fact:  1.0000     PAR:434.1126   Ratio:400.0000       (S.Area)
pulpino_top_inst/FE_PDN16344_FE_OFN11687_accelerator_i_axi_mem_rdata_acc_14 (2)
  pulpino_top_inst/FE_PDC16440_FE_OFN11687_accelerator_i_axi_mem_rdata_acc_14  (sky130_fd_sc_ls__clkbuf_4) A
[1]      met3:  Area: 21.3448  S.Area:114.7760  G.Area:  0.2310  D.Area:  0.0000
                Fact:  1.0000     PAR:496.8658   Ratio:400.0000       (S.Area)
pulpino_top_inst/FE_PDN16318_FE_OFN110115_accelerator_i_axi_mem_rdata_acc_6 (2)
  pulpino_top_inst/FE_OFC15905_accelerator_i_axi_mem_rdata_acc_6  (sky130_fd_sc_ls__bufinv_8) A
[1]      met3:  Area: 38.4268  S.Area:205.8800  G.Area:  0.2790  D.Area:  0.0000
                Fact:  1.0000     PAR:737.9211   Ratio:400.0000       (S.Area)
[1]      met5:  Area:1.2531e+03  S.Area:1.8834e+03  G.Area:  0.2790  D.Area:  2.2732
                Fact:  1.0000     PAR:6.7506e+03   Ratio:3.5093e+03       (S.Area)
pulpino_top_inst/FE_PDN16317_FE_OFN110448_n (2)
  pulpino_top_inst/FE_PDC16391_FE_OFN110448_n  (sky130_fd_sc_ls__clkbuf_2) A
[1]      met3:  Area: 32.4430  S.Area:173.4960  G.Area:  0.2310  D.Area:  0.0000
                Fact:  1.0000     PAR:751.0649   Ratio:400.0000       (S.Area)
pulpino_top_inst/FE_PDN16241_FE_OFN110096_accelerator_i_axi_mem_rdata_acc_0 (2)
  pulpino_top_inst/FE_PDC16428_FE_OFN110096_accelerator_i_axi_mem_rdata_acc_0  (sky130_fd_sc_ls__clkbuf_4) A
[1]      met3:  Area: 18.4864  S.Area:100.4720  G.Area:  0.2310  D.Area:  0.0000
                Fact:  1.0000     PAR:434.9437   Ratio:400.0000       (S.Area)
pulpino_top_inst/FE_PDN16236_FE_OFN10793_accelerator_i_axi_mem_rdata_acc_24 (2)
  pulpino_top_inst/FE_PDC16426_FE_OFN10793_accelerator_i_axi_mem_rdata_acc_24  (sky130_fd_sc_ls__clkbuf_4) A
[1]      met3:  Area: 23.4040  S.Area:125.2880  G.Area:  0.2310  D.Area:  0.0000
                Fact:  1.0000     PAR:542.3723   Ratio:400.0000       (S.Area)
pulpino_top_inst/FE_PDN16217_FE_OFN110117_FE_OFN109819_FE_OFN10255_n (2)
  pulpino_top_inst/FE_OFC15428_accelerator_i_accel_wrapper_inst_mem_addr_a_int_1  (sky130_fd_sc_ls__bufinv_8) A
[1]      met3:  Area: 37.6150  S.Area:201.0800  G.Area:  0.2790  D.Area:  0.0000
                Fact:  1.0000     PAR:720.7168   Ratio:400.0000       (S.Area)
[1]      met5:  Area:1.1100e+03  S.Area:1.6689e+03  G.Area:  0.2790  D.Area:  1.8417
                Fact:  1.0000     PAR:5.9816e+03   Ratio:3.3367e+03       (S.Area)
pulpino_top_inst/core_region_i/FE_PDN16214_CORE_RISCV_CORE_lsu_rdata_27 (2)
  pulpino_top_inst/core_region_i/FE_OFC5407_CORE_RISCV_CORE_lsu_rdata_27  (sky130_fd_sc_ls__bufbuf_16) A
[1]      met5:  Area:613.6640  S.Area:928.1760  G.Area:  0.2790  D.Area:  1.0864
                Fact:  1.0000     PAR:3.3268e+03   Ratio:3.0346e+03       (S.Area)
pulpino_top_inst/FE_PDN16205_FE_OFN1641_accelerator_i_axi_mem_rdata_acc_13 (2)
  pulpino_top_inst/FE_OFC15896_accelerator_i_axi_mem_rdata_acc_13  (sky130_fd_sc_ls__bufinv_8) A
[1]      met5:  Area:685.0880  S.Area:1.0353e+03  G.Area:  0.2790  D.Area:  2.2732
                Fact:  1.0000     PAR:3.7108e+03   Ratio:3.5093e+03       (S.Area)
pulpino_top_inst/FE_PDN16198_FE_OFN110031_accelerator_i_axi_mem_rdata_acc_12 (2)
  pulpino_top_inst/FE_OFC15902_accelerator_i_axi_mem_rdata_acc_12  (sky130_fd_sc_ls__bufinv_8) A
[1]      met4:  Area: 50.6624  S.Area:266.6160  G.Area:  0.2790  D.Area:  0.0000
                Fact:  1.0000     PAR:955.6129   Ratio:400.0000       (S.Area)
[1]      met5:  Area:1.1320e+03  S.Area:1.7056e+03  G.Area:  0.2790  D.Area:  1.8417
                Fact:  1.0000     PAR:6.1133e+03   Ratio:3.3367e+03       (S.Area)
pulpino_top_inst/FE_PDN16195_FE_OFN110089_accelerator_i_axi_mem_rdata_acc_9 (2)
  pulpino_top_inst/FE_OFC15886_accelerator_i_axi_mem_rdata_acc_9  (sky130_fd_sc_ls__bufinv_8) A
[1]      met5:  Area:1.2808e+03  S.Area:1.9288e+03  G.Area:  0.2790  D.Area:  2.2732
                Fact:  1.0000     PAR:6.9134e+03   Ratio:3.5093e+03       (S.Area)
pulpino_top_inst/FE_PDN16193_FE_OFN110035_accelerator_i_axi_mem_rdata_acc_11 (2)
  pulpino_top_inst/FE_PDC16390_FE_OFN110035_accelerator_i_axi_mem_rdata_acc_11  (sky130_fd_sc_ls__buf_2) A
[1]      met4:  Area: 23.7034  S.Area:123.7040  G.Area:  0.2460  D.Area:  0.0000
                Fact:  1.0000     PAR:502.8618   Ratio:400.0000       (S.Area)
[1]      met5:  Area:668.5120  S.Area:1.0066e+03  G.Area:  0.2460  D.Area:  1.0864
                Fact:  1.0000     PAR:4.0919e+03   Ratio:3.0346e+03       (S.Area)
pulpino_top_inst/FE_PDN16192_FE_OFN110022_accelerator_i_axi_mem_rdata_acc_15 (2)
  pulpino_top_inst/FE_OFC15892_accelerator_i_axi_mem_rdata_acc_15  (sky130_fd_sc_ls__bufinv_8) A
[1]      met5:  Area:1.0349e+03  S.Area:1.5600e+03  G.Area:  0.2790  D.Area:  1.8417
                Fact:  1.0000     PAR:5.5915e+03   Ratio:3.3367e+03       (S.Area)
pulpino_top_inst/FE_PDN16191_FE_OFN110102_accelerator_i_axi_mem_rdata_acc_7 (3)
  pulpino_top_inst/FE_PDC16393_FE_OFN110102_accelerator_i_axi_mem_rdata_acc_7  (sky130_fd_sc_ls__clkbuf_2) A
[1]      met5:  Area:1.0012e+03  S.Area:1.5057e+03  G.Area:  0.4920  D.Area:  1.0864
                Fact:  1.0000     PAR:3.0604e+03   Ratio:3.0346e+03       (S.Area)
  pulpino_top_inst/g45747  (sky130_fd_sc_ls__mux2_1) A0
[1]      met5:  Area:1.0012e+03  S.Area:1.5057e+03  G.Area:  0.4920  D.Area:  1.0864
                Fact:  1.0000     PAR:3.0604e+03   Ratio:3.0346e+03       (S.Area)
pulpino_top_inst/FE_PDN16190_FE_OFN110027_accelerator_i_axi_mem_rdata_acc_16 (2)
  pulpino_top_inst/FE_PDC16388_FE_OFN110027_accelerator_i_axi_mem_rdata_acc_16  (sky130_fd_sc_ls__buf_2) A
[1]      met3:  Area: 27.7120  S.Area:148.2640  G.Area:  0.2460  D.Area:  0.0000
                Fact:  1.0000     PAR:602.6992   Ratio:400.0000       (S.Area)
pulpino_top_inst/FE_PDN16189_FE_OFN109769_n (2)
  pulpino_top_inst/FE_PDC16387_FE_OFN109769_n  (sky130_fd_sc_ls__clkbuf_4) A
[1]      met5:  Area:747.2960  S.Area:1.1286e+03  G.Area:  0.2310  D.Area:  1.0864
                Fact:  1.0000     PAR:4.8858e+03   Ratio:3.0346e+03       (S.Area)
pulpino_top_inst/core_region_i/FE_PDN16182_FE_OFN109707_CORE_RISCV_CORE_id_stage_i_n_103911 (19)
  pulpino_top_inst/core_region_i/CORE.RISCV_CORE_id_stage_i_g117502  (sky130_fd_sc_ls__a222o_1) C2
[1]      met3:  Area: 19.2176  S.Area:102.9520  G.Area:  0.2460  D.Area:  0.0000
                Fact:  1.0000     PAR:418.5041   Ratio:400.0000       (S.Area)
pulpino_top_inst/core_region_i/FE_PDN111185_CORE_RISCV_CORE_id_stage_i_n_99683 (4)
  pulpino_top_inst/core_region_i/CORE.RISCV_CORE_id_stage_i_alu_operand_a_ex_o_reg[27]  (sky130_fd_sc_ls__sdfrtp_1) D
[1]      met4:  Area: 63.0916  S.Area:335.6560  G.Area:  0.4770  D.Area:  0.0000
                Fact:  1.0000     PAR:703.6813   Ratio:400.0000       (S.Area)
  pulpino_top_inst/core_region_i/CORE.RISCV_CORE_id_stage_i_mult_dot_op_a_ex_o_reg[27]  (sky130_fd_sc_ls__sdfrtp_1) D
[1]      met4:  Area: 63.0916  S.Area:335.6560  G.Area:  0.4770  D.Area:  0.0000
                Fact:  1.0000     PAR:703.6813   Ratio:400.0000       (S.Area)
  pulpino_top_inst/core_region_i/CORE.RISCV_CORE_id_stage_i_mult_operand_a_ex_o_reg[27]  (sky130_fd_sc_ls__sdfrtp_1) D
[1]      met3:  Area: 12.2060  S.Area: 66.0320  G.Area:  0.1590  D.Area:  0.0000
                Fact:  1.0000     PAR:415.2956   Ratio:400.0000       (S.Area)
[1]      met4:  Area: 63.0916  S.Area:335.6560  G.Area:  0.4770  D.Area:  0.0000
                Fact:  1.0000     PAR:703.6813   Ratio:400.0000       (S.Area)
pulpino_top_inst/core_region_i/FE_PDN111182_CORE_RISCV_CORE_id_stage_i_n_99990 (2)
  pulpino_top_inst/core_region_i/FE_PDC16672_CORE_RISCV_CORE_id_stage_i_n_99990  (sky130_fd_sc_ls__inv_2) A
[1]      met4:  Area: 63.6136  S.Area:336.0880  G.Area:  0.5580  D.Area:  0.0000
                Fact:  1.0000     PAR:602.3082   Ratio:400.0000       (S.Area)
pulpino_top_inst/FE_PDN111144_slaves_2__w_data_5 (2)
  pulpino_top_inst/FE_OFC6157_slaves_2__w_data_5  (sky130_fd_sc_ls__clkbuf_4) A
[1]      met4:  Area: 22.0198  S.Area:113.7840  G.Area:  0.2310  D.Area:  0.0000
                Fact:  1.0000     PAR:492.5714   Ratio:400.0000       (S.Area)
pulpino_top_inst/core_region_i/FE_PDN111131_n_1933 (3)
  pulpino_top_inst/core_region_i/g89336  (sky130_fd_sc_ls__o21a_1) A1
[1]      met4:  Area: 74.5936  S.Area:394.6480  G.Area:  0.2460  D.Area:  0.0000
                Fact:  1.0000     PAR:1.6043e+03   Ratio:400.0000       (S.Area)
pulpino_top_inst/FE_PDN111126_slaves_2__w_data_1 (2)
  pulpino_top_inst/FE_OFC6161_slaves_2__w_data_1  (sky130_fd_sc_ls__clkbuf_4) A
[1]      met4:  Area: 56.4160  S.Area:299.1120  G.Area:  0.2310  D.Area:  0.0000
                Fact:  1.0000     PAR:1.2949e+03   Ratio:400.0000       (S.Area)
pulpino_top_inst/core_region_i/FE_PDN111019_FE_OFN5459_CORE_RISCV_CORE_lsu_rdata_20 (10)
  pulpino_top_inst/core_region_i/CORE.RISCV_CORE_id_stage_i_g118191  (sky130_fd_sc_ls__a222o_1) B2
[1]      met3:  Area: 20.6768  S.Area:111.6800  G.Area:  0.2460  D.Area:  0.0000
                Fact:  1.0000     PAR:453.9837   Ratio:400.0000       (S.Area)
pulpino_top_inst/FE_PDN110994_peripherals_i_n_77380 (8)
  pulpino_top_inst/peripherals_i_axi_spi_slave_i_axi_spi_slave_i_u_dcfifo_rx_u_din_buffer_data_reg[7][19]  (sky130_fd_sc_ls__sdfrtp_1) D
[1]      met3:  Area: 16.6376  S.Area: 89.1920  G.Area:  0.1590  D.Area:  0.0000
                Fact:  1.0000     PAR:560.9560   Ratio:400.0000       (S.Area)
pulpino_top_inst/FE_PDN110891_FE_OFN5293_accelerator_i_accel_wrapper_inst_mem_wdata_a_int_1 (2)
  pulpino_top_inst/FE_PDC16439_FE_OFN5293_accelerator_i_accel_wrapper_inst_mem_wdata_a_int_1  (sky130_fd_sc_ls__clkbuf_2) A
[1]      met3:  Area: 29.6849  S.Area:165.8240  G.Area:  0.2310  D.Area:  0.0000
                Fact:  1.0000     PAR:717.8528   Ratio:400.0000       (S.Area)
pulpino_top_inst/FE_PDN15984_accelerator_i_axi_mem_rdata_acc_23 (2)
  pulpino_top_inst/FE_OFC10571_accelerator_i_axi_mem_rdata_acc_23  (sky130_fd_sc_ls__clkbuf_4) A
[1]      met3:  Area: 18.9220  S.Area:101.3840  G.Area:  0.2310  D.Area:  0.0000
                Fact:  1.0000     PAR:438.8918   Ratio:400.0000       (S.Area)
pulpino_top_inst/core_region_i/FE_PDN110869_FE_OFN10068_CORE_RISCV_CORE_id_stage_i_n_99295 (3)
  pulpino_top_inst/core_region_i/CORE.RISCV_CORE_id_stage_i_mult_dot_op_b_ex_o_reg[26]  (sky130_fd_sc_ls__sdfrtp_1) D
[1]      met3:  Area: 12.2000  S.Area: 66.0000  G.Area:  0.1590  D.Area:  0.0000
                Fact:  1.0000     PAR:415.0943   Ratio:400.0000       (S.Area)
pulpino_top_inst/FE_PDN110844_FE_OFN5208_accelerator_i_accel_wrapper_inst_mem_wdata_a_int_23 (2)
  pulpino_top_inst/FE_PDC16409_FE_OFN5208_accelerator_i_accel_wrapper_inst_mem_wdata_a_int_23  (sky130_fd_sc_ls__clkbuf_4) A
[1]      met2:  Area: 25.0961  S.Area:122.7135  G.Area:  0.2310  D.Area:  0.0000
                Fact:  1.0000     PAR:531.2273   Ratio:400.0000       (S.Area)
pulpino_top_inst/FE_PDN110833_FE_OFN5248_accelerator_i_accel_wrapper_inst_mem_wdata_a_int_13 (2)
  pulpino_top_inst/FE_PDC16445_FE_OFN5248_accelerator_i_accel_wrapper_inst_mem_wdata_a_int_13  (sky130_fd_sc_ls__clkbuf_2) A
[1]      met3:  Area: 38.4322  S.Area:212.0240  G.Area:  0.2310  D.Area:  0.0000
                Fact:  1.0000     PAR:917.8528   Ratio:400.0000       (S.Area)
pulpino_top_inst/core_region_i/FE_PDN110826_n_1862 (8)
  pulpino_top_inst/core_region_i/g88688  (sky130_fd_sc_ls__a2bb2oi_1) A1_N
[1]      met3:  Area: 48.5726  S.Area:259.5120  G.Area:  0.2330  D.Area:  0.0000
                Fact:  1.0000     PAR:1.1138e+03   Ratio:400.0000       (S.Area)
pulpino_top_inst/FE_PDN110821_FE_OFN5270_accelerator_i_accel_wrapper_inst_mem_wdata_a_int_8 (2)
  pulpino_top_inst/FE_PDC16405_FE_OFN5270_accelerator_i_accel_wrapper_inst_mem_wdata_a_int_8  (sky130_fd_sc_ls__buf_4) A
[1]      met3:  Area: 36.3778  S.Area:199.6560  G.Area:  0.3630  D.Area:  0.0000
                Fact:  1.0000     PAR:550.0165   Ratio:400.0000       (S.Area)
pulpino_top_inst/FE_PDN110818_FE_OFN6168_accelerator_i_accel_wrapper_inst_mem_be_a_int_0 (2)
  pulpino_top_inst/FE_PDC16408_FE_OFN6168_accelerator_i_accel_wrapper_inst_mem_be_a_int_0  (sky130_fd_sc_ls__clkbuf_4) A
[1]      met3:  Area: 35.6679  S.Area:195.8560  G.Area:  0.2310  D.Area:  0.0000
                Fact:  1.0000     PAR:847.8615   Ratio:400.0000       (S.Area)
[1]      met4:  Area: 19.0162  S.Area: 99.1760  G.Area:  0.2310  D.Area:  0.0000
                Fact:  1.0000     PAR:429.3333   Ratio:400.0000       (S.Area)
pulpino_top_inst/core_region_i/FE_PDN110768_FE_OFN3762_data_mem_wdata_25 (2)
  pulpino_top_inst/core_region_i/FE_PDC16258_FE_OFN3762_data_mem_wdata_25  (sky130_fd_sc_ls__inv_2) A
[1]      met5:  Area:1.4451e+03  S.Area:2.1714e+03  G.Area:  0.5580  D.Area:  2.1728
                Fact:  1.0000     PAR:3.8914e+03   Ratio:3.4691e+03       (S.Area)
pulpino_top_inst/FE_OFN110452_n (3)
  pulpino_top_inst/accelerator_i_accel_wrapper_inst_accel_fsm_inst_keccak_inst/buffer_in_buffer_data_reg[1312]  (sky130_fd_sc_ls__sdfrtp_1) D
[1]      met3:  Area: 13.8550  S.Area: 74.3600  G.Area:  0.1590  D.Area:  0.0000
                Fact:  1.0000     PAR:467.6730   Ratio:400.0000       (S.Area)
pulpino_top_inst/FE_OFN110448_n (2)
  pulpino_top_inst/FE_PDC16416_FE_OFN110448_n  (sky130_fd_sc_ls__clkbuf_2) A
[1]      met5:  Area:750.9760  S.Area:1.1303e+03  G.Area:  0.2310  D.Area:  5.0400
                Fact:  1.0000     PAR:4.8931e+03   Ratio:4.6160e+03       (S.Area)
pulpino_top_inst/FE_OFN110117_FE_OFN109819_FE_OFN10255_n (2)
  pulpino_top_inst/FE_PDC16217_FE_OFN110117_FE_OFN109819_FE_OFN10255_n  (sky130_fd_sc_ls__clkbuf_8) A
[1]      met5:  Area:1.4742e+03  S.Area:2.2189e+03  G.Area:  0.4620  D.Area:  5.0400
                Fact:  1.0000     PAR:4.8029e+03   Ratio:4.6160e+03       (S.Area)
pulpino_top_inst/FE_OFN110115_accelerator_i_axi_mem_rdata_acc_6 (2)
  pulpino_top_inst/FE_PDC16422_FE_OFN110115_accelerator_i_axi_mem_rdata_acc_6  (sky130_fd_sc_ls__clkbuf_2) A
[1]      met5:  Area:1.0096e+03  S.Area:1.5182e+03  G.Area:  0.2310  D.Area:  5.0400
                Fact:  1.0000     PAR:6.5725e+03   Ratio:4.6160e+03       (S.Area)
pulpino_top_inst/FE_OFN110102_accelerator_i_axi_mem_rdata_acc_7 (2)
  pulpino_top_inst/FE_PDC16336_FE_OFN110102_accelerator_i_axi_mem_rdata_acc_7  (sky130_fd_sc_ls__bufbuf_8) A
[1]      met2:  Area: 23.4821  S.Area:117.2395  G.Area:  0.2080  D.Area:  0.0000
                Fact:  1.0000     PAR:563.6514   Ratio:400.0000       (S.Area)
[1]      met5:  Area:1.4038e+03  S.Area:2.1095e+03  G.Area:  0.2080  D.Area:  4.3904
                Fact:  1.0000     PAR:1.0142e+04   Ratio:4.3562e+03       (S.Area)
pulpino_top_inst/FE_OFN110092_accelerator_i_axi_mem_rdata_acc_16 (3)
  pulpino_top_inst/accelerator_i_accel_wrapper_inst_accel_fsm_inst_keccak_inst/buffer_in_buffer_data_reg[1328]  (sky130_fd_sc_ls__sdfrtp_1) D
[1]      met3:  Area: 19.3210  S.Area:103.5120  G.Area:  0.1590  D.Area:  0.0000
                Fact:  1.0000     PAR:651.0189   Ratio:400.0000       (S.Area)
pulpino_top_inst/FE_OFN110089_accelerator_i_axi_mem_rdata_acc_9 (2)
  pulpino_top_inst/FE_PDC16410_FE_OFN110089_accelerator_i_axi_mem_rdata_acc_9  (sky130_fd_sc_ls__clkbuf_2) A
[1]      met5:  Area:1.0836e+03  S.Area:1.6293e+03  G.Area:  0.2310  D.Area:  5.0400
                Fact:  1.0000     PAR:7.0531e+03   Ratio:4.6160e+03       (S.Area)
pulpino_top_inst/FE_OFN110035_accelerator_i_axi_mem_rdata_acc_11 (2)
  pulpino_top_inst/FE_PDC16414_FE_OFN110035_accelerator_i_axi_mem_rdata_acc_11  (sky130_fd_sc_ls__clkbuf_2) A
[1]      met5:  Area:1.4670e+03  S.Area:2.2120e+03  G.Area:  0.2310  D.Area:  5.0400
                Fact:  1.0000     PAR:9.5759e+03   Ratio:4.6160e+03       (S.Area)
pulpino_top_inst/FE_OFN110031_accelerator_i_axi_mem_rdata_acc_12 (2)
  pulpino_top_inst/FE_PDC16412_FE_OFN110031_accelerator_i_axi_mem_rdata_acc_12  (sky130_fd_sc_ls__clkbuf_2) A
[1]      met5:  Area:897.6640  S.Area:1.3503e+03  G.Area:  0.2310  D.Area:  5.0400
                Fact:  1.0000     PAR:5.8456e+03   Ratio:4.6160e+03       (S.Area)
pulpino_top_inst/FE_OFN110027_accelerator_i_axi_mem_rdata_acc_16 (2)
  pulpino_top_inst/FE_PDC16427_FE_OFN110027_accelerator_i_axi_mem_rdata_acc_16  (sky130_fd_sc_ls__clkbuf_2) A
[1]      met5:  Area:911.1680  S.Area:1.3744e+03  G.Area:  0.2310  D.Area:  5.0400
                Fact:  1.0000     PAR:5.9499e+03   Ratio:4.6160e+03       (S.Area)
pulpino_top_inst/FE_OFN110023_accelerator_i_axi_mem_rdata_acc_22 (3)
  pulpino_top_inst/accelerator_i_accel_wrapper_inst_accel_fsm_inst_keccak_inst/buffer_in_buffer_data_reg[1334]  (sky130_fd_sc_ls__sdfrtp_1) D
[1]      met3:  Area: 16.5130  S.Area: 88.5360  G.Area:  0.1590  D.Area:  0.0000
                Fact:  1.0000     PAR:556.8302   Ratio:400.0000       (S.Area)
pulpino_top_inst/FE_OFN110021_accelerator_i_axi_mem_rdata_acc_19 (2)
  pulpino_top_inst/FE_PDC16532_FE_OFN110021_accelerator_i_axi_mem_rdata_acc_19  (sky130_fd_sc_ls__inv_1) A
[1]      met5:  Area:1.1686e+03  S.Area:1.7567e+03  G.Area:  0.2790  D.Area:  3.2424
                Fact:  1.0000     PAR:6.2964e+03   Ratio:3.8970e+03       (S.Area)
pulpino_top_inst/CTS_364 (3)
  pulpino_top_inst/CTS_ccl_buf_03619  (sky130_fd_sc_ls__clkbuf_1) A
[1]      met3:  Area: 73.5120  S.Area:196.9920  G.Area:  0.2310  D.Area:  0.0000
                Fact:  1.0000     PAR:852.7792   Ratio:400.0000       (S.Area)
pulpino_top_inst/accelerator_i_accel_wrapper_inst_accel_fsm_inst_keccak_inst/CTS_105 (8)
  pulpino_top_inst/accelerator_i_accel_wrapper_inst_accel_fsm_inst_keccak_inst/CTS_ccl_a_buf_02981  (sky130_fd_sc_ls__clkbuf_1) A
[1]      met3:  Area: 37.3140  S.Area:100.4640  G.Area:  0.2310  D.Area:  0.0000
                Fact:  1.0000     PAR:434.9091   Ratio:400.0000       (S.Area)
pulpino_top_inst/accelerator_i_accel_wrapper_inst_accel_fsm_inst_keccak_inst/CTS_90 (8)
  pulpino_top_inst/accelerator_i_accel_wrapper_inst_accel_fsm_inst_keccak_inst/CTS_ccl_a_buf_02931  (sky130_fd_sc_ls__clkbuf_1) A
[1]      met3:  Area: 41.5020  S.Area:111.6320  G.Area:  0.2310  D.Area:  0.0000
                Fact:  1.0000     PAR:483.2554   Ratio:400.0000       (S.Area)
pulpino_top_inst/accelerator_i_accel_wrapper_inst_accel_fsm_inst_keccak_inst/CTS_143 (8)
  pulpino_top_inst/accelerator_i_accel_wrapper_inst_accel_fsm_inst_keccak_inst/CTS_ccl_a_buf_02905  (sky130_fd_sc_ls__clkbuf_1) A
[1]      met3:  Area: 35.4780  S.Area: 95.5680  G.Area:  0.2310  D.Area:  0.0000
                Fact:  1.0000     PAR:413.7143   Ratio:400.0000       (S.Area)
pulpino_top_inst/accelerator_i_accel_wrapper_inst_accel_fsm_inst_keccak_inst/CTS_135 (9)
  pulpino_top_inst/accelerator_i_accel_wrapper_inst_accel_fsm_inst_keccak_inst/CTS_ccl_a_buf_02861  (sky130_fd_sc_ls__clkbuf_1) A
[1]      met4:  Area: 45.0824  S.Area:117.8080  G.Area:  0.2310  D.Area:  0.0000
                Fact:  1.0000     PAR:509.9913   Ratio:400.0000       (S.Area)
pulpino_top_inst/CTS_356 (3)
  pulpino_top_inst/CTS_ccl_a_buf_03608  (sky130_fd_sc_ls__clkbuf_1) A
[1]      met3:  Area: 46.8300  S.Area:125.8400  G.Area:  0.2310  D.Area:  0.0000
                Fact:  1.0000     PAR:544.7619   Ratio:400.0000       (S.Area)
[1]      met4:  Area: 39.7408  S.Area:100.1920  G.Area:  0.2310  D.Area:  0.0000
                Fact:  1.0000     PAR:433.7316   Ratio:400.0000       (S.Area)
[1]      via4:  Area:  2.5600  S.Area:  0.0000  G.Area:  0.2310  D.Area:  0.0000
                Fact:  1.0000     PAR: 11.0823   Ratio:  6.0000       (Area)
pulpino_top_inst/accelerator_i_accel_wrapper_inst_accel_fsm_inst_keccak_inst/CTS_91 (2)
  pulpino_top_inst/accelerator_i_accel_wrapper_inst_accel_fsm_inst_keccak_inst/CTS_ccl_a_buf_03564  (sky130_fd_sc_ls__clkbuf_1) A
[1]      met3:  Area: 54.0840  S.Area:145.1840  G.Area:  0.2310  D.Area:  0.0000
                Fact:  1.0000     PAR:628.5022   Ratio:400.0000       (S.Area)
pulpino_top_inst/accelerator_i_accel_wrapper_inst_accel_fsm_inst_keccak_inst/CTS_53 (7)
  pulpino_top_inst/accelerator_i_accel_wrapper_inst_accel_fsm_inst_keccak_inst/CTS_ccl_a_buf_02859  (sky130_fd_sc_ls__clkbuf_1) A
[1]      met3:  Area: 36.2160  S.Area: 97.5360  G.Area:  0.2310  D.Area:  0.0000
                Fact:  1.0000     PAR:422.2338   Ratio:400.0000       (S.Area)
pulpino_top_inst/accelerator_i_accel_wrapper_inst_accel_fsm_inst_keccak_inst/CTS_4 (6)
  pulpino_top_inst/accelerator_i_accel_wrapper_inst_accel_fsm_inst_keccak_inst/CTS_ccl_a_buf_02779  (sky130_fd_sc_ls__clkbuf_1) A
[1]      met3:  Area: 36.8820  S.Area: 99.3120  G.Area:  0.2310  D.Area:  0.0000
                Fact:  1.0000     PAR:429.9221   Ratio:400.0000       (S.Area)
pulpino_top_inst/CTS_337 (5)
  pulpino_top_inst/accelerator_i_accel_wrapper_inst_accel_fsm_inst_keccak_inst/CTS_ccl_a_buf_03421  (sky130_fd_sc_ls__clkbuf_1) A
[1]      met3:  Area: 48.1800  S.Area:129.4400  G.Area:  0.2310  D.Area:  0.0000
                Fact:  1.0000     PAR:560.3463   Ratio:400.0000       (S.Area)
pulpino_top_inst/accelerator_i_accel_wrapper_inst_accel_fsm_inst_keccak_inst/CTS_56 (8)
  pulpino_top_inst/accelerator_i_accel_wrapper_inst_accel_fsm_inst_keccak_inst/CTS_ccl_a_buf_02795  (sky130_fd_sc_ls__clkbuf_1) A
[1]      met3:  Area: 39.6720  S.Area:106.7520  G.Area:  0.2310  D.Area:  0.0000
                Fact:  1.0000     PAR:462.1299   Ratio:400.0000       (S.Area)
pulpino_top_inst/CTS_333 (2)
  pulpino_top_inst/CTS_ccl_buf_03618  (sky130_fd_sc_ls__clkbuf_1) A
[1]      met4:  Area: 97.0544  S.Area:256.4000  G.Area:  0.2310  D.Area:  0.0000
                Fact:  1.0000     PAR:1.1100e+03   Ratio:400.0000       (S.Area)
pulpino_top_inst/CTS_331 (2)
  pulpino_top_inst/CTS_ccl_a_buf_03546  (sky130_fd_sc_ls__clkbuf_1) A
[1]      met4:  Area:106.2044  S.Area:280.8000  G.Area:  0.2310  D.Area:  0.0000
                Fact:  1.0000     PAR:1.2156e+03   Ratio:400.0000       (S.Area)
pulpino_top_inst/CTS_321 (6)
  pulpino_top_inst/CTS_ccl_a_buf_00658  (sky130_fd_sc_ls__clkbuf_1) A
[1]      via4:  Area:  2.5600  S.Area:  0.0000  G.Area:  0.2310  D.Area:  0.0000
                Fact:  1.0000     PAR: 11.0823   Ratio:  6.0000       (Area)
pulpino_top_inst/CTS_313 (11)
  pulpino_top_inst/core_region_i/CTS_ccl_a_buf_00598  (sky130_fd_sc_ls__clkbuf_1) A
[1]      via4:  Area:  2.5600  S.Area:  0.0000  G.Area:  0.2310  D.Area:  0.0000
                Fact:  1.0000     PAR: 11.0823   Ratio:  6.0000       (Area)
pulpino_top_inst/CTS_308 (7)
  pulpino_top_inst/CTS_ccl_a_buf_00590  (sky130_fd_sc_ls__clkbuf_1) A
[1]      met4:  Area:133.6964  S.Area:354.1120  G.Area:  0.6930  D.Area:  0.0000
                Fact:  1.0000     PAR:510.9841   Ratio:400.0000       (S.Area)
  pulpino_top_inst/core_region_i/CORE.RISCV_CORE_ex_stage_i_alu_i/CTS_ccl_a_buf_00584  (sky130_fd_sc_ls__clkbuf_1) A
[1]      met4:  Area:133.6964  S.Area:354.1120  G.Area:  0.6930  D.Area:  0.0000
                Fact:  1.0000     PAR:510.9841   Ratio:400.0000       (S.Area)
  pulpino_top_inst/core_region_i/CTS_ccl_a_buf_00576  (sky130_fd_sc_ls__clkbuf_1) A
[1]      met4:  Area:133.6964  S.Area:354.1120  G.Area:  0.6930  D.Area:  0.0000
                Fact:  1.0000     PAR:510.9841   Ratio:400.0000       (S.Area)
pulpino_top_inst/core_region_i/CTS_81 (2)
  pulpino_top_inst/core_region_i/CTS_cdb_buf_03691  (sky130_fd_sc_ls__clkbuf_1) A
[1]      met4:  Area: 56.4284  S.Area:148.0640  G.Area:  0.2310  D.Area:  0.0000
                Fact:  1.0000     PAR:640.9697   Ratio:400.0000       (S.Area)
pulpino_top_inst/CTS_299 (3)
  pulpino_top_inst/CTS_ccl_a_buf_03540  (sky130_fd_sc_ls__clkbuf_1) A
[1]      via4:  Area:  2.5600  S.Area:  0.0000  G.Area:  0.2310  D.Area:  0.0000
                Fact:  1.0000     PAR: 11.0823   Ratio:  6.0000       (Area)
pulpino_top_inst/CTS_298 (5)
  pulpino_top_inst/CTS_ccl_a_buf_03373  (sky130_fd_sc_ls__clkbuf_1) A
[1]      met3:  Area: 49.8300  S.Area:133.8400  G.Area:  0.2310  D.Area:  0.0000
                Fact:  1.0000     PAR:579.3939   Ratio:400.0000       (S.Area)
pulpino_top_inst/CTS_283 (4)
  pulpino_top_inst/CTS_ccl_a_buf_03552  (sky130_fd_sc_ls__clkbuf_1) A
[1]      met4:  Area: 39.9928  S.Area:100.8640  G.Area:  0.2310  D.Area:  0.0000
                Fact:  1.0000     PAR:436.6407   Ratio:400.0000       (S.Area)
[1]      via4:  Area:  2.5600  S.Area:  0.0000  G.Area:  0.2310  D.Area:  0.0000
                Fact:  1.0000     PAR: 11.0823   Ratio:  6.0000       (Area)
  pulpino_top_inst/CTS_ccl_a_buf_03556  (sky130_fd_sc_ls__clkbuf_1) A
[1]      met4:  Area: 60.8204  S.Area:159.7760  G.Area:  0.2310  D.Area:  0.0000
                Fact:  1.0000     PAR:691.6710   Ratio:400.0000       (S.Area)
pulpino_top_inst/CTS_211 (9)
  pulpino_top_inst/CTS_ccl_a_buf_00688  (sky130_fd_sc_ls__clkbuf_1) A
[1]      met3:  Area: 38.6760  S.Area:104.0960  G.Area:  0.2310  D.Area:  0.0000
                Fact:  1.0000     PAR:450.6320   Ratio:400.0000       (S.Area)
pulpino_top_inst/CTS_203 (9)
  pulpino_top_inst/CTS_ccl_a_buf_00700  (sky130_fd_sc_ls__clkbuf_1) A
[1]      met3:  Area: 36.2160  S.Area: 97.5360  G.Area:  0.2310  D.Area:  0.0000
                Fact:  1.0000     PAR:422.2338   Ratio:400.0000       (S.Area)
pulpino_top_inst/CTS_65 (5)
  pulpino_top_inst/CTS_ccl_a_buf_02073  (sky130_fd_sc_ls__clkbuf_1) A
[1]      met3:  Area: 38.2740  S.Area:103.0240  G.Area:  0.2310  D.Area:  0.0000
                Fact:  1.0000     PAR:445.9913   Ratio:400.0000       (S.Area)
pulpino_top_inst/FE_OFN109774_peripherals_i_s_apb_bus_pwdata_0 (9)
  pulpino_top_inst/FE_PDC16239_FE_OFN109774_peripherals_i_s_apb_bus_pwdata_0  (sky130_fd_sc_ls__clkbuf_4) A
[1]      met4:  Area: 30.8566  S.Area:161.3840  G.Area:  0.2310  D.Area:  0.0000
                Fact:  1.0000     PAR:698.6320   Ratio:400.0000       (S.Area)
pulpino_top_inst/FE_OFN109769_n (2)
  pulpino_top_inst/FE_PDC16340_FE_OFN109769_n  (sky130_fd_sc_ls__clkbuf_4) A
[1]      met5:  Area:1.1972e+03  S.Area:1.8034e+03  G.Area:  0.2310  D.Area:  5.0400
                Fact:  1.0000     PAR:7.8070e+03   Ratio:4.6160e+03       (S.Area)
pulpino_top_inst/core_region_i/FE_OFN11571_n_2439 (2)
  pulpino_top_inst/core_region_i/FE_PDC16363_FE_OFN11571_n_2439  (sky130_fd_sc_ls__clkbuf_2) A
[1]      met3:  Area: 20.4340  S.Area:109.4480  G.Area:  0.2310  D.Area:  0.0000
                Fact:  1.0000     PAR:473.8009   Ratio:400.0000       (S.Area)
pulpino_top_inst/core_region_i/FE_OFN11473_CORE_RISCV_CORE_id_stage_i_n_99759 (4)
  pulpino_top_inst/core_region_i/CORE.RISCV_CORE_id_stage_i_mult_operand_a_ex_o_reg[20]  (sky130_fd_sc_ls__sdfrtp_1) D
[1]      met3:  Area: 16.7189  S.Area: 90.0960  G.Area:  0.1590  D.Area:  0.0000
                Fact:  1.0000     PAR:566.6415   Ratio:400.0000       (S.Area)
pulpino_top_inst/core_region_i/FE_OFN11400_CORE_RISCV_CORE_id_stage_i_n_99760 (4)
  pulpino_top_inst/core_region_i/CORE.RISCV_CORE_id_stage_i_mult_operand_a_ex_o_reg[21]  (sky130_fd_sc_ls__sdfrtp_1) D
[1]      met4:  Area: 54.2388  S.Area:282.8800  G.Area:  0.1590  D.Area:  0.0000
                Fact:  1.0000     PAR:1.7791e+03   Ratio:400.0000       (S.Area)
[1]      via4:  Area:  1.2800  S.Area:  0.0000  G.Area:  0.1590  D.Area:  0.0000
                Fact:  1.0000     PAR:  8.0503   Ratio:  6.0000       (Area)
pulpino_top_inst/core_region_i/FE_OFN11278_CORE_RISCV_CORE_id_stage_i_n_99957 (4)
  pulpino_top_inst/core_region_i/CORE.RISCV_CORE_id_stage_i_alu_operand_c_ex_o_reg[17]  (sky130_fd_sc_ls__sdfrtp_1) D
[1]      met4:  Area: 57.8899  S.Area:306.9680  G.Area:  0.4770  D.Area:  0.0000
                Fact:  1.0000     PAR:643.5388   Ratio:400.0000       (S.Area)
  pulpino_top_inst/core_region_i/CORE.RISCV_CORE_id_stage_i_mult_dot_op_c_ex_o_reg[17]  (sky130_fd_sc_ls__sdfrtp_1) D
[1]      met3:  Area: 15.6101  S.Area: 83.7120  G.Area:  0.1590  D.Area:  0.0000
                Fact:  1.0000     PAR:526.4906   Ratio:400.0000       (S.Area)
[1]      met4:  Area: 57.8899  S.Area:306.9680  G.Area:  0.4770  D.Area:  0.0000
                Fact:  1.0000     PAR:643.5388   Ratio:400.0000       (S.Area)
  pulpino_top_inst/core_region_i/CORE.RISCV_CORE_id_stage_i_mult_operand_c_ex_o_reg[17]  (sky130_fd_sc_ls__sdfrtp_1) SCD
[1]      met4:  Area: 57.8899  S.Area:306.9680  G.Area:  0.4770  D.Area:  0.0000
                Fact:  1.0000     PAR:643.5388   Ratio:400.0000       (S.Area)
pulpino_top_inst/core_region_i/FE_OFN11108_FE_OFN2383_instr_mem_boot_rom_wrap_i_boot_code_i_A_Q_3 (19)
  pulpino_top_inst/core_region_i/g88019  (sky130_fd_sc_ls__o2111ai_1) A1
[1]      met3:  Area: 35.9336  S.Area:192.1040  G.Area:  0.2790  D.Area:  0.0000
                Fact:  1.0000     PAR:688.5448   Ratio:400.0000       (S.Area)
pulpino_top_inst/core_region_i/FE_OFN11048_CORE_RISCV_CORE_id_stage_i_n_105166 (3)
  pulpino_top_inst/core_region_i/CORE.RISCV_CORE_id_stage_i_g119236  (sky130_fd_sc_ls__nor2_1) B
[1]      met4:  Area: 40.0612  S.Area:211.4160  G.Area:  0.4870  D.Area:  0.0000
                Fact:  1.0000     PAR:434.1191   Ratio:400.0000       (S.Area)
  pulpino_top_inst/core_region_i/CORE.RISCV_CORE_id_stage_i_g120976  (sky130_fd_sc_ls__nor2b_1) B_N
[1]      met4:  Area: 40.0612  S.Area:211.4160  G.Area:  0.4870  D.Area:  0.0000
                Fact:  1.0000     PAR:434.1191   Ratio:400.0000       (S.Area)
pulpino_top_inst/core_region_i/FE_OFN10914_CORE_RISCV_CORE_id_stage_i_n_99748 (4)
  pulpino_top_inst/core_region_i/CORE.RISCV_CORE_id_stage_i_mult_dot_op_c_ex_o_reg[19]  (sky130_fd_sc_ls__sdfrtp_1) D
[1]      met3:  Area: 12.2455  S.Area: 66.0640  G.Area:  0.1590  D.Area:  0.0000
                Fact:  1.0000     PAR:415.4969   Ratio:400.0000       (S.Area)
  pulpino_top_inst/core_region_i/CORE.RISCV_CORE_id_stage_i_mult_operand_c_ex_o_reg[19]  (sky130_fd_sc_ls__sdfrtp_1) SCD
[1]      met3:  Area: 12.4886  S.Area: 67.0640  G.Area:  0.1590  D.Area:  0.0000
                Fact:  1.0000     PAR:421.7862   Ratio:400.0000       (S.Area)
pulpino_top_inst/core_region_i/FE_OFN10768_CORE_RISCV_CORE_csr_rdata_15 (4)
  pulpino_top_inst/core_region_i/g67504  (sky130_fd_sc_ls__a221o_1) B1
[1]      met3:  Area: 20.8840  S.Area:111.8480  G.Area:  0.2460  D.Area:  0.0000
                Fact:  1.0000     PAR:454.6667   Ratio:400.0000       (S.Area)
pulpino_top_inst/core_region_i/FE_OFN10746_CORE_RISCV_CORE_id_stage_i_n_99953 (4)
  pulpino_top_inst/core_region_i/CORE.RISCV_CORE_id_stage_i_mult_operand_a_ex_o_reg[31]  (sky130_fd_sc_ls__sdfrtp_1) D
[1]      met3:  Area: 22.7960  S.Area:122.5120  G.Area:  0.1590  D.Area:  0.0000
                Fact:  1.0000     PAR:770.5157   Ratio:400.0000       (S.Area)
pulpino_top_inst/core_region_i/FE_OFN10613_CORE_RISCV_CORE_id_stage_i_n_99678 (4)
  pulpino_top_inst/core_region_i/CORE.RISCV_CORE_id_stage_i_mult_operand_a_ex_o_reg[22]  (sky130_fd_sc_ls__sdfrtp_1) D
[1]      met2:  Area: 15.8686  S.Area: 78.8830  G.Area:  0.1590  D.Area:  0.0000
                Fact:  1.0000     PAR:496.1195   Ratio:400.0000       (S.Area)
pulpino_top_inst/core_region_i/FE_OFN10579_CORE_RISCV_CORE_id_stage_i_n_99703 (4)
  pulpino_top_inst/core_region_i/CORE.RISCV_CORE_id_stage_i_mult_operand_a_ex_o_reg[18]  (sky130_fd_sc_ls__sdfrtp_1) D
[1]      met3:  Area: 14.5820  S.Area: 78.7040  G.Area:  0.1590  D.Area:  0.0000
                Fact:  1.0000     PAR:494.9937   Ratio:400.0000       (S.Area)
pulpino_top_inst/FE_OFN10509_accelerator_i_axi_mem_rdata_acc_20 (3)
  pulpino_top_inst/g45750  (sky130_fd_sc_ls__mux2_1) A0
[1]      met4:  Area: 65.1803  S.Area:340.7840  G.Area:  0.2610  D.Area:  0.0000
                Fact:  1.0000     PAR:1.3057e+03   Ratio:400.0000       (S.Area)
pulpino_top_inst/core_region_i/FE_OFN10459_CORE_RISCV_CORE_id_stage_i_n_67997 (2)
  pulpino_top_inst/core_region_i/FE_PDC16302_FE_OFN10459_CORE_RISCV_CORE_id_stage_i_n_67997  (sky130_fd_sc_ls__clkbuf_4) A
[1]      met2:  Area: 24.0293  S.Area:119.8575  G.Area:  0.2310  D.Area:  0.0000
                Fact:  1.0000     PAR:518.8636   Ratio:400.0000       (S.Area)
pulpino_top_inst/core_region_i/FE_OFN10440_CORE_RISCV_CORE_id_stage_i_n_99679 (4)
  pulpino_top_inst/core_region_i/CORE.RISCV_CORE_id_stage_i_alu_operand_a_ex_o_reg[23]  (sky130_fd_sc_ls__sdfrtp_1) D
[1]      met4:  Area: 50.7298  S.Area:269.2560  G.Area:  0.4770  D.Area:  0.0000
                Fact:  1.0000     PAR:564.4780   Ratio:400.0000       (S.Area)
  pulpino_top_inst/core_region_i/CORE.RISCV_CORE_id_stage_i_mult_dot_op_a_ex_o_reg[23]  (sky130_fd_sc_ls__sdfrtp_1) D
[1]      met4:  Area: 50.7298  S.Area:269.2560  G.Area:  0.4770  D.Area:  0.0000
                Fact:  1.0000     PAR:564.4780   Ratio:400.0000       (S.Area)
  pulpino_top_inst/core_region_i/CORE.RISCV_CORE_id_stage_i_mult_operand_a_ex_o_reg[23]  (sky130_fd_sc_ls__sdfrtp_1) D
[1]      met3:  Area: 17.7560  S.Area: 95.6320  G.Area:  0.1590  D.Area:  0.0000
                Fact:  1.0000     PAR:601.4591   Ratio:400.0000       (S.Area)
[1]      met4:  Area: 50.7298  S.Area:269.2560  G.Area:  0.4770  D.Area:  0.0000
                Fact:  1.0000     PAR:564.4780   Ratio:400.0000       (S.Area)
pulpino_top_inst/core_region_i/FE_OFN10108_instr_mem_addr_7 (3)
  pulpino_top_inst/core_region_i/FE_OFC15134_FE_OFN109823_FE_OFN10771_FE_OFN10242_n  (sky130_fd_sc_ls__bufbuf_16) A
[1]      met3:  Area: 50.7524  S.Area:271.5440  G.Area:  0.2790  D.Area:  0.0000
                Fact:  1.0000     PAR:973.2760   Ratio:400.0000       (S.Area)
pulpino_top_inst/core_region_i/FE_OFN10072_CORE_RISCV_CORE_id_stage_i_n_99335 (3)
  pulpino_top_inst/core_region_i/FE_PDC16259_FE_OFN10072_CORE_RISCV_CORE_id_stage_i_n_99335  (sky130_fd_sc_ls__clkbuf_2) A
[1]      met3:  Area: 24.0808  S.Area:129.3680  G.Area:  0.2310  D.Area:  0.0000
                Fact:  1.0000     PAR:560.0346   Ratio:400.0000       (S.Area)
pulpino_top_inst/core_region_i/FE_OFN10069_CORE_RISCV_CORE_id_stage_i_n_99297 (3)
  pulpino_top_inst/core_region_i/FE_PDC16274_FE_OFN10069_CORE_RISCV_CORE_id_stage_i_n_99297  (sky130_fd_sc_ls__clkbuf_2) A
[1]      met3:  Area: 17.4040  S.Area: 93.2880  G.Area:  0.2310  D.Area:  0.0000
                Fact:  1.0000     PAR:403.8442   Ratio:400.0000       (S.Area)
pulpino_top_inst/core_region_i/FE_OFN10031_CORE_RISCV_CORE_id_stage_i_n_99758 (3)
  pulpino_top_inst/core_region_i/CORE.RISCV_CORE_id_stage_i_mult_dot_op_c_ex_o_reg[29]  (sky130_fd_sc_ls__sdfrtp_1) D
[1]      met3:  Area: 13.0700  S.Area: 70.6400  G.Area:  0.1590  D.Area:  0.0000
                Fact:  1.0000     PAR:444.2767   Ratio:400.0000       (S.Area)
pulpino_top_inst/core_region_i/FE_OFN10029_CORE_RISCV_CORE_id_stage_i_n_99745 (4)
  pulpino_top_inst/core_region_i/CORE.RISCV_CORE_id_stage_i_alu_operand_c_ex_o_reg[15]  (sky130_fd_sc_ls__sdfrtp_4) D
[1]      met3:  Area: 16.4020  S.Area: 87.9440  G.Area:  0.1590  D.Area:  0.0000
                Fact:  1.0000     PAR:553.1069   Ratio:400.0000       (S.Area)
  pulpino_top_inst/core_region_i/CORE.RISCV_CORE_id_stage_i_mult_operand_c_ex_o_reg[15]  (sky130_fd_sc_ls__sdfrtp_1) SCD
[1]      met3:  Area: 35.4956  S.Area:189.7680  G.Area:  0.1590  D.Area:  0.0000
                Fact:  1.0000     PAR:1.1935e+03   Ratio:400.0000       (S.Area)
pulpino_top_inst/core_region_i/FE_OFN10026_CORE_RISCV_CORE_id_stage_i_n_99742 (4)
  pulpino_top_inst/core_region_i/CORE.RISCV_CORE_id_stage_i_mult_dot_op_c_ex_o_reg[12]  (sky130_fd_sc_ls__sdfrtp_1) D
[1]      met3:  Area: 13.0640  S.Area: 70.6080  G.Area:  0.1590  D.Area:  0.0000
                Fact:  1.0000     PAR:444.0755   Ratio:400.0000       (S.Area)
pulpino_top_inst/core_region_i/FE_OFN9960_CORE_RISCV_CORE_id_stage_i_n_109703 (19)
  pulpino_top_inst/core_region_i/CORE.RISCV_CORE_id_stage_i_g117485  (sky130_fd_sc_ls__a222o_1) B1
[1]      met3:  Area: 18.7151  S.Area:100.2720  G.Area:  0.2460  D.Area:  0.0000
                Fact:  1.0000     PAR:407.6098   Ratio:400.0000       (S.Area)
pulpino_top_inst/core_region_i/FE_OFN9861_CORE_RISCV_CORE_id_stage_i_n_99753 (4)
  pulpino_top_inst/core_region_i/CORE.RISCV_CORE_id_stage_i_mult_operand_c_ex_o_reg[24]  (sky130_fd_sc_ls__sdfrtp_1) SCD
[1]      met3:  Area: 20.8460  S.Area:112.1120  G.Area:  0.1590  D.Area:  0.0000
                Fact:  1.0000     PAR:705.1069   Ratio:400.0000       (S.Area)
pulpino_top_inst/core_region_i/FE_OFN9860_CORE_RISCV_CORE_id_stage_i_n_99750 (4)
  pulpino_top_inst/core_region_i/CORE.RISCV_CORE_id_stage_i_mult_dot_op_c_ex_o_reg[21]  (sky130_fd_sc_ls__sdfrtp_1) D
[1]      met3:  Area: 13.9662  S.Area: 75.4000  G.Area:  0.1590  D.Area:  0.0000
                Fact:  1.0000     PAR:474.2138   Ratio:400.0000       (S.Area)
pulpino_top_inst/core_region_i/FE_OFN9859_CORE_RISCV_CORE_id_stage_i_n_99749 (3)
  pulpino_top_inst/core_region_i/CORE.RISCV_CORE_id_stage_i_mult_operand_c_ex_o_reg[20]  (sky130_fd_sc_ls__sdfrtp_1) SCD
[1]      met3:  Area: 14.1310  S.Area: 75.8320  G.Area:  0.1590  D.Area:  0.0000
                Fact:  1.0000     PAR:476.9308   Ratio:400.0000       (S.Area)
pulpino_top_inst/core_region_i/FE_OFN9857_CORE_RISCV_CORE_id_stage_i_n_99747 (3)
  pulpino_top_inst/core_region_i/CORE.RISCV_CORE_id_stage_i_mult_dot_op_c_ex_o_reg[18]  (sky130_fd_sc_ls__sdfrtp_1) D
[1]      via4:  Area:  1.2800  S.Area:  0.0000  G.Area:  0.1590  D.Area:  0.0000
                Fact:  1.0000     PAR:  8.0503   Ratio:  6.0000       (Area)
  pulpino_top_inst/core_region_i/CORE.RISCV_CORE_id_stage_i_mult_operand_c_ex_o_reg[18]  (sky130_fd_sc_ls__sdfrtp_1) SCD
[1]      met4:  Area: 14.0536  S.Area: 71.7680  G.Area:  0.1590  D.Area:  0.0000
                Fact:  1.0000     PAR:451.3711   Ratio:400.0000       (S.Area)
pulpino_top_inst/core_region_i/FE_OFN9852_CORE_RISCV_CORE_id_stage_i_n_99738 (4)
  pulpino_top_inst/core_region_i/CORE.RISCV_CORE_id_stage_i_mult_operand_c_ex_o_reg[8]  (sky130_fd_sc_ls__sdfrtp_4) SCD
[1]      met3:  Area: 14.0350  S.Area: 75.3200  G.Area:  0.1590  D.Area:  0.0000
                Fact:  1.0000     PAR:473.7107   Ratio:400.0000       (S.Area)
pulpino_top_inst/core_region_i/FE_OFN9831_axi_instr_rdata_17 (11)
  pulpino_top_inst/core_region_i/instr_mem_axi_if_axi_mem_if_SP_i_READ_CTRL_RDATA_REG_reg[17]  (sky130_fd_sc_ls__sdfrtp_1) SCD
[1]      met2:  Area: 34.1450  S.Area:169.9110  G.Area:  0.4200  D.Area:  0.0000
                Fact:  1.0000     PAR:404.5500   Ratio:400.0000       (S.Area)
  pulpino_top_inst/core_region_i/g54443  (sky130_fd_sc_ls__mux2_1) A0
[1]      met2:  Area: 34.1450  S.Area:169.9110  G.Area:  0.4200  D.Area:  0.0000
                Fact:  1.0000     PAR:404.5500   Ratio:400.0000       (S.Area)
pulpino_top_inst/FE_OFN9825_peripherals_i_n_71668 (2)
  pulpino_top_inst/peripherals_i_axi2apb_i_genblk1.axi2apb_i_RDATA_Q_reg[25]  (sky130_fd_sc_ls__sdfrtp_1) D
[1]      met4:  Area: 22.1056  S.Area:114.7120  G.Area:  0.1590  D.Area:  0.0000
                Fact:  1.0000     PAR:721.4591   Ratio:400.0000       (S.Area)
pulpino_top_inst/FE_OFN9822_peripherals_i_n_71630 (2)
  pulpino_top_inst/peripherals_i_axi2apb_i_genblk1.axi2apb_i_RDATA_Q_reg[20]  (sky130_fd_sc_ls__sdfrtp_1) D
[1]      met4:  Area: 30.6868  S.Area:160.0080  G.Area:  0.1590  D.Area:  0.0000
                Fact:  1.0000     PAR:1.0063e+03   Ratio:400.0000       (S.Area)
pulpino_top_inst/FE_OFN9821_peripherals_i_n_71629 (2)
  pulpino_top_inst/peripherals_i_axi2apb_i_genblk1.axi2apb_i_RDATA_Q_reg[17]  (sky130_fd_sc_ls__sdfrtp_1) D
[1]      met3:  Area: 12.2980  S.Area: 66.0560  G.Area:  0.1590  D.Area:  0.0000
                Fact:  1.0000     PAR:415.4465   Ratio:400.0000       (S.Area)
pulpino_top_inst/core_region_i/FE_OFN9677_CORE_RISCV_CORE_id_stage_i_n_99959 (3)
  pulpino_top_inst/core_region_i/CORE.RISCV_CORE_id_stage_i_alu_operand_c_ex_o_reg[31]  (sky130_fd_sc_ls__sdfrtp_1) D
[1]      met3:  Area: 25.9196  S.Area:138.6960  G.Area:  0.1590  D.Area:  0.0000
                Fact:  1.0000     PAR:872.3019   Ratio:400.0000       (S.Area)
pulpino_top_inst/core_region_i/FE_OFN9653_CORE_RISCV_CORE_dbg_reg_rdata_2 (2)
  pulpino_top_inst/core_region_i/FE_PDC16377_FE_OFN9653_CORE_RISCV_CORE_dbg_reg_rdata_2  (sky130_fd_sc_ls__clkbuf_2) A
[1]      met3:  Area: 22.6330  S.Area:121.1760  G.Area:  0.2310  D.Area:  0.0000
                Fact:  1.0000     PAR:524.5714   Ratio:400.0000       (S.Area)
pulpino_top_inst/core_region_i/FE_OFN9646_CORE_RISCV_CORE_dbg_reg_rdata_15 (3)
  pulpino_top_inst/core_region_i/CORE.RISCV_CORE_id_stage_i_g119080  (sky130_fd_sc_ls__a222oi_1) A1
[1]      met3:  Area: 29.3558  S.Area:157.9680  G.Area:  0.2460  D.Area:  0.0000
                Fact:  1.0000     PAR:642.1463   Ratio:400.0000       (S.Area)
pulpino_top_inst/FE_OFN9429_peripherals_i_n_72395 (2)
  pulpino_top_inst/peripherals_i_g97211  (sky130_fd_sc_ls__nand4_1) B
[1]      met3:  Area: 21.2320  S.Area:113.7040  G.Area:  0.2790  D.Area:  0.0000
                Fact:  1.0000     PAR:407.5412   Ratio:400.0000       (S.Area)
pulpino_top_inst/core_region_i/FE_OFN9247_CORE_RISCV_CORE_dbg_reg_rdata_3 (2)
  pulpino_top_inst/core_region_i/FE_PDC16724_FE_OFN9247_CORE_RISCV_CORE_dbg_reg_rdata_3  (sky130_fd_sc_ls__clkbuf_4) A
[1]      met5:  Area:930.8800  S.Area:1.4117e+03  G.Area:  0.2310  D.Area:  1.8417
                Fact:  1.0000     PAR:6.1112e+03   Ratio:3.3367e+03       (S.Area)
pulpino_top_inst/core_region_i/FE_OFN9245_CORE_RISCV_CORE_dbg_reg_rdata_11 (3)
  pulpino_top_inst/core_region_i/CORE.RISCV_CORE_id_stage_i_g119145  (sky130_fd_sc_ls__a222oi_1) A1
[1]      met3:  Area: 35.1161  S.Area:187.7440  G.Area:  0.2460  D.Area:  0.0000
                Fact:  1.0000     PAR:763.1870   Ratio:400.0000       (S.Area)
pulpino_top_inst/core_region_i/FE_OFN9244_CORE_RISCV_CORE_dbg_reg_rdata_16 (3)
  pulpino_top_inst/core_region_i/CORE.RISCV_CORE_id_stage_i_g119131  (sky130_fd_sc_ls__a222oi_1) A1
[1]      met3:  Area: 35.0030  S.Area:187.6160  G.Area:  0.2460  D.Area:  0.0000
                Fact:  1.0000     PAR:762.6667   Ratio:400.0000       (S.Area)
pulpino_top_inst/core_region_i/FE_OFN9216_CORE_RISCV_CORE_ex_stage_i_alu_result_21 (2)
  pulpino_top_inst/core_region_i/g67498  (sky130_fd_sc_ls__a221o_2) A1
[1]      met4:  Area: 73.7020  S.Area:391.3040  G.Area:  0.2610  D.Area:  0.0000
                Fact:  1.0000     PAR:1.4992e+03   Ratio:400.0000       (S.Area)
pulpino_top_inst/core_region_i/FE_OFN9214_CORE_RISCV_CORE_ex_stage_i_alu_result_23 (2)
  pulpino_top_inst/core_region_i/FE_PDC16725_FE_OFN9214_CORE_RISCV_CORE_ex_stage_i_alu_result_23  (sky130_fd_sc_ls__clkbuf_2) A
[1]      met2:  Area: 27.9719  S.Area:139.6885  G.Area:  0.2310  D.Area:  0.0000
                Fact:  1.0000     PAR:604.7121   Ratio:400.0000       (S.Area)
pulpino_top_inst/core_region_i/FE_OFN9213_CORE_RISCV_CORE_ex_stage_i_alu_result_24 (2)
  pulpino_top_inst/core_region_i/g67495  (sky130_fd_sc_ls__a221o_2) A1
[1]      met4:  Area: 20.5401  S.Area:106.8080  G.Area:  0.2610  D.Area:  0.0000
                Fact:  1.0000     PAR:409.2261   Ratio:400.0000       (S.Area)
[1]      met5:  Area:1.0371e+03  S.Area:1.5634e+03  G.Area:  0.2610  D.Area:  1.8417
                Fact:  1.0000     PAR:5.9899e+03   Ratio:3.3367e+03       (S.Area)
pulpino_top_inst/core_region_i/FE_OFN9211_CORE_RISCV_CORE_ex_stage_i_alu_result_26 (2)
  pulpino_top_inst/core_region_i/g67493  (sky130_fd_sc_ls__a221o_2) A1
[1]      met5:  Area:633.1520  S.Area:957.4080  G.Area:  0.2610  D.Area:  1.8417
                Fact:  1.0000     PAR:3.6682e+03   Ratio:3.3367e+03       (S.Area)
pulpino_top_inst/core_region_i/FE_OFN9208_CORE_RISCV_CORE_ex_stage_i_alu_result_29 (2)
  pulpino_top_inst/core_region_i/FE_PDC16767_FE_OFN9208_CORE_RISCV_CORE_ex_stage_i_alu_result_29  (sky130_fd_sc_ls__buf_1) A
[1]      met3:  Area: 24.1780  S.Area:129.4160  G.Area:  0.2080  D.Area:  0.0000
                Fact:  1.0000     PAR:622.1923   Ratio:400.0000       (S.Area)
pulpino_top_inst/FE_OFN9126_peripherals_i_n_72502 (2)
  pulpino_top_inst/peripherals_i_g97406  (sky130_fd_sc_ls__a221o_1) C1
[1]      met3:  Area: 22.7440  S.Area:121.7680  G.Area:  0.2460  D.Area:  0.0000
                Fact:  1.0000     PAR:494.9919   Ratio:400.0000       (S.Area)
pulpino_top_inst/core_region_i/FE_OFN8913_CORE_RISCV_CORE_csr_rdata_31 (3)
  pulpino_top_inst/core_region_i/g67488  (sky130_fd_sc_ls__a221o_2) B1
[1]      met3:  Area: 40.7620  S.Area:217.8640  G.Area:  0.2610  D.Area:  0.0000
                Fact:  1.0000     PAR:834.7280   Ratio:400.0000       (S.Area)
pulpino_top_inst/FE_OFN8825_peripherals_i_n_74322 (2)
  pulpino_top_inst/peripherals_i_g98044  (sky130_fd_sc_ls__a2111oi_1) B1
[1]      met4:  Area: 31.3304  S.Area:163.5120  G.Area:  0.2790  D.Area:  0.0000
                Fact:  1.0000     PAR:586.0645   Ratio:400.0000       (S.Area)
pulpino_top_inst/FE_OFN8753_peripherals_i_s_uart_bus_prdata_2 (2)
  pulpino_top_inst/peripherals_i_g96900  (sky130_fd_sc_ls__a221oi_1) A1
[1]      met5:  Area:923.6480  S.Area:1.3932e+03  G.Area:  0.2790  D.Area:  1.8417
                Fact:  1.0000     PAR:4.9934e+03   Ratio:3.3367e+03       (S.Area)
pulpino_top_inst/core_region_i/FE_OFN8438_n_2274 (4)
  pulpino_top_inst/core_region_i/g88619  (sky130_fd_sc_ls__nand2b_1) B
[1]      met3:  Area: 32.1689  S.Area:174.8480  G.Area:  0.2790  D.Area:  0.0000
                Fact:  1.0000     PAR:626.6953   Ratio:400.0000       (S.Area)
pulpino_top_inst/core_region_i/FE_OFN8435_n_2203 (2)
  pulpino_top_inst/core_region_i/g88178  (sky130_fd_sc_ls__nand4_1) C
[1]      met4:  Area:124.5214  S.Area:661.4000  G.Area:  0.2790  D.Area:  0.0000
                Fact:  1.0000     PAR:2.3706e+03   Ratio:400.0000       (S.Area)
pulpino_top_inst/core_region_i/FE_OFN8327_CORE_RISCV_CORE_csr_rdata_23 (4)
  pulpino_top_inst/core_region_i/g67496  (sky130_fd_sc_ls__a221o_2) B1
[1]      met3:  Area: 34.2310  S.Area:183.0320  G.Area:  0.2610  D.Area:  0.0000
                Fact:  1.0000     PAR:701.2720   Ratio:400.0000       (S.Area)
pulpino_top_inst/core_region_i/FE_OFN8319_CORE_RISCV_CORE_lsu_rdata_8 (7)
  pulpino_top_inst/core_region_i/CORE.RISCV_CORE_id_stage_i_g119143  (sky130_fd_sc_ls__a222oi_1) B2
[1]      met3:  Area: 22.6190  S.Area:121.5680  G.Area:  0.2460  D.Area:  0.0000
                Fact:  1.0000     PAR:494.1789   Ratio:400.0000       (S.Area)
pulpino_top_inst/core_region_i/FE_OFN8318_CORE_RISCV_CORE_lsu_rdata_9 (5)
  pulpino_top_inst/core_region_i/FE_PDC16749_FE_OFN8318_CORE_RISCV_CORE_lsu_rdata_9  (sky130_fd_sc_ls__clkbuf_2) A
[1]      met2:  Area: 39.5458  S.Area:197.4140  G.Area:  0.2310  D.Area:  0.0000
                Fact:  1.0000     PAR:854.6061   Ratio:400.0000       (S.Area)
pulpino_top_inst/core_region_i/FE_OFN8316_CORE_RISCV_CORE_lsu_rdata_14 (5)
  pulpino_top_inst/core_region_i/FE_PDC16512_FE_OFN8316_CORE_RISCV_CORE_lsu_rdata_14  (sky130_fd_sc_ls__buf_1) A
[1]      met4:  Area: 20.9060  S.Area:108.7600  G.Area:  0.2080  D.Area:  0.0000
                Fact:  1.0000     PAR:522.8846   Ratio:400.0000       (S.Area)
pulpino_top_inst/core_region_i/FE_OFN8159_debug_wdata_8 (3)
  pulpino_top_inst/core_region_i/CORE.RISCV_CORE_id_stage_i_g119851  (sky130_fd_sc_ls__mux2_2) A1
[1]      met4:  Area: 37.6498  S.Area:198.5600  G.Area:  0.4200  D.Area:  0.0000
                Fact:  1.0000     PAR:472.7619   Ratio:400.0000       (S.Area)
  pulpino_top_inst/core_region_i/CORE.RISCV_CORE_debug_unit_i_wdata_q_reg[8]  (sky130_fd_sc_ls__sdfrtp_4) SCD
[1]      met3:  Area: 14.7190  S.Area: 78.9680  G.Area:  0.1590  D.Area:  0.0000
                Fact:  1.0000     PAR:496.6541   Ratio:400.0000       (S.Area)
[1]      met4:  Area: 37.6498  S.Area:198.5600  G.Area:  0.4200  D.Area:  0.0000
                Fact:  1.0000     PAR:472.7619   Ratio:400.0000       (S.Area)
pulpino_top_inst/core_region_i/FE_OFN8156_debug_wdata_11 (4)
  pulpino_top_inst/core_region_i/CORE.RISCV_CORE_id_stage_i_g119849  (sky130_fd_sc_ls__mux2_1) A1
[1]      met4:  Area: 61.8517  S.Area:328.5680  G.Area:  0.5790  D.Area:  0.0000
                Fact:  1.0000     PAR:567.4750   Ratio:400.0000       (S.Area)
  pulpino_top_inst/core_region_i/CORE.RISCV_CORE_debug_unit_i_settings_q_reg[4]  (sky130_fd_sc_ls__sdfrtp_1) D
[1]      met4:  Area: 61.8517  S.Area:328.5680  G.Area:  0.5790  D.Area:  0.0000
                Fact:  1.0000     PAR:567.4750   Ratio:400.0000       (S.Area)
  pulpino_top_inst/core_region_i/CORE.RISCV_CORE_debug_unit_i_wdata_q_reg[11]  (sky130_fd_sc_ls__sdfrtp_1) SCD
[1]      met4:  Area: 61.8517  S.Area:328.5680  G.Area:  0.5790  D.Area:  0.0000
                Fact:  1.0000     PAR:567.4750   Ratio:400.0000       (S.Area)
pulpino_top_inst/accelerator_i_accel_wrapper_inst_accel_fsm_inst_keccak_inst/FE_OFN7820_n_6842 (2)
  pulpino_top_inst/accelerator_i_accel_wrapper_inst_accel_fsm_inst_keccak_inst/FE_OFC12121_n_6842  (sky130_fd_sc_ls__bufinv_8) A
[1]      met4:  Area: 26.1316  S.Area:136.1840  G.Area:  0.2790  D.Area:  0.0000
                Fact:  1.0000     PAR:488.1147   Ratio:400.0000       (S.Area)
pulpino_top_inst/core_region_i/FE_OFN6460_n_2235 (19)
  pulpino_top_inst/core_region_i/g88593  (sky130_fd_sc_ls__o221a_1) A2
[1]      met3:  Area: 28.2059  S.Area:151.3600  G.Area:  0.2460  D.Area:  0.0000
                Fact:  1.0000     PAR:615.2846   Ratio:400.0000       (S.Area)
pulpino_top_inst/core_region_i/FE_OFN6447_n_2170 (4)
  pulpino_top_inst/core_region_i/g88005  (sky130_fd_sc_ls__o221ai_1) B2
[1]      met2:  Area: 25.4015  S.Area:126.8365  G.Area:  0.2790  D.Area:  0.0000
                Fact:  1.0000     PAR:454.6111   Ratio:400.0000       (S.Area)
pulpino_top_inst/FE_OFN6291_peripherals_i_n_78403 (6)
  pulpino_top_inst/peripherals_i_apb_spi_master_i_u_axiregs_spi_addr_reg[9]  (sky130_fd_sc_ls__sdfrtp_1) SCD
[1]      met3:  Area: 15.2560  S.Area: 81.8320  G.Area:  0.1590  D.Area:  0.0000
                Fact:  1.0000     PAR:514.6667   Ratio:400.0000       (S.Area)
pulpino_top_inst/FE_OFN6184_slaves_2__w_data_18 (3)
  pulpino_top_inst/peripherals_i_axi2apb_i_genblk1.axi2apb_i_Slave_w_buffer_buffer_i_FIFO_REGISTERS_reg[0][19]  (sky130_fd_sc_ls__sdfrtp_1) SCD
[1]      met4:  Area: 26.4004  S.Area:138.0880  G.Area:  0.3180  D.Area:  0.0000
                Fact:  1.0000     PAR:434.2390   Ratio:400.0000       (S.Area)
  pulpino_top_inst/peripherals_i_axi2apb_i_genblk1.axi2apb_i_Slave_w_buffer_buffer_i_FIFO_REGISTERS_reg[1][19]  (sky130_fd_sc_ls__sdfrtp_1) D
[1]      met4:  Area: 26.4004  S.Area:138.0880  G.Area:  0.3180  D.Area:  0.0000
                Fact:  1.0000     PAR:434.2390   Ratio:400.0000       (S.Area)
pulpino_top_inst/FE_OFN6180_slaves_2__w_data_22 (3)
  pulpino_top_inst/peripherals_i_axi2apb_i_genblk1.axi2apb_i_Slave_w_buffer_buffer_i_FIFO_REGISTERS_reg[0][23]  (sky130_fd_sc_ls__sdfrtp_1) SCD
[1]      met4:  Area: 45.9458  S.Area:242.7760  G.Area:  0.3180  D.Area:  0.0000
                Fact:  1.0000     PAR:763.4465   Ratio:400.0000       (S.Area)
  pulpino_top_inst/peripherals_i_axi2apb_i_genblk1.axi2apb_i_Slave_w_buffer_buffer_i_FIFO_REGISTERS_reg[1][23]  (sky130_fd_sc_ls__sdfrtp_1) D
[1]      met4:  Area: 45.9458  S.Area:242.7760  G.Area:  0.3180  D.Area:  0.0000
                Fact:  1.0000     PAR:763.4465   Ratio:400.0000       (S.Area)
pulpino_top_inst/FE_OFN6159_accelerator_i_accel_wrapper_inst_mem_be_a_int_3 (2)
  pulpino_top_inst/FE_PDC16359_FE_OFN6159_accelerator_i_accel_wrapper_inst_mem_be_a_int_3  (sky130_fd_sc_ls__clkbuf_2) A
[1]      met5:  Area:716.2240  S.Area:1.0782e+03  G.Area:  0.2310  D.Area:  4.3904
                Fact:  1.0000     PAR:4.6674e+03   Ratio:4.3562e+03       (S.Area)
pulpino_top_inst/FE_OFN6127_accelerator_i_accel_wrapper_inst_mem_wdata_a_int_25 (2)
  pulpino_top_inst/FE_PDC16763_FE_OFN6127_accelerator_i_accel_wrapper_inst_mem_wdata_a_int_25  (sky130_fd_sc_ls__buf_1) A
[1]      met5:  Area:1.2504e+03  S.Area:1.8833e+03  G.Area:  0.2080  D.Area:  3.2424
                Fact:  1.0000     PAR:9.0545e+03   Ratio:3.8970e+03       (S.Area)
pulpino_top_inst/core_region_i/FE_OFN5820_n_2237 (12)
  pulpino_top_inst/core_region_i/g88542  (sky130_fd_sc_ls__o211ai_1) A2
[1]      met3:  Area: 67.6760  S.Area:361.8720  G.Area:  0.5580  D.Area:  0.0000
                Fact:  1.0000     PAR:648.5161   Ratio:400.0000       (S.Area)
  pulpino_top_inst/core_region_i/g89148  (sky130_fd_sc_ls__nand2_1) A
[1]      met3:  Area: 67.6760  S.Area:361.8720  G.Area:  0.5580  D.Area:  0.0000
                Fact:  1.0000     PAR:648.5161   Ratio:400.0000       (S.Area)
pulpino_top_inst/core_region_i/FE_OFN5816_n_2231 (14)
  pulpino_top_inst/core_region_i/g88866  (sky130_fd_sc_ls__o2bb2ai_1) A2_N
[1]      met3:  Area: 17.5540  S.Area: 94.0880  G.Area:  0.2220  D.Area:  0.0000
                Fact:  1.0000     PAR:423.8198   Ratio:400.0000       (S.Area)
pulpino_top_inst/core_region_i/FE_OFN5810_n_2099 (9)
  pulpino_top_inst/core_region_i/g88400  (sky130_fd_sc_ls__a2111o_1) A2
[1]      met3:  Area: 18.6730  S.Area:100.0560  G.Area:  0.2460  D.Area:  0.0000
                Fact:  1.0000     PAR:406.7317   Ratio:400.0000       (S.Area)
  pulpino_top_inst/core_region_i/g89570  (sky130_fd_sc_ls__inv_1) A
[1]      met3:  Area: 39.8606  S.Area:213.0480  G.Area:  0.2790  D.Area:  0.0000
                Fact:  1.0000     PAR:763.6129   Ratio:400.0000       (S.Area)
pulpino_top_inst/core_region_i/FE_OFN5805_n_2086 (10)
  pulpino_top_inst/core_region_i/g88421  (sky130_fd_sc_ls__a31oi_1) A1
[1]      met3:  Area: 38.8251  S.Area:207.9920  G.Area:  0.2790  D.Area:  0.0000
                Fact:  1.0000     PAR:745.4910   Ratio:400.0000       (S.Area)
  pulpino_top_inst/core_region_i/g89330  (sky130_fd_sc_ls__a22oi_1) B1
[1]      met3:  Area: 25.0895  S.Area:134.2720  G.Area:  0.2790  D.Area:  0.0000
                Fact:  1.0000     PAR:481.2616   Ratio:400.0000       (S.Area)
pulpino_top_inst/core_region_i/FE_OFN5790_n_2043 (20)
  pulpino_top_inst/core_region_i/g88315  (sky130_fd_sc_ls__o221a_1) A1
[1]      met3:  Area: 35.9800  S.Area:192.3600  G.Area:  0.2460  D.Area:  0.0000
                Fact:  1.0000     PAR:781.9512   Ratio:400.0000       (S.Area)
  pulpino_top_inst/core_region_i/g89396  (sky130_fd_sc_ls__nor2_1) B
[1]      met3:  Area: 43.2344  S.Area:231.5120  G.Area:  0.2790  D.Area:  0.0000
                Fact:  1.0000     PAR:829.7921   Ratio:400.0000       (S.Area)
pulpino_top_inst/core_region_i/FE_OFN5785_n_2033 (14)
  pulpino_top_inst/core_region_i/FE_OFC5747_n_2033  (sky130_fd_sc_ls__clkbuf_4) A
[1]      met3:  Area: 44.4674  S.Area:238.0880  G.Area:  0.5100  D.Area:  0.0000
                Fact:  1.0000     PAR:466.8392   Ratio:400.0000       (S.Area)
  pulpino_top_inst/core_region_i/g88054  (sky130_fd_sc_ls__o2111ai_1) A1
[1]      met3:  Area: 44.4674  S.Area:238.0880  G.Area:  0.5100  D.Area:  0.0000
                Fact:  1.0000     PAR:466.8392   Ratio:400.0000       (S.Area)
pulpino_top_inst/core_region_i/FE_OFN5783_n_2010 (4)
  pulpino_top_inst/core_region_i/g88632  (sky130_fd_sc_ls__o22ai_1) A1
[1]      met4:  Area: 40.7815  S.Area:214.3120  G.Area:  0.5120  D.Area:  0.0000
                Fact:  1.0000     PAR:418.5781   Ratio:400.0000       (S.Area)
  pulpino_top_inst/core_region_i/g88646  (sky130_fd_sc_ls__a2bb2oi_1) A1_N
[1]      met4:  Area: 40.7815  S.Area:214.3120  G.Area:  0.5120  D.Area:  0.0000
                Fact:  1.0000     PAR:418.5781   Ratio:400.0000       (S.Area)
pulpino_top_inst/core_region_i/FE_OFN5766_n_1961 (10)
  pulpino_top_inst/core_region_i/g88644  (sky130_fd_sc_ls__o22ai_1) A1
[1]      met3:  Area: 51.8855  S.Area:277.1760  G.Area:  0.5580  D.Area:  0.0000
                Fact:  1.0000     PAR:496.7312   Ratio:400.0000       (S.Area)
  pulpino_top_inst/core_region_i/g89416  (sky130_fd_sc_ls__nor2_1) B
[1]      met3:  Area: 51.8855  S.Area:277.1760  G.Area:  0.5580  D.Area:  0.0000
                Fact:  1.0000     PAR:496.7312   Ratio:400.0000       (S.Area)
pulpino_top_inst/core_region_i/FE_OFN5748_n_1937 (24)
  pulpino_top_inst/core_region_i/g88315  (sky130_fd_sc_ls__o221a_1) B2
[1]      met3:  Area: 56.4536  S.Area:301.5440  G.Area:  0.4790  D.Area:  0.0000
                Fact:  1.0000     PAR:629.5282   Ratio:400.0000       (S.Area)
  pulpino_top_inst/core_region_i/g88902  (sky130_fd_sc_ls__a2bb2oi_1) A2_N
[1]      met3:  Area: 56.4536  S.Area:301.5440  G.Area:  0.4790  D.Area:  0.0000
                Fact:  1.0000     PAR:629.5282   Ratio:400.0000       (S.Area)
pulpino_top_inst/core_region_i/FE_OFN5447_CORE_RISCV_CORE_lsu_rdata_27 (35)
  pulpino_top_inst/core_region_i/CORE.RISCV_CORE_id_stage_i_g119173  (sky130_fd_sc_ls__a222oi_1) B2
[1]      met3:  Area: 31.3451  S.Area:167.6320  G.Area:  0.2460  D.Area:  0.0000
                Fact:  1.0000     PAR:681.4309   Ratio:400.0000       (S.Area)
pulpino_top_inst/FE_OFN5298_accelerator_i_accel_wrapper_inst_mem_wdata_a_int_0 (2)
  pulpino_top_inst/FE_OFC5259_accelerator_i_accel_wrapper_inst_mem_wdata_a_int_0  (sky130_fd_sc_ls__clkinv_2) A
[1]      met2:  Area: 70.3945  S.Area:351.6835  G.Area:  0.6300  D.Area:  0.0000
                Fact:  1.0000     PAR:558.2278   Ratio:400.0000       (S.Area)
pulpino_top_inst/FE_OFN5277_accelerator_i_accel_wrapper_inst_mem_wdata_a_int_6 (2)
  pulpino_top_inst/FE_PDC16230_FE_OFN5277_accelerator_i_accel_wrapper_inst_mem_wdata_a_int_6  (sky130_fd_sc_ls__clkbuf_4) A
[1]      met5:  Area:938.3520  S.Area:1.4152e+03  G.Area:  0.2310  D.Area:  4.3904
                Fact:  1.0000     PAR:6.1264e+03   Ratio:4.3562e+03       (S.Area)
pulpino_top_inst/FE_OFN5253_accelerator_i_accel_wrapper_inst_mem_wdata_a_int_12 (2)
  pulpino_top_inst/FE_PDC16441_FE_OFN5253_accelerator_i_accel_wrapper_inst_mem_wdata_a_int_12  (sky130_fd_sc_ls__buf_4) A
[1]      met3:  Area: 38.9854  S.Area:209.8000  G.Area:  0.3630  D.Area:  0.0000
                Fact:  1.0000     PAR:577.9614   Ratio:400.0000       (S.Area)
[1]      met4:  Area: 49.9492  S.Area:268.8560  G.Area:  0.3630  D.Area:  0.0000
                Fact:  1.0000     PAR:740.6501   Ratio:400.0000       (S.Area)
pulpino_top_inst/core_region_i/FE_OFN4713_n_1890 (12)
  pulpino_top_inst/core_region_i/g88666  (sky130_fd_sc_ls__o2bb2ai_1) A1_N
[1]      met3:  Area: 19.3697  S.Area:104.7120  G.Area:  0.2220  D.Area:  0.0000
                Fact:  1.0000     PAR:471.6757   Ratio:400.0000       (S.Area)
pulpino_top_inst/FE_OFN4435_peripherals_i_apb_uart_i_n_25558 (2)
  pulpino_top_inst/peripherals_i_apb_uart_i_UART_RXFF_Q_reg[4]  (sky130_fd_sc_ls__dfrtp_1) D
[1]      met5:  Area:319.5520  S.Area:483.1680  G.Area:  0.1260  D.Area:  0.5413
                Fact:  1.0000     PAR:3.8347e+03   Ratio:2.8165e+03       (S.Area)
pulpino_top_inst/core_region_i/FE_OFN3930_CORE_RISCV_CORE_ex_stage_i_mult_i_n_1098 (2)
  pulpino_top_inst/core_region_i/FE_PDC16283_FE_OFN3930_CORE_RISCV_CORE_ex_stage_i_mult_i_n_1098  (sky130_fd_sc_ls__clkbuf_2) A
[1]      met3:  Area: 42.2638  S.Area:226.3440  G.Area:  0.2310  D.Area:  0.0000
                Fact:  1.0000     PAR:979.8442   Ratio:400.0000       (S.Area)
pulpino_top_inst/core_region_i/FE_OFN3835_CORE_RISCV_CORE_lsu_rdata_10 (5)
  pulpino_top_inst/core_region_i/FE_PDC16131_FE_OFN3835_CORE_RISCV_CORE_lsu_rdata_10  (sky130_fd_sc_ls__clkbuf_2) A
[1]      met2:  Area: 18.9265  S.Area: 94.4615  G.Area:  0.2310  D.Area:  0.0000
                Fact:  1.0000     PAR:408.9242   Ratio:400.0000       (S.Area)
pulpino_top_inst/FE_OFN3499_peripherals_i_s_event_unit_bus_pwdata_28 (14)
  pulpino_top_inst/FE_OFC3460_peripherals_i_s_event_unit_bus_pwdata_28  (sky130_fd_sc_ls__bufbuf_8) A
[1]      met3:  Area: 17.4880  S.Area: 93.7360  G.Area:  0.2080  D.Area:  0.0000
                Fact:  1.0000     PAR:450.6538   Ratio:400.0000       (S.Area)
pulpino_top_inst/accelerator_i_accel_wrapper_inst_accel_fsm_inst_keccak_inst/FE_OFN2809_n_1 (20)
  pulpino_top_inst/accelerator_i_accel_wrapper_inst_accel_fsm_inst_keccak_inst/g204588  (sky130_fd_sc_ls__a222o_1) B1
[1]      met3:  Area: 22.4046  S.Area:120.4160  G.Area:  0.2460  D.Area:  0.0000
                Fact:  1.0000     PAR:489.4959   Ratio:400.0000       (S.Area)
pulpino_top_inst/core_region_i/FE_OFN2558_CORE_RISCV_CORE_data_type_ex_1 (8)
  pulpino_top_inst/core_region_i/CORE.RISCV_CORE_load_store_unit_i_data_type_q_reg[1]  (sky130_fd_sc_ls__sdfrtp_4) SCD
[1]      met3:  Area: 15.9560  S.Area: 86.0320  G.Area:  0.1590  D.Area:  0.0000
                Fact:  1.0000     PAR:541.0818   Ratio:400.0000       (S.Area)
pulpino_top_inst/core_region_i/FE_OFN2552_CORE_RISCV_CORE_mult_dot_op_c_ex_15 (3)
  pulpino_top_inst/core_region_i/FE_PDC16384_FE_OFN2552_CORE_RISCV_CORE_mult_dot_op_c_ex_15  (sky130_fd_sc_ls__clkbuf_2) A
[1]      met3:  Area: 24.2230  S.Area:129.6560  G.Area:  0.2310  D.Area:  0.0000
                Fact:  1.0000     PAR:561.2814   Ratio:400.0000       (S.Area)
pulpino_top_inst/core_region_i/FE_OFN2488_CORE_RISCV_CORE_mult_dot_op_a_ex_29 (14)
  pulpino_top_inst/core_region_i/FE_OFC2449_CORE_RISCV_CORE_mult_dot_op_a_ex_29  (sky130_fd_sc_ls__clkbuf_2) A
[1]      met3:  Area: 20.5570  S.Area:110.1040  G.Area:  0.2310  D.Area:  0.0000
                Fact:  1.0000     PAR:476.6407   Ratio:400.0000       (S.Area)
pulpino_top_inst/core_region_i/FE_OFN2375_instr_mem_boot_rom_wrap_i_boot_code_i_A_Q_9 (10)
  pulpino_top_inst/core_region_i/g88475  (sky130_fd_sc_ls__a221oi_1) B2
[1]      met3:  Area: 31.6990  S.Area:169.5280  G.Area:  0.2790  D.Area:  0.0000
                Fact:  1.0000     PAR:607.6272   Ratio:400.0000       (S.Area)
pulpino_top_inst/core_region_i/FE_OFN2238_CORE_RISCV_CORE_instr_rdata_id_25 (4)
  pulpino_top_inst/core_region_i/CORE.RISCV_CORE_id_stage_i_g118927  (sky130_fd_sc_ls__a221o_1) A2
[1]      met3:  Area: 18.6161  S.Area: 99.7440  G.Area:  0.2460  D.Area:  0.0000
                Fact:  1.0000     PAR:405.4634   Ratio:400.0000       (S.Area)
pulpino_top_inst/core_region_i/FE_OFN2183_CORE_RISCV_CORE_alu_operand_c_ex_14 (3)
  pulpino_top_inst/core_region_i/FE_PDC16178_FE_OFN2183_CORE_RISCV_CORE_alu_operand_c_ex_14  (sky130_fd_sc_ls__clkbuf_4) A
[1]      met3:  Area: 23.0710  S.Area:123.5120  G.Area:  0.2310  D.Area:  0.0000
                Fact:  1.0000     PAR:534.6840   Ratio:400.0000       (S.Area)
pulpino_top_inst/core_region_i/FE_OFN2180_CORE_RISCV_CORE_alu_operand_c_ex_16 (4)
  pulpino_top_inst/core_region_i/FE_OFC15969_FE_OFN2180_CORE_RISCV_CORE_alu_operand_c_ex_16  (sky130_fd_sc_ls__clkbuf_2) A
[1]      met3:  Area: 32.4580  S.Area:173.5760  G.Area:  0.2310  D.Area:  0.0000
                Fact:  1.0000     PAR:751.4113   Ratio:400.0000       (S.Area)
pulpino_top_inst/core_region_i/FE_OFN2131_CORE_RISCV_CORE_alu_operand_b_ex_8 (4)
  pulpino_top_inst/core_region_i/CORE.RISCV_CORE_id_stage_i_alu_operand_b_ex_o_reg[8]  (sky130_fd_sc_ls__sdfrtp_1) SCD
[1]      met3:  Area: 30.9357  S.Area:165.4400  G.Area:  0.1590  D.Area:  0.0000
                Fact:  1.0000     PAR:1.0405e+03   Ratio:400.0000       (S.Area)
  pulpino_top_inst/core_region_i/g89475  (sky130_fd_sc_ls__a22o_1) A2
[1]      met3:  Area: 24.4450  S.Area:130.8400  G.Area:  0.2460  D.Area:  0.0000
                Fact:  1.0000     PAR:531.8699   Ratio:400.0000       (S.Area)
pulpino_top_inst/core_region_i/FE_OFN2057_CORE_RISCV_CORE_alu_operand_a_ex_26 (2)
  pulpino_top_inst/core_region_i/g37073  (sky130_fd_sc_ls__mux2_1) A1
[1]      met4:  Area: 24.4204  S.Area:127.5280  G.Area:  0.2610  D.Area:  0.0000
                Fact:  1.0000     PAR:488.6130   Ratio:400.0000       (S.Area)
pulpino_top_inst/FE_OFN1641_accelerator_i_axi_mem_rdata_acc_13 (2)
  pulpino_top_inst/FE_PDC16758_FE_OFN1641_accelerator_i_axi_mem_rdata_acc_13  (sky130_fd_sc_ls__buf_1) A
[1]      met5:  Area:709.3120  S.Area:1.0678e+03  G.Area:  0.2080  D.Area:  5.0400
                Fact:  1.0000     PAR:5.1337e+03   Ratio:4.6160e+03       (S.Area)
pulpino_top_inst/FE_OFN1626_accelerator_i_axi_mem_rdata_acc_21 (2)
  pulpino_top_inst/FE_PDC16530_FE_OFN1626_accelerator_i_axi_mem_rdata_acc_21  (sky130_fd_sc_ls__clkbuf_4) A
[1]      met5:  Area:1.0942e+03  S.Area:1.6451e+03  G.Area:  0.2310  D.Area:  2.1728
                Fact:  1.0000     PAR:7.1216e+03   Ratio:3.4691e+03       (S.Area)
pulpino_top_inst/FE_OFN1606_accelerator_i_axi_mem_rdata_acc_31 (3)
  pulpino_top_inst/accelerator_i_accel_wrapper_inst_accel_fsm_inst_keccak_inst/buffer_in_buffer_data_reg[1343]  (sky130_fd_sc_ls__sdfrtp_1) D
[1]      met3:  Area: 19.5170  S.Area:105.0240  G.Area:  0.1590  D.Area:  0.0000
                Fact:  1.0000     PAR:660.5283   Ratio:400.0000       (S.Area)
clk_int (4)
  pulpino_top_inst/CTS_cdb_buf_03689  (sky130_fd_sc_ls__clkbuf_1) A
[1]      met5:  Area:2.8936e+03  S.Area:2.4887e+03  G.Area:  0.6930  D.Area:  0.0000
                Fact:  1.0000     PAR:3.5911e+03   Ratio:400.0000       (S.Area)
  pulpino_top_inst/CTS_ccl_a_buf_03637  (sky130_fd_sc_ls__clkbuf_1) A
[1]      met4:  Area: 78.9764  S.Area:209.1520  G.Area:  0.4620  D.Area:  0.0000
                Fact:  1.0000     PAR:452.7100   Ratio:400.0000       (S.Area)
[1]      met5:  Area:2.8936e+03  S.Area:2.4887e+03  G.Area:  0.6930  D.Area:  0.0000
                Fact:  1.0000     PAR:3.5911e+03   Ratio:400.0000       (S.Area)
  pulpino_top_inst/CTS_ccl_buf_03630  (sky130_fd_sc_ls__clkbuf_1) A
[1]      met4:  Area: 78.9764  S.Area:209.1520  G.Area:  0.4620  D.Area:  0.0000
                Fact:  1.0000     PAR:452.7100   Ratio:400.0000       (S.Area)
[1]      met5:  Area:2.8936e+03  S.Area:2.4887e+03  G.Area:  0.6930  D.Area:  0.0000
                Fact:  1.0000     PAR:3.5911e+03   Ratio:400.0000       (S.Area)
pulpino_top_inst/accelerator_i_accel_wrapper_inst_accel_mem_rdata_a[30] (2)
  pulpino_top_inst/accelerator_i_accel_wrapper_inst_accel_fsm_inst_keccak_inst/buffer_in_buffer_data_reg[1310]  (sky130_fd_sc_ls__sdfrtp_1) D
[1]      met4:  Area: 12.1697  S.Area: 65.0560  G.Area:  0.1590  D.Area:  0.0000
                Fact:  1.0000     PAR:409.1572   Ratio:400.0000       (S.Area)
pulpino_top_inst/accelerator_i_accel_wrapper_inst_accel_mem_rdata_a[29] (2)
  pulpino_top_inst/accelerator_i_accel_wrapper_inst_accel_fsm_inst_keccak_inst/buffer_in_buffer_data_reg[1309]  (sky130_fd_sc_ls__sdfrtp_1) D
[1]      met3:  Area: 12.6580  S.Area: 67.9760  G.Area:  0.1590  D.Area:  0.0000
                Fact:  1.0000     PAR:427.5220   Ratio:400.0000       (S.Area)
pulpino_top_inst/accelerator_i_accel_wrapper_inst_accel_mem_rdata_a[28] (2)
  pulpino_top_inst/accelerator_i_accel_wrapper_inst_accel_fsm_inst_keccak_inst/buffer_in_buffer_data_reg[1308]  (sky130_fd_sc_ls__sdfrtp_1) D
[1]      met5:  Area: 82.3520  S.Area:127.3680  G.Area:  0.1590  D.Area:  0.0000
                Fact:  1.0000     PAR:801.0566   Ratio:400.0000       (S.Area)
pulpino_top_inst/accelerator_i_accel_wrapper_inst_accel_mem_rdata_a[21] (2)
  pulpino_top_inst/accelerator_i_accel_wrapper_inst_accel_fsm_inst_keccak_inst/buffer_in_buffer_data_reg[1301]  (sky130_fd_sc_ls__sdfrtp_1) D
[1]      met5:  Area: 51.2160  S.Area: 80.6640  G.Area:  0.1590  D.Area:  0.0000
                Fact:  1.0000     PAR:507.3208   Ratio:400.0000       (S.Area)
pulpino_top_inst/slaves[0]_ar_addr[4] (5)
  pulpino_top_inst/core_region_i/instr_mem_axi_if_axi_mem_if_SP_i_Slave_ar_buffer_LP_buffer_i_FIFO_REGISTERS_reg[0][9]  (sky130_fd_sc_ls__sdfrtp_1) D
[1]      met3:  Area: 13.6016  S.Area: 73.0000  G.Area:  0.1590  D.Area:  0.0000
                Fact:  1.0000     PAR:459.1195   Ratio:400.0000       (S.Area)
pulpino_top_inst/slaves[0]_w_data[1] (2)
  pulpino_top_inst/core_region_i/FE_PDC16500_slaves_0__w_data_1  (sky130_fd_sc_ls__clkbuf_2) A
[1]      met3:  Area: 19.3540  S.Area:103.6880  G.Area:  0.2310  D.Area:  0.0000
                Fact:  1.0000     PAR:448.8658   Ratio:400.0000       (S.Area)
pulpino_top_inst/masters[0]_aw_addr[6] (5)
  pulpino_top_inst/g51346  (sky130_fd_sc_ls__a222o_2) C2
[1]      met3:  Area: 18.2870  S.Area: 98.4640  G.Area:  0.2460  D.Area:  0.0000
                Fact:  1.0000     PAR:400.2602   Ratio:400.0000       (S.Area)
pulpino_top_inst/n_535 (2)
  pulpino_top_inst/FE_PDC16483_n_535  (sky130_fd_sc_ls__clkbuf_2) A
[1]      met3:  Area: 30.5293  S.Area:163.6880  G.Area:  0.2310  D.Area:  0.0000
                Fact:  1.0000     PAR:708.6061   Ratio:400.0000       (S.Area)
pulpino_top_inst/peripherals_i_apb_uart_i_n_25563 (2)
  pulpino_top_inst/peripherals_i_apb_uart_i_UART_RXFF_Q_reg[9]  (sky130_fd_sc_ls__dfrtp_1) D
[1]      met3:  Area: 12.0100  S.Area: 64.5200  G.Area:  0.1260  D.Area:  0.0000
                Fact:  1.0000     PAR:512.0635   Ratio:400.0000       (S.Area)
pulpino_top_inst/peripherals_i_n_73224 (2)
  pulpino_top_inst/FE_PDC16314_peripherals_i_n_73224  (sky130_fd_sc_ls__clkbuf_2) A
[1]      met5:  Area:499.7760  S.Area:761.1840  G.Area:  0.2310  D.Area:  1.0864
                Fact:  1.0000     PAR:3.2952e+03   Ratio:3.0346e+03       (S.Area)
pulpino_top_inst/peripherals_i_n_73226 (2)
  pulpino_top_inst/peripherals_i_g97786  (sky130_fd_sc_ls__a221oi_1) C1
[1]      met4:  Area: 48.2038  S.Area:253.4320  G.Area:  0.2790  D.Area:  0.0000
                Fact:  1.0000     PAR:908.3584   Ratio:400.0000       (S.Area)
pulpino_top_inst/peripherals_i_n_84075 (6)
  pulpino_top_inst/peripherals_i_apb_spi_master_i_u_axiregs_spi_cmd_reg[28]  (sky130_fd_sc_ls__sdfrtp_1) SCD
[1]      met3:  Area: 13.6788  S.Area: 73.3920  G.Area:  0.1590  D.Area:  0.0000
                Fact:  1.0000     PAR:461.5849   Ratio:400.0000       (S.Area)
pulpino_top_inst/core_region_i/axi_instr_rdata[25] (2)
  pulpino_top_inst/core_region_i/FE_OFC9596_axi_instr_rdata_25  (sky130_fd_sc_ls__clkbuf_2) A
[1]      met3:  Area: 34.1200  S.Area:182.4400  G.Area:  0.2310  D.Area:  0.0000
                Fact:  1.0000     PAR:789.7835   Ratio:400.0000       (S.Area)
pulpino_top_inst/core_region_i/CORE.RISCV_CORE_instr_rdata_id[14] (29)
  pulpino_top_inst/core_region_i/CORE.RISCV_CORE_id_stage_i_g71365  (sky130_fd_sc_ls__a21bo_1) A2
[1]      met3:  Area: 29.9570  S.Area:160.7040  G.Area:  0.2460  D.Area:  0.0000
                Fact:  1.0000     PAR:653.2683   Ratio:400.0000       (S.Area)
pulpino_top_inst/core_region_i/CORE.RISCV_CORE_instr_rdata_id[10] (7)
  pulpino_top_inst/core_region_i/CORE.RISCV_CORE_id_stage_i_regfile_waddr_ex_o_reg[3]  (sky130_fd_sc_ls__sdfrtp_1) D
[1]      met3:  Area: 14.7281  S.Area: 79.0080  G.Area:  0.1590  D.Area:  0.0000
                Fact:  1.0000     PAR:496.9057   Ratio:400.0000       (S.Area)
pulpino_top_inst/core_region_i/axi_mem_rdata[14] (2)
  pulpino_top_inst/core_region_i/FE_PDC16778_axi_mem_rdata_14  (sky130_fd_sc_ls__clkbuf_8) A
[1]      met5:  Area:721.3760  S.Area:1.0859e+03  G.Area:  0.4620  D.Area:  0.0000
                Fact:  1.0000     PAR:2.3504e+03   Ratio:400.0000       (S.Area)
pulpino_top_inst/core_region_i/axi_mem_rdata[8] (2)
  pulpino_top_inst/core_region_i/FE_OFC10547_axi_mem_rdata_8  (sky130_fd_sc_ls__clkbuf_4) A
[1]      met4:  Area: 19.7867  S.Area:105.6800  G.Area:  0.2310  D.Area:  0.0000
                Fact:  1.0000     PAR:457.4892   Ratio:400.0000       (S.Area)
pulpino_top_inst/core_region_i/data_mem_addr[9] (2)
  pulpino_top_inst/core_region_i/FE_OFC15321_FE_OFN110126_FE_OFN14059_FE_OFN4463_data_mem_addr_9  (sky130_fd_sc_ls__bufbuf_16) A
[1]      met5:  Area:676.5760  S.Area:1.0209e+03  G.Area:  0.2790  D.Area:  1.0864
                Fact:  1.0000     PAR:3.6592e+03   Ratio:3.0346e+03       (S.Area)
pulpino_top_inst/core_region_i/CORE.RISCV_CORE_regfile_alu_wdata_fw[8] (5)
  pulpino_top_inst/core_region_i/CORE.RISCV_CORE_id_stage_i_g116174  (sky130_fd_sc_ls__a222oi_1) C1
[1]      met3:  Area: 18.7528  S.Area:100.9520  G.Area:  0.2460  D.Area:  0.0000
                Fact:  1.0000     PAR:410.3740   Ratio:400.0000       (S.Area)
pulpino_top_inst/core_region_i/CORE.RISCV_CORE_id_stage_i_imm_b_mux_sel[0] (2)
  pulpino_top_inst/core_region_i/FE_OFC6290_CORE_RISCV_CORE_id_stage_i_imm_b_mux_sel_0  (sky130_fd_sc_ls__buf_1) A
[1]      met3:  Area: 15.6550  S.Area: 83.9600  G.Area:  0.2080  D.Area:  0.0000
                Fact:  1.0000     PAR:403.6538   Ratio:400.0000       (S.Area)
pulpino_top_inst/core_region_i/CORE.RISCV_CORE_ex_stage_i_mult_i_n_1012 (2)
  pulpino_top_inst/core_region_i/FE_OFC11216_CORE_RISCV_CORE_ex_stage_i_mult_i_n_1012  (sky130_fd_sc_ls__buf_1) A
[1]      met3:  Area: 19.8190  S.Area:106.1680  G.Area:  0.2080  D.Area:  0.0000
                Fact:  1.0000     PAR:510.4231   Ratio:400.0000       (S.Area)
pulpino_top_inst/core_region_i/CORE.RISCV_CORE_id_stage_i_n_67029 (2)
  pulpino_top_inst/core_region_i/CORE.RISCV_CORE_id_stage_i_g70580  (sky130_fd_sc_ls__nand4b_1) A_N
[1]      met3:  Area: 15.8260  S.Area: 84.8720  G.Area:  0.2080  D.Area:  0.0000
                Fact:  1.0000     PAR:408.0385   Ratio:400.0000       (S.Area)
pulpino_top_inst/core_region_i/CORE.RISCV_CORE_id_stage_i_n_103061 (13)
  pulpino_top_inst/core_region_i/CORE.RISCV_CORE_id_stage_i_g117676  (sky130_fd_sc_ls__a222o_1) A1
[1]      met3:  Area: 19.8380  S.Area:106.7360  G.Area:  0.2460  D.Area:  0.0000
                Fact:  1.0000     PAR:433.8862   Ratio:400.0000       (S.Area)
pulpino_top_inst/core_region_i/CORE.RISCV_CORE_id_stage_i_n_103934 (13)
  pulpino_top_inst/core_region_i/FE_PDC16214_CORE_RISCV_CORE_id_stage_i_n_103934  (sky130_fd_sc_ls__clkbuf_4) A
[1]      met3:  Area: 21.3058  S.Area:114.5680  G.Area:  0.2310  D.Area:  0.0000
                Fact:  1.0000     PAR:495.9654   Ratio:400.0000       (S.Area)
pulpino_top_inst/core_region_i/CORE.RISCV_CORE_id_stage_i_n_109703 (16)
  pulpino_top_inst/core_region_i/CORE.RISCV_CORE_id_stage_i_g117489  (sky130_fd_sc_ls__a222o_1) B1
[1]      met3:  Area: 18.3721  S.Area: 98.4400  G.Area:  0.2460  D.Area:  0.0000
                Fact:  1.0000     PAR:400.1626   Ratio:400.0000       (S.Area)
pulpino_top_inst/core_region_i/CORE.RISCV_CORE_id_stage_i_n_109715 (10)
  pulpino_top_inst/core_region_i/FE_PDC15977_CORE_RISCV_CORE_id_stage_i_n_109715  (sky130_fd_sc_ls__buf_2) A
[1]      met3:  Area: 21.8868  S.Area:117.1680  G.Area:  0.2460  D.Area:  0.0000
                Fact:  1.0000     PAR:476.2927   Ratio:400.0000       (S.Area)
pulpino_top_inst/core_region_i/CORE.RISCV_CORE_id_stage_i_registers_i_n_6763_BAR (7)
  pulpino_top_inst/core_region_i/FE_PDC15966_CORE_RISCV_CORE_id_stage_i_registers_i_n_6763_BAR  (sky130_fd_sc_ls__clkbuf_4) A
[1]      met4:  Area: 46.6936  S.Area:245.8480  G.Area:  0.2310  D.Area:  0.0000
                Fact:  1.0000     PAR:1.0643e+03   Ratio:400.0000       (S.Area)
pulpino_top_inst/core_region_i/n_1857 (7)
  pulpino_top_inst/core_region_i/FE_PDC16618_n_1857  (sky130_fd_sc_ls__clkbuf_4) A
[1]      met4:  Area: 34.9156  S.Area:183.0320  G.Area:  0.2310  D.Area:  0.0000
                Fact:  1.0000     PAR:792.3463   Ratio:400.0000       (S.Area)
pulpino_top_inst/core_region_i/n_1914 (6)
  pulpino_top_inst/core_region_i/g88593  (sky130_fd_sc_ls__o221a_1) B1
[1]      met3:  Area: 20.8858  S.Area:112.3280  G.Area:  0.2460  D.Area:  0.0000
                Fact:  1.0000     PAR:456.6179   Ratio:400.0000       (S.Area)
pulpino_top_inst/core_region_i/n_1950 (13)
  pulpino_top_inst/core_region_i/g88428  (sky130_fd_sc_ls__a221oi_1) A2
[1]      met3:  Area: 23.0840  S.Area:124.0480  G.Area:  0.2790  D.Area:  0.0000
                Fact:  1.0000     PAR:444.6165   Ratio:400.0000       (S.Area)
pulpino_top_inst/core_region_i/n_2017 (4)
  pulpino_top_inst/core_region_i/g88946  (sky130_fd_sc_ls__o2bb2ai_1) B2
[1]      met3:  Area: 34.3690  S.Area:183.7680  G.Area:  0.2790  D.Area:  0.0000
                Fact:  1.0000     PAR:658.6667   Ratio:400.0000       (S.Area)
pulpino_top_inst/core_region_i/n_2030 (7)
  pulpino_top_inst/core_region_i/FE_PDC16601_n_2030  (sky130_fd_sc_ls__clkbuf_4) A
[1]      met3:  Area: 17.9080  S.Area: 95.9760  G.Area:  0.2310  D.Area:  0.0000
                Fact:  1.0000     PAR:415.4805   Ratio:400.0000       (S.Area)
pulpino_top_inst/core_region_i/n_2530 (5)
  pulpino_top_inst/core_region_i/g88084  (sky130_fd_sc_ls__a2111oi_1) B1
[1]      met3:  Area: 30.9130  S.Area:165.3360  G.Area:  0.2790  D.Area:  0.0000
                Fact:  1.0000     PAR:592.6022   Ratio:400.0000       (S.Area)

Total number of process antenna violations: 249
   Number of pins violated: 231
   Number of nets violated: 200
