###############################################################
#  Generated by:      Cadence Innovus 20.11-s130_1
#  OS:                Linux x86_64(Host ID stu2.sec.ei.tum.de)
#  Generated on:      Tue Jan 21 12:27:50 2025
#  Design:            pulpino_top_pad
#  Command:           verifyConnectivity -report ../reports/connectivity.rpt
###############################################################
Verify Connectivity Report is created on Tue Jan 21 12:27:50 2025




Multi-CPU acceleration using 4 CPU


Use pthread

Net VSS: dangling Wire at (1706.350, 1703.660) (1706.350, 1703.660) on layer: met4
Net VSS: dangling Wire at (1646.350, 1703.660) (1646.350, 1703.660) on layer: met4
Net VSS: dangling Wire at (1586.350, 1703.660) (1586.350, 1703.660) on layer: met4
Net VSS: dangling Wire at (1526.350, 1706.280) (1526.350, 1706.280) on layer: met4
Net VSS: dangling Wire at (1466.350, 1706.280) (1466.350, 1706.280) on layer: met4
Net VSS: dangling Wire at (986.350, 2259.740) (986.350, 2259.740) on layer: met4
Net VSS: dangling Wire at (986.350, 1706.280) (986.350, 1706.280) on layer: met4
Net VSS: dangling Wire at (926.350, 2259.740) (926.350, 2259.740) on layer: met4
Net VSS: dangling Wire at (926.350, 1706.280) (926.350, 1706.280) on layer: met4
Net VSS: dangling Wire at (866.350, 2259.740) (866.350, 2259.740) on layer: met4
Net VSS: dangling Wire at (866.350, 1706.280) (866.350, 1706.280) on layer: met4
Net VSS: dangling Wire at (806.350, 2259.740) (806.350, 2259.740) on layer: met4
Net VSS: dangling Wire at (806.350, 1706.280) (806.350, 1706.280) on layer: met4

Begin Summary
    13 Problem(s) (IMPVFC-94): The net has dangling wire(s).
    13 total info(s) created.
End Summary
