###############################################################
#  Generated by:      Cadence Innovus 20.11-s130_1
#  OS:                Linux x86_64(Host ID stu2.sec.ei.tum.de)
#  Generated on:      Tue Jan 21 12:27:37 2025
#  Design:            pulpino_top_pad
#  Command:           verify_drc -report ../reports/drc.rpt
###############################################################

SHORT: ( Metal Short ) Regular Wire of Net pulpino_top_inst/core_region_i/n_3267 & Regular Wire of Net pulpino_top_inst/core_region_i/FE_PDN16194_FE_OFN5789_n_2041  ( met2 )
Bounds : ( 1446.890, 2058.795 ) ( 1447.030, 2058.935 )


SHORT: ( Metal Short ) Regular Wire of Net pulpino_top_inst/core_region_i/FE_PDN111215_n_2503 & Regular Wire of Net pulpino_top_inst/core_region_i/n_2042  ( li1 )
Bounds : ( 1451.195, 2060.260 ) ( 1451.365, 2060.430 )


SHORT: ( Metal Short ) Regular Wire of Net pulpino_top_inst/core_region_i/FE_PDN111157_n_1860 & Regular Wire of Net pulpino_top_inst/core_region_i/FE_PDN16853_n_2056  ( li1 )
Bounds : ( 1451.195, 1945.560 ) ( 1451.365, 1945.730 )


SHORT: ( Metal Short ) Regular Wire of Net pulpino_top_inst/core_region_i/FE_PDN110685_n_2489 & Regular Wire of Net pulpino_top_inst/core_region_i/FE_PDN16853_n_2056  ( li1 )
Bounds : ( 1450.235, 1945.560 ) ( 1450.405, 1945.730 )


SHORT: ( Metal Short ) Regular Wire of Net pulpino_top_inst/core_region_i/FE_PDN111204_n_2495 & Regular Wire of Net pulpino_top_inst/core_region_i/FE_PDN111157_n_1860  ( li1 )
Bounds : ( 1450.715, 1892.650 ) ( 1450.885, 1892.820 )


SHORT: ( Metal Short ) Regular Wire of Net pulpino_top_inst/core_region_i/FE_PDN111204_n_2495 & Regular Wire of Net pulpino_top_inst/core_region_i/FE_PDN16853_n_2056  ( li1 )
Bounds : ( 1455.995, 1891.910 ) ( 1456.165, 1892.080 )


SHORT: ( Metal Short ) Regular Wire of Net pulpino_top_inst/core_region_i/FE_PDN111215_n_2503 & Regular Wire of Net pulpino_top_inst/core_region_i/FE_PDN111204_n_2495  ( li1 )
Bounds : ( 1458.875, 1891.910 ) ( 1459.045, 1892.080 )


SHORT: ( Metal Short ) Regular Wire of Net pulpino_top_inst/core_region_i/instr_mem_rdata_ram[23] & Blockage of Cell pulpino_top_inst/core_region_i/instr_mem_sp_ram_wrap_i_sp_ram_bank_i_bank0  ( met4 )
Bounds : ( 2049.490, 1706.680 ) ( 2050.670, 1707.555 )


SHORT: ( Metal Short ) Regular Wire of Net pulpino_top_inst/core_region_i/instr_mem_rdata_ram[26] & Blockage of Cell pulpino_top_inst/core_region_i/instr_mem_sp_ram_wrap_i_sp_ram_bank_i_bank0  ( met4 )
Bounds : ( 2123.740, 1707.720 ) ( 2124.920, 1708.165 )


SPACING: ( ParallelRunLength Spacing ) Regular Wire of Net pulpino_top_inst/core_region_i/instr_mem_rdata_ram[23]  ( met4 )
Bounds : ( 2063.700, 1706.680 ) ( 2063.890, 1707.555 )


SPACING: ( ParallelRunLength Spacing ) Regular Wire of Net pulpino_top_inst/core_region_i/instr_mem_rdata_ram[23] & Blockage of Cell pulpino_top_inst/core_region_i/instr_mem_sp_ram_wrap_i_sp_ram_bank_i_bank0  ( met4 )
Bounds : ( 2063.890, 1707.555 ) ( 2065.070, 1707.720 )


SPACING: ( ParallelRunLength Spacing ) Regular Wire of Net pulpino_top_inst/core_region_i/instr_mem_rdata_ram[23] & Blockage of Cell pulpino_top_inst/core_region_i/instr_mem_sp_ram_wrap_i_sp_ram_bank_i_bank0  ( met4 )
Bounds : ( 2065.070, 1706.680 ) ( 2065.280, 1707.555 )


SPACING: ( ParallelRunLength Spacing ) Regular Wire of Net pulpino_top_inst/core_region_i/instr_mem_rdata_ram[26] & Blockage of Cell pulpino_top_inst/core_region_i/instr_mem_sp_ram_wrap_i_sp_ram_bank_i_bank0  ( met4 )
Bounds : ( 2123.540, 1706.985 ) ( 2123.740, 1707.720 )


SPACING: ( ParallelRunLength Spacing ) Regular Wire of Net pulpino_top_inst/core_region_i/instr_mem_rdata_ram[26] & Blockage of Cell pulpino_top_inst/core_region_i/instr_mem_sp_ram_wrap_i_sp_ram_bank_i_bank0  ( met4 )
Bounds : ( 2124.920, 1706.985 ) ( 2125.120, 1707.720 )


SPACING: ( ParallelRunLength Spacing ) Regular Wire of Net pulpino_top_inst/core_region_i/instr_mem_rdata_ram[26] & Special Wire of Net VDD  ( met5 )
Bounds : ( 2135.680, 1704.460 ) ( 2137.280, 1704.945 )


SHORT: ( Metal Short ) Regular Wire of Net pulpino_top_inst/core_region_i/instr_mem_rdata_ram[17] & Blockage of Cell pulpino_top_inst/core_region_i/instr_mem_sp_ram_wrap_i_sp_ram_bank_i_bank0  ( met4 )
Bounds : ( 1957.330, 1706.680 ) ( 1958.510, 1707.555 )


SHORT: ( Metal Short ) Regular Wire of Net pulpino_top_inst/core_region_i/instr_mem_rdata_ram[20] & Blockage of Cell pulpino_top_inst/core_region_i/instr_mem_sp_ram_wrap_i_sp_ram_bank_i_bank0  ( met4 )
Bounds : ( 2004.060, 1707.720 ) ( 2005.240, 1708.165 )


SPACING: ( ParallelRunLength Spacing ) Regular Wire of Net pulpino_top_inst/core_region_i/instr_mem_rdata_ram[20] & Blockage of Cell pulpino_top_inst/core_region_i/instr_mem_sp_ram_wrap_i_sp_ram_bank_i_bank0  ( met4 )
Bounds : ( 2003.860, 1706.985 ) ( 2004.060, 1707.720 )


SPACING: ( ParallelRunLength Spacing ) Regular Wire of Net pulpino_top_inst/core_region_i/instr_mem_rdata_ram[20] & Blockage of Cell pulpino_top_inst/core_region_i/instr_mem_sp_ram_wrap_i_sp_ram_bank_i_bank0  ( met4 )
Bounds : ( 2005.240, 1706.985 ) ( 2005.440, 1707.720 )


SPACING: ( ParallelRunLength Spacing ) Regular Wire of Net pulpino_top_inst/core_region_i/instr_mem_rdata_ram[20] & Special Wire of Net VDD  ( met5 )
Bounds : ( 2017.600, 1704.460 ) ( 2019.200, 1704.945 )


SPACING: ( ParallelRunLength Spacing ) Regular Wire of Net pulpino_top_inst/core_region_i/instr_mem_rdata_ram[14] & Blockage of Cell pulpino_top_inst/core_region_i/instr_mem_sp_ram_wrap_i_sp_ram_bank_i_bank0  ( met4 )
Bounds : ( 1883.500, 1706.680 ) ( 1883.700, 1707.555 )


SPACING: ( ParallelRunLength Spacing ) Regular Wire of Net pulpino_top_inst/core_region_i/instr_mem_rdata_ram[14] & Blockage of Cell pulpino_top_inst/core_region_i/instr_mem_sp_ram_wrap_i_sp_ram_bank_i_bank0  ( met4 )
Bounds : ( 1883.700, 1707.555 ) ( 1884.880, 1707.720 )


SPACING: ( ParallelRunLength Spacing ) Regular Wire of Net pulpino_top_inst/core_region_i/instr_mem_rdata_ram[14] & Blockage of Cell pulpino_top_inst/core_region_i/instr_mem_sp_ram_wrap_i_sp_ram_bank_i_bank0  ( met4 )
Bounds : ( 1884.880, 1706.680 ) ( 1885.080, 1707.555 )


SPACING: ( ParallelRunLength Spacing ) Regular Wire of Net pulpino_top_inst/core_region_i/instr_mem_rdata_ram[17] & Blockage of Cell pulpino_top_inst/core_region_i/instr_mem_sp_ram_wrap_i_sp_ram_bank_i_bank0  ( met4 )
Bounds : ( 1944.020, 1706.680 ) ( 1944.220, 1707.555 )


SPACING: ( ParallelRunLength Spacing ) Regular Wire of Net pulpino_top_inst/core_region_i/instr_mem_rdata_ram[17] & Blockage of Cell pulpino_top_inst/core_region_i/instr_mem_sp_ram_wrap_i_sp_ram_bank_i_bank0  ( met4 )
Bounds : ( 1944.220, 1707.555 ) ( 1945.400, 1707.720 )


SPACING: ( ParallelRunLength Spacing ) Regular Wire of Net pulpino_top_inst/core_region_i/instr_mem_rdata_ram[17]  ( met4 )
Bounds : ( 1945.400, 1706.680 ) ( 1945.600, 1707.555 )


SHORT: ( Metal Short ) Regular Wire of Net pulpino_top_inst/core_region_i/instr_mem_rdata_ram[14] & Blockage of Cell pulpino_top_inst/core_region_i/instr_mem_sp_ram_wrap_i_sp_ram_bank_i_bank0  ( met4 )
Bounds : ( 1875.250, 1706.680 ) ( 1876.430, 1707.555 )


SHORT: ( Metal Short ) Regular Wire of Net pulpino_top_inst/core_region_i/instr_mem_rdata_ram[11] & Blockage of Cell pulpino_top_inst/core_region_i/instr_mem_sp_ram_wrap_i_sp_ram_bank_i_bank0  ( met4 )
Bounds : ( 1814.770, 1706.680 ) ( 1815.950, 1707.555 )


SPACING: ( ParallelRunLength Spacing ) Regular Wire of Net pulpino_top_inst/core_region_i/instr_mem_rdata_ram[11]  ( met4 )
Bounds : ( 1823.660, 1706.680 ) ( 1823.860, 1707.555 )


SPACING: ( ParallelRunLength Spacing ) Regular Wire of Net pulpino_top_inst/core_region_i/instr_mem_rdata_ram[11] & Blockage of Cell pulpino_top_inst/core_region_i/instr_mem_sp_ram_wrap_i_sp_ram_bank_i_bank0  ( met4 )
Bounds : ( 1823.860, 1707.555 ) ( 1825.040, 1707.720 )


SPACING: ( ParallelRunLength Spacing ) Regular Wire of Net pulpino_top_inst/core_region_i/instr_mem_rdata_ram[11] & Blockage of Cell pulpino_top_inst/core_region_i/instr_mem_sp_ram_wrap_i_sp_ram_bank_i_bank0  ( met4 )
Bounds : ( 1825.040, 1706.680 ) ( 1825.240, 1707.555 )


SHORT: ( Metal Short ) Regular Wire of Net pulpino_top_inst/core_region_i/instr_mem_rdata_ram[8] & Blockage of Cell pulpino_top_inst/core_region_i/instr_mem_sp_ram_wrap_i_sp_ram_bank_i_bank0  ( met4 )
Bounds : ( 1749.970, 1706.680 ) ( 1751.150, 1707.555 )


SHORT: ( Metal Short ) Regular Wire of Net pulpino_top_inst/core_region_i/instr_mem_rdata_ram[8] & Blockage of Cell pulpino_top_inst/core_region_i/instr_mem_sp_ram_wrap_i_sp_ram_bank_i_bank0  ( met4 )
Bounds : ( 1762.660, 1707.720 ) ( 1763.840, 1708.165 )


SHORT: ( Metal Short ) Regular Wire of Net pulpino_top_inst/core_region_i/instr_mem_rdata_ram[8] & Pin of Cell pulpino_top_inst/core_region_i/instr_mem_sp_ram_wrap_i_sp_ram_bank_i_bank0  ( met4 )
Bounds : ( 1763.740, 1706.985 ) ( 1763.840, 1707.120 )


SPACING: ( ParallelRunLength Spacing ) Regular Wire of Net pulpino_top_inst/core_region_i/instr_mem_rdata_ram[8] & Blockage of Cell pulpino_top_inst/core_region_i/instr_mem_sp_ram_wrap_i_sp_ram_bank_i_bank0  ( met4 )
Bounds : ( 1762.460, 1706.985 ) ( 1762.660, 1707.720 )


SHORT: ( Metal Short ) Regular Wire of Net pulpino_top_inst/core_region_i/axi_mem_rdata[14] & Blockage of Cell pulpino_top_inst/core_region_i/data_mem_sp_ram_bank_i_bank0  ( met4 )
Bounds : ( 675.480, 1707.720 ) ( 676.660, 1708.165 )


SPACING: ( ParallelRunLength Spacing ) Regular Wire of Net pulpino_top_inst/core_region_i/axi_mem_rdata[14] & Blockage of Cell pulpino_top_inst/core_region_i/data_mem_sp_ram_bank_i_bank0  ( met4 )
Bounds : ( 675.280, 1706.985 ) ( 675.480, 1707.720 )


SPACING: ( ParallelRunLength Spacing ) Regular Wire of Net pulpino_top_inst/core_region_i/axi_mem_rdata[14] & Blockage of Cell pulpino_top_inst/core_region_i/data_mem_sp_ram_bank_i_bank0  ( met4 )
Bounds : ( 676.660, 1706.985 ) ( 676.860, 1707.720 )


SHORT: ( Metal Short ) Regular Wire of Net pulpino_top_inst/core_region_i/FE_OFN3756_data_mem_wdata_30 & Regular Wire of Net pulpino_top_inst/core_region_i/FE_OFN3755_data_mem_wdata_31  ( met4 )
Bounds : ( 538.650, 1704.985 ) ( 544.300, 1705.285 )


SHORT: ( Metal Short ) Regular Wire of Net pulpino_top_inst/core_region_i/FE_PDN110767_FE_OFN3762_data_mem_wdata_25 & Blockage of Cell pulpino_top_inst/core_region_i/data_mem_sp_ram_bank_i_bank0  ( met4 )
Bounds : ( 514.320, 1707.720 ) ( 515.500, 1708.165 )


SHORT: ( Metal Short ) Regular Wire of Net pulpino_top_inst/core_region_i/FE_PDN110767_FE_OFN3762_data_mem_wdata_25 & Blockage of Cell pulpino_top_inst/core_region_i/data_mem_sp_ram_bank_i_bank0  ( met4 )
Bounds : ( 518.050, 1706.680 ) ( 518.880, 1706.945 )


SPACING: ( ParallelRunLength Spacing ) Regular Wire of Net pulpino_top_inst/core_region_i/FE_OFN3763_data_mem_wdata_24 & Blockage of Cell pulpino_top_inst/core_region_i/data_mem_sp_ram_bank_i_bank0  ( met4 )
Bounds : ( 508.700, 1706.985 ) ( 508.900, 1707.720 )


SPACING: ( ParallelRunLength Spacing ) Regular Wire of Net pulpino_top_inst/core_region_i/FE_PDN110767_FE_OFN3762_data_mem_wdata_25 & Blockage of Cell pulpino_top_inst/core_region_i/data_mem_sp_ram_bank_i_bank0  ( met4 )
Bounds : ( 514.120, 1706.985 ) ( 514.320, 1707.720 )


SPACING: ( ParallelRunLength Spacing ) Regular Wire of Net pulpino_top_inst/core_region_i/FE_OFN3760_data_mem_wdata_26 & Regular Wire of Net pulpino_top_inst/core_region_i/FE_PDN110767_FE_OFN3762_data_mem_wdata_25  ( met4 )
Bounds : ( 519.230, 1705.765 ) ( 519.520, 1706.945 )


SPACING: ( ParallelRunLength Spacing ) Regular Wire of Net pulpino_top_inst/core_region_i/FE_PDN110767_FE_OFN3762_data_mem_wdata_25 & Special Wire of Net VDD  ( met5 )
Bounds : ( 517.840, 1704.460 ) ( 519.440, 1705.555 )


SPACING: ( ParallelRunLength Spacing ) Regular Wire of Net pulpino_top_inst/core_region_i/FE_OFN3763_data_mem_wdata_24 & Special Wire of Net VDD  ( met5 )
Bounds : ( 522.160, 1704.460 ) ( 523.760, 1704.945 )


MAR: ( Minimum Area ) Regular Wire of Net pulpino_top_inst/core_region_i/axi_mem_rdata[5]  ( met3 )
Bounds : ( 495.410, 1704.975 ) ( 495.790, 1705.295 )


SHORT: ( Metal Short ) Regular Wire of Net pulpino_top_inst/core_region_i/axi_mem_rdata[5] & Special Wire of Net VSS  ( met3 )
Bounds : ( 495.410, 1704.975 ) ( 495.790, 1705.295 )


SHORT: ( Metal Short ) Regular Wire of Net pulpino_top_inst/core_region_i/axi_mem_rdata[5] & Pin of Cell pulpino_top_inst/core_region_i/data_mem_sp_ram_bank_i_bank0  ( met3 )
Bounds : ( 495.435, 1704.970 ) ( 495.765, 1705.300 )


SHORT: ( Metal Short ) Regular Wire of Net pulpino_top_inst/core_region_i/FE_OFN3764_data_mem_wdata_23 & Blockage of Cell pulpino_top_inst/core_region_i/data_mem_sp_ram_bank_i_bank0  ( met4 )
Bounds : ( 502.760, 1707.720 ) ( 503.940, 1708.165 )


SPACING: ( ParallelRunLength Spacing ) Regular Wire of Net pulpino_top_inst/core_region_i/FE_OFN3764_data_mem_wdata_23 & Blockage of Cell pulpino_top_inst/core_region_i/data_mem_sp_ram_bank_i_bank0  ( met4 )
Bounds : ( 502.560, 1706.985 ) ( 502.760, 1707.720 )


SPACING: ( ParallelRunLength Spacing ) Regular Wire of Net pulpino_top_inst/core_region_i/FE_OFN3764_data_mem_wdata_23 & Blockage of Cell pulpino_top_inst/core_region_i/data_mem_sp_ram_bank_i_bank0  ( met4 )
Bounds : ( 503.940, 1706.985 ) ( 504.140, 1707.720 )


SPACING: ( ParallelRunLength Spacing ) Regular Wire of Net pulpino_top_inst/core_region_i/FE_OFN3763_data_mem_wdata_24 & Blockage of Cell pulpino_top_inst/core_region_i/data_mem_sp_ram_bank_i_bank0  ( met4 )
Bounds : ( 507.320, 1706.985 ) ( 507.520, 1707.720 )


SPACING: ( ParallelRunLength Spacing ) Regular Wire of Net pulpino_top_inst/core_region_i/FE_OFN3767_data_mem_wdata_20 & Special Wire of Net VDD  ( met4 )
Bounds : ( 479.700, 1704.375 ) ( 480.000, 1704.460 )


SPACING: ( ParallelRunLength Spacing ) Regular Wire of Net pulpino_top_inst/core_region_i/FE_OFN3764_data_mem_wdata_23 & Special Wire of Net VDD  ( met5 )
Bounds : ( 469.600, 1704.460 ) ( 471.200, 1704.945 )


SHORT: ( Metal Short ) Regular Wire of Net pulpino_top_inst/core_region_i/FE_OFN3769_data_mem_wdata_19 & Regular Wire of Net pulpino_top_inst/core_region_i/FE_OFN3766_data_mem_wdata_21  ( met4 )
Bounds : ( 478.170, 1704.985 ) ( 485.820, 1705.285 )


SHORT: ( Metal Short ) Regular Wire of Net pulpino_top_inst/core_region_i/FE_OFN3763_data_mem_wdata_24 & Blockage of Cell pulpino_top_inst/core_region_i/data_mem_sp_ram_bank_i_bank0  ( met4 )
Bounds : ( 507.520, 1707.720 ) ( 508.700, 1708.165 )


SPACING: ( ParallelRunLength Spacing ) Regular Wire of Net pulpino_top_inst/core_region_i/FE_OFN3775_data_mem_wdata_14 & Blockage of Cell pulpino_top_inst/core_region_i/data_mem_sp_ram_bank_i_bank0  ( met4 )
Bounds : ( 450.220, 1706.985 ) ( 450.420, 1707.720 )


SPACING: ( ParallelRunLength Spacing ) Regular Wire of Net pulpino_top_inst/core_region_i/FE_OFN3775_data_mem_wdata_14 & Special Wire of Net VDD  ( met5 )
Bounds : ( 460.240, 1704.460 ) ( 461.840, 1704.945 )


SPACING: ( ParallelRunLength Spacing ) Regular Wire of Net pulpino_top_inst/core_region_i/FE_OFN3776_data_mem_wdata_13 & Special Wire of Net VDD  ( met5 )
Bounds : ( 465.280, 1704.460 ) ( 466.880, 1704.945 )


MAR: ( Minimum Area ) Regular Wire of Net pulpino_top_inst/core_region_i/axi_mem_rdata[2]  ( met3 )
Bounds : ( 434.930, 1704.975 ) ( 435.310, 1705.295 )


SHORT: ( Metal Short ) Regular Wire of Net pulpino_top_inst/core_region_i/axi_mem_rdata[2] & Special Wire of Net VSS  ( met3 )
Bounds : ( 434.930, 1704.975 ) ( 435.310, 1705.295 )


SHORT: ( Metal Short ) Regular Wire of Net pulpino_top_inst/core_region_i/axi_mem_rdata[2] & Special Wire of Net VSS  ( met3 )
Bounds : ( 434.955, 1704.970 ) ( 435.285, 1705.300 )


SHORT: ( Metal Short ) Regular Wire of Net pulpino_top_inst/core_region_i/axi_mem_rdata[2] & Regular Wire of Net pulpino_top_inst/core_region_i/FE_OFN3779_data_mem_wdata_11  ( met4 )
Bounds : ( 434.955, 1704.985 ) ( 436.180, 1705.285 )


SHORT: ( Metal Short ) Regular Wire of Net pulpino_top_inst/core_region_i/FE_OFN3778_data_mem_wdata_12 & Blockage of Cell pulpino_top_inst/core_region_i/data_mem_sp_ram_bank_i_bank0  ( met4 )
Bounds : ( 438.160, 1707.720 ) ( 439.340, 1708.165 )


SHORT: ( Metal Short ) Regular Wire of Net pulpino_top_inst/core_region_i/FE_OFN3776_data_mem_wdata_13 & Blockage of Cell pulpino_top_inst/core_region_i/data_mem_sp_ram_bank_i_bank0  ( met4 )
Bounds : ( 444.280, 1707.720 ) ( 445.460, 1708.165 )


SPACING: ( ParallelRunLength Spacing ) Regular Wire of Net pulpino_top_inst/core_region_i/FE_OFN3778_data_mem_wdata_12 & Blockage of Cell pulpino_top_inst/core_region_i/data_mem_sp_ram_bank_i_bank0  ( met4 )
Bounds : ( 437.960, 1706.985 ) ( 438.160, 1707.720 )


SPACING: ( ParallelRunLength Spacing ) Regular Wire of Net pulpino_top_inst/core_region_i/FE_OFN3778_data_mem_wdata_12 & Blockage of Cell pulpino_top_inst/core_region_i/data_mem_sp_ram_bank_i_bank0  ( met4 )
Bounds : ( 439.340, 1706.985 ) ( 439.540, 1707.720 )


SPACING: ( ParallelRunLength Spacing ) Regular Wire of Net pulpino_top_inst/core_region_i/FE_OFN3776_data_mem_wdata_13 & Blockage of Cell pulpino_top_inst/core_region_i/data_mem_sp_ram_bank_i_bank0  ( met4 )
Bounds : ( 444.080, 1706.985 ) ( 444.280, 1707.720 )


SPACING: ( ParallelRunLength Spacing ) Regular Wire of Net pulpino_top_inst/core_region_i/FE_OFN3776_data_mem_wdata_13 & Blockage of Cell pulpino_top_inst/core_region_i/data_mem_sp_ram_bank_i_bank0  ( met4 )
Bounds : ( 445.460, 1706.985 ) ( 445.660, 1707.720 )


SPACING: ( ParallelRunLength Spacing ) Regular Wire of Net pulpino_top_inst/core_region_i/FE_OFN3775_data_mem_wdata_14 & Blockage of Cell pulpino_top_inst/core_region_i/data_mem_sp_ram_bank_i_bank0  ( met4 )
Bounds : ( 448.840, 1706.985 ) ( 449.040, 1707.720 )


SHORT: ( Metal Short ) Regular Wire of Net pulpino_top_inst/core_region_i/FE_OFN3775_data_mem_wdata_14 & Blockage of Cell pulpino_top_inst/core_region_i/data_mem_sp_ram_bank_i_bank0  ( met4 )
Bounds : ( 449.040, 1707.720 ) ( 450.220, 1708.165 )


SHORT: ( Metal Short ) Regular Wire of Net pulpino_top_inst/core_region_i/FE_OFN3787_data_mem_wdata_4 & Blockage of Cell pulpino_top_inst/core_region_i/data_mem_sp_ram_bank_i_bank0  ( met4 )
Bounds : ( 391.920, 1707.720 ) ( 393.100, 1708.165 )


SHORT: ( Metal Short ) Regular Wire of Net pulpino_top_inst/core_region_i/FE_OFN3780_data_mem_wdata_10 & Regular Wire of Net pulpino_top_inst/core_region_i/FE_OFN3781_data_mem_wdata_9  ( met4 )
Bounds : ( 419.130, 1704.985 ) ( 421.900, 1705.285 )


SPACING: ( ParallelRunLength Spacing ) Regular Wire of Net pulpino_top_inst/core_region_i/FE_OFN3787_data_mem_wdata_4 & Blockage of Cell pulpino_top_inst/core_region_i/data_mem_sp_ram_bank_i_bank0  ( met4 )
Bounds : ( 391.720, 1706.985 ) ( 391.920, 1707.720 )


SPACING: ( ParallelRunLength Spacing ) Regular Wire of Net pulpino_top_inst/core_region_i/FE_OFN3787_data_mem_wdata_4 & Blockage of Cell pulpino_top_inst/core_region_i/data_mem_sp_ram_bank_i_bank0  ( met4 )
Bounds : ( 393.100, 1706.985 ) ( 393.300, 1707.720 )


SPACING: ( ParallelRunLength Spacing ) Regular Wire of Net pulpino_top_inst/core_region_i/FE_OFN3787_data_mem_wdata_4 & Special Wire of Net VDD  ( met5 )
Bounds : ( 400.480, 1704.460 ) ( 402.080, 1704.945 )


SPACING: ( ParallelRunLength Spacing ) Regular Wire of Net pulpino_top_inst/core_region_i/FE_OFN3778_data_mem_wdata_12 & Special Wire of Net VDD  ( met5 )
Bounds : ( 412.000, 1704.460 ) ( 413.600, 1704.945 )


SHORT: ( Metal Short ) Regular Wire of Net pulpino_top_inst/core_region_i/FE_PDN16841_FE_OFN15081_FE_OFN10254_n & Regular Wire of Net pulpino_top_inst/core_region_i/FE_OFN3792_data_mem_wdata_0  ( met4 )
Bounds : ( 358.650, 1704.985 ) ( 363.420, 1705.285 )


SHORT: ( Metal Short ) Regular Wire of Net pulpino_top_inst/core_region_i/FE_OFN3790_data_mem_wdata_2 & Blockage of Cell pulpino_top_inst/core_region_i/data_mem_sp_ram_bank_i_bank0  ( met4 )
Bounds : ( 379.000, 1707.720 ) ( 380.180, 1708.165 )


SHORT: ( Metal Short ) Regular Wire of Net pulpino_top_inst/core_region_i/FE_OFN3789_data_mem_wdata_3 & Blockage of Cell pulpino_top_inst/core_region_i/data_mem_sp_ram_bank_i_bank0  ( met4 )
Bounds : ( 385.120, 1707.720 ) ( 386.300, 1708.165 )


SPACING: ( ParallelRunLength Spacing ) Regular Wire of Net pulpino_top_inst/core_region_i/FE_OFN3790_data_mem_wdata_2 & Blockage of Cell pulpino_top_inst/core_region_i/data_mem_sp_ram_bank_i_bank0  ( met4 )
Bounds : ( 378.800, 1706.985 ) ( 379.000, 1707.720 )


SPACING: ( ParallelRunLength Spacing ) Regular Wire of Net pulpino_top_inst/core_region_i/FE_OFN3790_data_mem_wdata_2 & Blockage of Cell pulpino_top_inst/core_region_i/data_mem_sp_ram_bank_i_bank0  ( met4 )
Bounds : ( 380.180, 1706.985 ) ( 380.380, 1707.720 )


SPACING: ( ParallelRunLength Spacing ) Regular Wire of Net pulpino_top_inst/core_region_i/FE_OFN3789_data_mem_wdata_3 & Blockage of Cell pulpino_top_inst/core_region_i/data_mem_sp_ram_bank_i_bank0  ( met4 )
Bounds : ( 384.920, 1706.985 ) ( 385.120, 1707.720 )


SPACING: ( ParallelRunLength Spacing ) Regular Wire of Net pulpino_top_inst/core_region_i/FE_OFN3789_data_mem_wdata_3 & Blockage of Cell pulpino_top_inst/core_region_i/data_mem_sp_ram_bank_i_bank0  ( met4 )
Bounds : ( 386.300, 1706.985 ) ( 386.500, 1707.720 )


SPACING: ( ParallelRunLength Spacing ) Regular Wire of Net pulpino_top_inst/core_region_i/FE_OFN3790_data_mem_wdata_2 & Special Wire of Net VDD  ( met5 )
Bounds : ( 351.520, 1704.460 ) ( 353.120, 1704.945 )


SHORT: ( Metal Short ) Regular Wire of Net pulpino_top_inst/core_region_i/FE_PDN16794_FE_OFN15299_n & Blockage of Cell pulpino_top_inst/core_region_i/data_mem_sp_ram_bank_i_bank0  ( met4 )
Bounds : ( 326.640, 1707.720 ) ( 327.820, 1708.165 )


SHORT: ( Metal Short ) Regular Wire of Net pulpino_top_inst/core_region_i/FE_PDN16867_FE_OFN15082_FE_OFN4473_data_mem_addr_3 & Blockage of Cell pulpino_top_inst/core_region_i/data_mem_sp_ram_bank_i_bank0  ( met4 )
Bounds : ( 332.760, 1707.720 ) ( 333.940, 1708.165 )


SHORT: ( Metal Short ) Regular Wire of Net pulpino_top_inst/core_region_i/FE_OFN3789_data_mem_wdata_3 & Blockage of Cell pulpino_top_inst/core_region_i/data_mem_sp_ram_bank_i_bank0  ( met4 )
Bounds : ( 346.690, 1706.680 ) ( 347.870, 1707.555 )


SPACING: ( ParallelRunLength Spacing ) Regular Wire of Net pulpino_top_inst/core_region_i/FE_PDN16794_FE_OFN15299_n & Blockage of Cell pulpino_top_inst/core_region_i/data_mem_sp_ram_bank_i_bank0  ( met4 )
Bounds : ( 326.440, 1706.985 ) ( 326.640, 1707.720 )


SPACING: ( ParallelRunLength Spacing ) Regular Wire of Net pulpino_top_inst/core_region_i/FE_PDN16794_FE_OFN15299_n & Blockage of Cell pulpino_top_inst/core_region_i/data_mem_sp_ram_bank_i_bank0  ( met4 )
Bounds : ( 327.820, 1706.985 ) ( 328.020, 1707.720 )


SPACING: ( ParallelRunLength Spacing ) Regular Wire of Net pulpino_top_inst/core_region_i/FE_PDN16867_FE_OFN15082_FE_OFN4473_data_mem_addr_3 & Blockage of Cell pulpino_top_inst/core_region_i/data_mem_sp_ram_bank_i_bank0  ( met4 )
Bounds : ( 332.560, 1706.985 ) ( 332.760, 1707.720 )


SPACING: ( ParallelRunLength Spacing ) Regular Wire of Net pulpino_top_inst/core_region_i/FE_PDN16867_FE_OFN15082_FE_OFN4473_data_mem_addr_3 & Blockage of Cell pulpino_top_inst/core_region_i/data_mem_sp_ram_bank_i_bank0  ( met4 )
Bounds : ( 333.940, 1706.985 ) ( 334.140, 1707.720 )


SPACING: ( ParallelRunLength Spacing ) Regular Wire of Net pulpino_top_inst/core_region_i/FE_PDN16867_FE_OFN15082_FE_OFN4473_data_mem_addr_3 & Special Wire of Net VDD  ( met5 )
Bounds : ( 336.400, 1704.460 ) ( 338.000, 1704.945 )


SHORT: ( Metal Short ) Regular Wire of Net pulpino_top_inst/core_region_i/FE_PDN16794_FE_OFN15299_n & Special Wire of Net VDD  ( met4 )
Bounds : ( 237.970, 1713.085 ) ( 238.400, 1714.265 )


SHORT: ( Metal Short ) Regular Wire of Net pulpino_top_inst/accelerator_i_accel_wrapper_inst_accel_mem_rdata_a[25] & Special Wire of Net VDD  ( met4 )
Bounds : ( 1928.325, 1000.130 ) ( 1928.655, 1000.140 )


SHORT: ( Metal Short ) Regular Wire of Net pulpino_top_inst/accelerator_i_accel_wrapper_inst_accel_mem_rdata_a[20] & Special Wire of Net VDD  ( met4 )
Bounds : ( 1803.885, 1000.130 ) ( 1804.215, 1000.140 )


SHORT: ( Metal Short ) Regular Wire of Net pulpino_top_inst/accelerator_i_accel_wrapper_inst_accel_mem_rdata_a[18] & Special Wire of Net VDD  ( met4 )
Bounds : ( 1753.565, 1000.130 ) ( 1753.895, 1000.140 )


SHORT: ( Metal Short ) Regular Wire of Net pulpino_top_inst/accelerator_i_accel_wrapper_inst_accel_mem_rdata_a[13] & Special Wire of Net VDD  ( met4 )
Bounds : ( 1629.125, 1000.130 ) ( 1629.455, 1000.140 )


SHORT: ( Metal Short ) Regular Wire of Net pulpino_top_inst/accelerator_i_accel_wrapper_inst_accel_mem_rdata_a[6] & Special Wire of Net VDD  ( met4 )
Bounds : ( 1454.365, 1000.130 ) ( 1454.695, 1000.140 )


SHORT: ( Metal Short ) Regular Wire of Net pulpino_top_inst/accelerator_i_accel_wrapper_inst_accel_mem_rdata_a[8] & Special Wire of Net VDD  ( met4 )
Bounds : ( 1506.045, 1000.130 ) ( 1506.375, 1000.140 )


SHORT: ( Metal Short ) Regular Wire of Net pulpino_top_inst/accelerator_i_accel_wrapper_inst_accel_mem_rdata_a[1] & Special Wire of Net VDD  ( met4 )
Bounds : ( 1329.245, 1000.130 ) ( 1329.575, 1000.140 )


SHORT: ( Metal Short ) Regular Wire of Net pulpino_top_inst/accelerator_i_axi_mem_rdata_acc[26] & Blockage of Cell pulpino_top_inst/accelerator_i_accel_wrapper_inst_ram_inst_dp_ram_i  ( met4 )
Bounds : ( 1953.060, 241.790 ) ( 1954.240, 242.335 )


SHORT: ( Metal Short ) Regular Wire of Net pulpino_top_inst/accelerator_i_axi_mem_rdata_acc[26] & Blockage of Cell pulpino_top_inst/accelerator_i_accel_wrapper_inst_ram_inst_dp_ram_i  ( met4 )
Bounds : ( 1958.770, 240.750 ) ( 1959.950, 241.725 )


SHORT: ( Metal Short ) Regular Wire of Net pulpino_top_inst/accelerator_i_axi_mem_rdata_acc[28] & Blockage of Cell pulpino_top_inst/accelerator_i_accel_wrapper_inst_ram_inst_dp_ram_i  ( met4 )
Bounds : ( 2002.700, 241.790 ) ( 2003.880, 242.335 )


SHORT: ( Metal Short ) Regular Wire of Net pulpino_top_inst/accelerator_i_axi_mem_rdata_acc[28] & Blockage of Cell pulpino_top_inst/accelerator_i_accel_wrapper_inst_ram_inst_dp_ram_i  ( met4 )
Bounds : ( 2025.730, 240.750 ) ( 2026.910, 241.725 )


SPACING: ( ParallelRunLength Spacing ) Regular Wire of Net pulpino_top_inst/accelerator_i_axi_mem_rdata_acc[26] & Blockage of Cell pulpino_top_inst/accelerator_i_accel_wrapper_inst_ram_inst_dp_ram_i  ( met4 )
Bounds : ( 1952.860, 241.155 ) ( 1953.060, 241.790 )


SPACING: ( ParallelRunLength Spacing ) Regular Wire of Net pulpino_top_inst/accelerator_i_axi_mem_rdata_acc[26] & Blockage of Cell pulpino_top_inst/accelerator_i_accel_wrapper_inst_ram_inst_dp_ram_i  ( met4 )
Bounds : ( 1954.240, 241.155 ) ( 1954.440, 241.790 )


SPACING: ( ParallelRunLength Spacing ) Regular Wire of Net pulpino_top_inst/accelerator_i_axi_mem_rdata_acc[28] & Blockage of Cell pulpino_top_inst/accelerator_i_accel_wrapper_inst_ram_inst_dp_ram_i  ( met4 )
Bounds : ( 2002.500, 241.155 ) ( 2002.700, 241.790 )


SPACING: ( ParallelRunLength Spacing ) Regular Wire of Net pulpino_top_inst/accelerator_i_axi_mem_rdata_acc[28] & Blockage of Cell pulpino_top_inst/accelerator_i_accel_wrapper_inst_ram_inst_dp_ram_i  ( met4 )
Bounds : ( 2003.880, 241.155 ) ( 2004.080, 241.790 )


SHORT: ( Metal Short ) Regular Wire of Net pulpino_top_inst/accelerator_i_axi_mem_rdata_acc[21] & Blockage of Cell pulpino_top_inst/accelerator_i_accel_wrapper_inst_ram_inst_dp_ram_i  ( met4 )
Bounds : ( 1827.940, 241.790 ) ( 1829.120, 242.335 )


SHORT: ( Metal Short ) Regular Wire of Net pulpino_top_inst/accelerator_i_axi_mem_rdata_acc[21] & Blockage of Cell pulpino_top_inst/accelerator_i_accel_wrapper_inst_ram_inst_dp_ram_i  ( met4 )
Bounds : ( 1843.570, 240.750 ) ( 1844.750, 241.725 )


SPACING: ( ParallelRunLength Spacing ) Regular Wire of Net pulpino_top_inst/accelerator_i_axi_mem_rdata_acc[21] & Blockage of Cell pulpino_top_inst/accelerator_i_accel_wrapper_inst_ram_inst_dp_ram_i  ( met4 )
Bounds : ( 1827.740, 241.155 ) ( 1827.940, 241.790 )


SPACING: ( ParallelRunLength Spacing ) Regular Wire of Net pulpino_top_inst/accelerator_i_axi_mem_rdata_acc[21]  ( met4 )
Bounds : ( 1829.120, 241.155 ) ( 1829.320, 241.790 )


SPACING: ( ParallelRunLength Spacing ) Regular Wire of Net pulpino_top_inst/accelerator_i_axi_mem_rdata_acc[16]  ( met4 )
Bounds : ( 1703.320, 241.155 ) ( 1703.520, 241.790 )


SPACING: ( ParallelRunLength Spacing ) Regular Wire of Net pulpino_top_inst/accelerator_i_axi_mem_rdata_acc[16] & Blockage of Cell pulpino_top_inst/accelerator_i_accel_wrapper_inst_ram_inst_dp_ram_i  ( met4 )
Bounds : ( 1701.940, 241.155 ) ( 1702.140, 241.790 )


SPACING: ( ParallelRunLength Spacing ) Regular Wire of Net pulpino_top_inst/accelerator_i_axi_mem_rdata_acc[14]  ( met4 )
Bounds : ( 1654.360, 241.155 ) ( 1654.560, 241.790 )


SPACING: ( ParallelRunLength Spacing ) Regular Wire of Net pulpino_top_inst/accelerator_i_axi_mem_rdata_acc[14] & Blockage of Cell pulpino_top_inst/accelerator_i_accel_wrapper_inst_ram_inst_dp_ram_i  ( met4 )
Bounds : ( 1652.980, 241.155 ) ( 1653.180, 241.790 )


SPACING: ( ParallelRunLength Spacing ) Regular Wire of Net pulpino_top_inst/accelerator_i_axi_mem_rdata_acc[11]  ( met4 )
Bounds : ( 1579.560, 241.155 ) ( 1579.760, 241.790 )


SPACING: ( ParallelRunLength Spacing ) Regular Wire of Net pulpino_top_inst/accelerator_i_axi_mem_rdata_acc[11] & Blockage of Cell pulpino_top_inst/accelerator_i_accel_wrapper_inst_ram_inst_dp_ram_i  ( met4 )
Bounds : ( 1578.180, 241.155 ) ( 1578.380, 241.790 )


SHORT: ( Metal Short ) Regular Wire of Net pulpino_top_inst/accelerator_i_axi_mem_rdata_acc[16] & Blockage of Cell pulpino_top_inst/accelerator_i_accel_wrapper_inst_ram_inst_dp_ram_i  ( met4 )
Bounds : ( 1715.410, 240.750 ) ( 1716.590, 241.725 )


SHORT: ( Metal Short ) Regular Wire of Net pulpino_top_inst/accelerator_i_axi_mem_rdata_acc[16] & Blockage of Cell pulpino_top_inst/accelerator_i_accel_wrapper_inst_ram_inst_dp_ram_i  ( met4 )
Bounds : ( 1702.140, 241.790 ) ( 1703.320, 242.335 )


SHORT: ( Metal Short ) Regular Wire of Net pulpino_top_inst/accelerator_i_axi_mem_rdata_acc[14] & Blockage of Cell pulpino_top_inst/accelerator_i_accel_wrapper_inst_ram_inst_dp_ram_i  ( met4 )
Bounds : ( 1659.250, 240.750 ) ( 1660.430, 241.725 )


SHORT: ( Metal Short ) Regular Wire of Net pulpino_top_inst/accelerator_i_axi_mem_rdata_acc[14] & Blockage of Cell pulpino_top_inst/accelerator_i_accel_wrapper_inst_ram_inst_dp_ram_i  ( met4 )
Bounds : ( 1653.180, 241.790 ) ( 1654.360, 242.335 )


SHORT: ( Metal Short ) Regular Wire of Net pulpino_top_inst/accelerator_i_axi_mem_rdata_acc[11] & Blockage of Cell pulpino_top_inst/accelerator_i_accel_wrapper_inst_ram_inst_dp_ram_i  ( met4 )
Bounds : ( 1599.490, 240.750 ) ( 1600.670, 241.725 )


SHORT: ( Metal Short ) Regular Wire of Net pulpino_top_inst/accelerator_i_axi_mem_rdata_acc[11] & Blockage of Cell pulpino_top_inst/accelerator_i_accel_wrapper_inst_ram_inst_dp_ram_i  ( met4 )
Bounds : ( 1578.380, 241.790 ) ( 1579.560, 242.335 )


SHORT: ( Metal Short ) Regular Wire of Net pulpino_top_inst/accelerator_i_axi_mem_rdata_acc[9] & Blockage of Cell pulpino_top_inst/accelerator_i_accel_wrapper_inst_ram_inst_dp_ram_i  ( met4 )
Bounds : ( 1528.740, 241.790 ) ( 1529.920, 242.335 )


SHORT: ( Metal Short ) Regular Wire of Net pulpino_top_inst/accelerator_i_axi_mem_rdata_acc[9] & Blockage of Cell pulpino_top_inst/accelerator_i_accel_wrapper_inst_ram_inst_dp_ram_i  ( met4 )
Bounds : ( 1540.450, 240.750 ) ( 1541.630, 241.725 )


SPACING: ( ParallelRunLength Spacing ) Regular Wire of Net pulpino_top_inst/accelerator_i_axi_mem_rdata_acc[9] & Blockage of Cell pulpino_top_inst/accelerator_i_accel_wrapper_inst_ram_inst_dp_ram_i  ( met4 )
Bounds : ( 1528.540, 241.155 ) ( 1528.740, 241.790 )


SPACING: ( ParallelRunLength Spacing ) Regular Wire of Net pulpino_top_inst/accelerator_i_axi_mem_rdata_acc[9]  ( met4 )
Bounds : ( 1529.920, 241.155 ) ( 1530.120, 241.790 )


SHORT: ( Metal Short ) Regular Wire of Net pulpino_top_inst/FE_PDN16176_FE_OFN11320_FE_OFN5203_accelerator_i_accel_wrapper_inst_mem_wdata_a_int_24 & Blockage of Cell pulpino_top_inst/accelerator_i_accel_wrapper_inst_ram_inst_dp_ram_i  ( met4 )
Bounds : ( 1414.500, 241.790 ) ( 1415.680, 242.335 )


SHORT: ( Metal Short ) Regular Wire of Net pulpino_top_inst/FE_PDN16176_FE_OFN11320_FE_OFN5203_accelerator_i_accel_wrapper_inst_mem_wdata_a_int_24 & Blockage of Cell pulpino_top_inst/accelerator_i_accel_wrapper_inst_ram_inst_dp_ram_i  ( met4 )
Bounds : ( 1418.770, 240.750 ) ( 1419.950, 241.725 )


SHORT: ( Metal Short ) Regular Wire of Net pulpino_top_inst/accelerator_i_axi_mem_rdata_acc[4] & Blockage of Cell pulpino_top_inst/accelerator_i_accel_wrapper_inst_ram_inst_dp_ram_i  ( met4 )
Bounds : ( 1423.810, 240.750 ) ( 1424.990, 241.250 )


SPACING: ( ParallelRunLength Spacing ) Regular Wire of Net pulpino_top_inst/FE_PDN16176_FE_OFN11320_FE_OFN5203_accelerator_i_accel_wrapper_inst_mem_wdata_a_int_24 & Blockage of Cell pulpino_top_inst/accelerator_i_accel_wrapper_inst_ram_inst_dp_ram_i  ( met4 )
Bounds : ( 1414.300, 241.155 ) ( 1414.500, 241.790 )


SPACING: ( ParallelRunLength Spacing ) Regular Wire of Net pulpino_top_inst/FE_PDN16176_FE_OFN11320_FE_OFN5203_accelerator_i_accel_wrapper_inst_mem_wdata_a_int_24  ( met4 )
Bounds : ( 1415.680, 241.155 ) ( 1415.880, 241.790 )


SPACING: ( ParallelRunLength Spacing ) Regular Wire of Net pulpino_top_inst/accelerator_i_axi_mem_rdata_acc[4] & Special Wire of Net VDD  ( met5 )
Bounds : ( 1423.600, 238.530 ) ( 1425.200, 239.860 )


SPACING: ( ParallelRunLength Spacing ) Regular Wire of Net pulpino_top_inst/FE_PDN16118_FE_OFN10260_n & Pin of Cell pulpino_top_inst/accelerator_i_accel_wrapper_inst_ram_inst_dp_ram_i  ( met3 )
Bounds : ( 1409.285, 240.080 ) ( 1410.015, 240.130 )


SHORT: ( Metal Short ) Regular Wire of Net pulpino_top_inst/FE_PDN16319_FE_OFN5252_accelerator_i_accel_wrapper_inst_mem_wdata_a_int_13 & Blockage of Cell pulpino_top_inst/accelerator_i_accel_wrapper_inst_ram_inst_dp_ram_i  ( met4 )
Bounds : ( 1371.970, 240.750 ) ( 1373.150, 241.115 )


SHORT: ( Metal Short ) Regular Wire of Net pulpino_top_inst/accelerator_i_axi_mem_rdata_acc[4] & Blockage of Cell pulpino_top_inst/accelerator_i_accel_wrapper_inst_ram_inst_dp_ram_i  ( met4 )
Bounds : ( 1402.930, 241.790 ) ( 1404.110, 242.335 )


SHORT: ( Metal Short ) Regular Wire of Net pulpino_top_inst/accelerator_i_axi_mem_rdata_acc[4] & Pin of Cell pulpino_top_inst/accelerator_i_accel_wrapper_inst_ram_inst_dp_ram_i  ( met4 )
Bounds : ( 1404.020, 241.155 ) ( 1404.110, 241.190 )


SPACING: ( ParallelRunLength Spacing ) Regular Wire of Net pulpino_top_inst/FE_OFN5213_accelerator_i_accel_wrapper_inst_mem_wdata_a_int_22 & Pin of Cell pulpino_top_inst/accelerator_i_accel_wrapper_inst_ram_inst_dp_ram_i  ( met3 )
Bounds : ( 1403.875, 240.080 ) ( 1404.605, 240.130 )


SPACING: ( ParallelRunLength Spacing ) Regular Wire of Net pulpino_top_inst/accelerator_i_axi_mem_rdata_acc[4] & Blockage of Cell pulpino_top_inst/accelerator_i_accel_wrapper_inst_ram_inst_dp_ram_i  ( met4 )
Bounds : ( 1402.740, 241.155 ) ( 1402.930, 241.790 )


SPACING: ( ParallelRunLength Spacing ) Regular Wire of Net pulpino_top_inst/FE_OFN5213_accelerator_i_accel_wrapper_inst_mem_wdata_a_int_22  ( met4 )
Bounds : ( 1404.390, 240.080 ) ( 1404.400, 240.130 )


SPACING: ( ParallelRunLength Spacing ) Regular Wire of Net pulpino_top_inst/FE_PDN16319_FE_OFN5252_accelerator_i_accel_wrapper_inst_mem_wdata_a_int_13 & Special Wire of Net VDD  ( met5 )
Bounds : ( 1371.760, 238.530 ) ( 1373.360, 239.725 )


SHORT: ( Metal Short ) Regular Wire of Net pulpino_top_inst/FE_PDN16319_FE_OFN5252_accelerator_i_accel_wrapper_inst_mem_wdata_a_int_13 & Blockage of Cell pulpino_top_inst/accelerator_i_accel_wrapper_inst_ram_inst_dp_ram_i  ( met4 )
Bounds : ( 1351.260, 241.790 ) ( 1352.440, 242.335 )


SHORT: ( Metal Short ) Regular Wire of Net pulpino_top_inst/accelerator_i_axi_mem_rdata_acc[2] & Blockage of Cell pulpino_top_inst/accelerator_i_accel_wrapper_inst_ram_inst_dp_ram_i  ( met4 )
Bounds : ( 1353.970, 241.790 ) ( 1355.150, 242.335 )


SHORT: ( Metal Short ) Regular Wire of Net pulpino_top_inst/accelerator_i_axi_mem_rdata_acc[2] & Blockage of Cell pulpino_top_inst/accelerator_i_accel_wrapper_inst_ram_inst_dp_ram_i  ( met4 )
Bounds : ( 1358.290, 240.750 ) ( 1359.470, 241.725 )


SPACING: ( ParallelRunLength Spacing ) Regular Wire of Net pulpino_top_inst/FE_PDN16319_FE_OFN5252_accelerator_i_accel_wrapper_inst_mem_wdata_a_int_13 & Blockage of Cell pulpino_top_inst/accelerator_i_accel_wrapper_inst_ram_inst_dp_ram_i  ( met4 )
Bounds : ( 1351.060, 241.155 ) ( 1351.260, 241.790 )


SPACING: ( ParallelRunLength Spacing ) Regular Wire of Net pulpino_top_inst/FE_PDN16319_FE_OFN5252_accelerator_i_accel_wrapper_inst_mem_wdata_a_int_13 & Blockage of Cell pulpino_top_inst/accelerator_i_accel_wrapper_inst_ram_inst_dp_ram_i  ( met4 )
Bounds : ( 1352.440, 241.155 ) ( 1352.640, 241.790 )


SPACING: ( ParallelRunLength Spacing ) Regular Wire of Net pulpino_top_inst/accelerator_i_axi_mem_rdata_acc[2] & Blockage of Cell pulpino_top_inst/accelerator_i_accel_wrapper_inst_ram_inst_dp_ram_i  ( met4 )
Bounds : ( 1353.780, 241.155 ) ( 1353.970, 241.790 )


SPACING: ( ParallelRunLength Spacing ) Regular Wire of Net pulpino_top_inst/accelerator_i_axi_mem_rdata_acc[2] & Blockage of Cell pulpino_top_inst/accelerator_i_accel_wrapper_inst_ram_inst_dp_ram_i  ( met4 )
Bounds : ( 1355.150, 241.155 ) ( 1355.360, 241.790 )


SPACING: ( ParallelRunLength Spacing ) Regular Wire of Net pulpino_top_inst/FE_PDN16319_FE_OFN5252_accelerator_i_accel_wrapper_inst_mem_wdata_a_int_13 & Regular Wire of Net pulpino_top_inst/accelerator_i_axi_mem_rdata_acc[2]  ( met5 )
Bounds : ( 1352.650, 240.945 ) ( 1353.760, 242.545 )


MAR: ( Minimum Area ) Regular Wire of Net pulpino_top_inst/FE_PDN16424_FE_OFN10980_FE_OFN5256_accelerator_i_accel_wrapper_inst_mem_wdata_a_int_12  ( met3 )
Bounds : ( 1344.860, 240.365 ) ( 1345.240, 240.685 )


SHORT: ( Metal Short ) Regular Wire of Net pulpino_top_inst/FE_PDN16424_FE_OFN10980_FE_OFN5256_accelerator_i_accel_wrapper_inst_mem_wdata_a_int_12 & Pin of Cell pulpino_top_inst/accelerator_i_accel_wrapper_inst_ram_inst_dp_ram_i  ( met3 )
Bounds : ( 1344.860, 240.365 ) ( 1345.240, 240.685 )


SHORT: ( Metal Short ) Regular Wire of Net pulpino_top_inst/FE_PDN16424_FE_OFN10980_FE_OFN5256_accelerator_i_accel_wrapper_inst_mem_wdata_a_int_12 & Pin of Cell pulpino_top_inst/accelerator_i_accel_wrapper_inst_ram_inst_dp_ram_i  ( met3 )
Bounds : ( 1344.885, 240.150 ) ( 1345.215, 240.685 )


SPACING: ( ParallelRunLength Spacing ) Regular Wire of Net pulpino_top_inst/FE_OFN5260_accelerator_i_accel_wrapper_inst_mem_wdata_a_int_11 & Pin of Cell pulpino_top_inst/accelerator_i_accel_wrapper_inst_ram_inst_dp_ram_i  ( met3 )
Bounds : ( 1339.245, 240.080 ) ( 1339.975, 240.130 )


SHORT: ( Metal Short ) Regular Wire of Net pulpino_top_inst/FE_PDN16879_FE_OFN5288_accelerator_i_accel_wrapper_inst_mem_wdata_a_int_3 & Blockage of Cell pulpino_top_inst/accelerator_i_accel_wrapper_inst_ram_inst_dp_ram_i  ( met4 )
Bounds : ( 1292.780, 241.790 ) ( 1293.960, 242.335 )


SHORT: ( Metal Short ) Regular Wire of Net pulpino_top_inst/FE_PDN16879_FE_OFN5288_accelerator_i_accel_wrapper_inst_mem_wdata_a_int_3 & Blockage of Cell pulpino_top_inst/accelerator_i_accel_wrapper_inst_ram_inst_dp_ram_i  ( met4 )
Bounds : ( 1299.970, 240.750 ) ( 1301.150, 241.115 )


SHORT: ( Metal Short ) Regular Wire of Net pulpino_top_inst/FE_PDN16851_FE_OFN5292_accelerator_i_accel_wrapper_inst_mem_wdata_a_int_2 & Blockage of Cell pulpino_top_inst/accelerator_i_accel_wrapper_inst_ram_inst_dp_ram_i  ( met4 )
Bounds : ( 1307.890, 240.750 ) ( 1309.070, 241.725 )


SHORT: ( Metal Short ) Regular Wire of Net pulpino_top_inst/FE_PDN16791_FE_OFN110144_FE_OFN11183_FE_OFN5296_accelerator_i_accel_wrapper_inst_mem_wdata_a_int_1 & Blockage of Cell pulpino_top_inst/accelerator_i_accel_wrapper_inst_ram_inst_dp_ram_i  ( met4 )
Bounds : ( 1312.210, 240.750 ) ( 1313.390, 241.725 )


SPACING: ( ParallelRunLength Spacing ) Regular Wire of Net pulpino_top_inst/FE_PDN16879_FE_OFN5288_accelerator_i_accel_wrapper_inst_mem_wdata_a_int_3 & Blockage of Cell pulpino_top_inst/accelerator_i_accel_wrapper_inst_ram_inst_dp_ram_i  ( met4 )
Bounds : ( 1292.580, 241.155 ) ( 1292.780, 241.790 )


SPACING: ( ParallelRunLength Spacing ) Regular Wire of Net pulpino_top_inst/FE_PDN16879_FE_OFN5288_accelerator_i_accel_wrapper_inst_mem_wdata_a_int_3 & Blockage of Cell pulpino_top_inst/accelerator_i_accel_wrapper_inst_ram_inst_dp_ram_i  ( met4 )
Bounds : ( 1293.960, 241.155 ) ( 1294.160, 241.790 )


SPACING: ( ParallelRunLength Spacing ) Regular Wire of Net pulpino_top_inst/FE_PDN16879_FE_OFN5288_accelerator_i_accel_wrapper_inst_mem_wdata_a_int_3 & Special Wire of Net VDD  ( met5 )
Bounds : ( 1299.760, 238.530 ) ( 1301.360, 239.725 )


SHORT: ( Metal Short ) Regular Wire of Net pulpino_top_inst/FE_PDN16791_FE_OFN110144_FE_OFN11183_FE_OFN5296_accelerator_i_accel_wrapper_inst_mem_wdata_a_int_1 & Blockage of Cell pulpino_top_inst/accelerator_i_accel_wrapper_inst_ram_inst_dp_ram_i  ( met4 )
Bounds : ( 1281.250, 241.790 ) ( 1282.430, 242.335 )


SHORT: ( Metal Short ) Regular Wire of Net pulpino_top_inst/FE_PDN16851_FE_OFN5292_accelerator_i_accel_wrapper_inst_mem_wdata_a_int_2 & Blockage of Cell pulpino_top_inst/accelerator_i_accel_wrapper_inst_ram_inst_dp_ram_i  ( met4 )
Bounds : ( 1285.980, 241.790 ) ( 1287.160, 242.335 )


SPACING: ( ParallelRunLength Spacing ) Regular Wire of Net pulpino_top_inst/FE_PDN16791_FE_OFN110144_FE_OFN11183_FE_OFN5296_accelerator_i_accel_wrapper_inst_mem_wdata_a_int_1 & Blockage of Cell pulpino_top_inst/accelerator_i_accel_wrapper_inst_ram_inst_dp_ram_i  ( met4 )
Bounds : ( 1281.020, 241.155 ) ( 1281.250, 241.790 )


SPACING: ( ParallelRunLength Spacing ) Regular Wire of Net pulpino_top_inst/FE_PDN16791_FE_OFN110144_FE_OFN11183_FE_OFN5296_accelerator_i_accel_wrapper_inst_mem_wdata_a_int_1 & Blockage of Cell pulpino_top_inst/accelerator_i_accel_wrapper_inst_ram_inst_dp_ram_i  ( met4 )
Bounds : ( 1282.430, 241.155 ) ( 1282.600, 241.790 )


SPACING: ( ParallelRunLength Spacing ) Regular Wire of Net pulpino_top_inst/FE_PDN16851_FE_OFN5292_accelerator_i_accel_wrapper_inst_mem_wdata_a_int_2 & Blockage of Cell pulpino_top_inst/accelerator_i_accel_wrapper_inst_ram_inst_dp_ram_i  ( met4 )
Bounds : ( 1285.780, 241.155 ) ( 1285.980, 241.790 )


SPACING: ( ParallelRunLength Spacing ) Regular Wire of Net pulpino_top_inst/FE_PDN16851_FE_OFN5292_accelerator_i_accel_wrapper_inst_mem_wdata_a_int_2 & Blockage of Cell pulpino_top_inst/accelerator_i_accel_wrapper_inst_ram_inst_dp_ram_i  ( met4 )
Bounds : ( 1287.160, 241.155 ) ( 1287.360, 241.790 )


SHORT: ( Metal Short ) Regular Wire of Net pulpino_top_inst/FE_PDN110844_FE_OFN5208_accelerator_i_accel_wrapper_inst_mem_wdata_a_int_23 & Regular Wire of Net pulpino_top_inst/FE_OFN5359_accelerator_i_accel_wrapper_inst_ram_inst_n_47  ( li1 )
Bounds : ( 1150.235, 915.850 ) ( 1150.405, 916.020 )


SHORT: ( Metal Short ) Regular Wire of Net pulpino_top_inst/FE_PDN110844_FE_OFN5208_accelerator_i_accel_wrapper_inst_mem_wdata_a_int_23 & Regular Wire of Net pulpino_top_inst/FE_PDN16440_FE_OFN11687_accelerator_i_axi_mem_rdata_acc_14  ( li1 )
Bounds : ( 1158.875, 905.490 ) ( 1159.045, 905.660 )


SHORT: ( Metal Short ) Regular Wire of Net pulpino_top_inst/FE_PDN16440_FE_OFN11687_accelerator_i_axi_mem_rdata_acc_14 & Regular Wire of Net pulpino_top_inst/FE_PDN16442_FE_OFN110449_n  ( li1 )
Bounds : ( 1153.115, 874.780 ) ( 1153.285, 874.950 )


SHORT: ( Metal Short ) Regular Wire of Net pulpino_top_inst/FE_OFN6165_accelerator_i_accel_wrapper_inst_mem_be_a_int_1 & Regular Wire of Net pulpino_top_inst/FE_OFN110093_FE_OFN109816_FE_OFN10676_FE_OFN10271_n  ( li1 )
Bounds : ( 1167.995, 799.300 ) ( 1168.165, 799.470 )


SHORT: ( Metal Short ) Regular Wire of Net pulpino_top_inst/FE_OFN5203_accelerator_i_accel_wrapper_inst_mem_wdata_a_int_24 & Regular Wire of Net pulpino_top_inst/FE_OFN5359_accelerator_i_accel_wrapper_inst_ram_inst_n_47  ( li1 )
Bounds : ( 1151.675, 775.250 ) ( 1151.845, 775.420 )


SHORT: ( Metal Short ) Regular Wire of Net pulpino_top_inst/FE_PDN16440_FE_OFN11687_accelerator_i_axi_mem_rdata_acc_14 & Regular Wire of Net pulpino_top_inst/FE_OFN5359_accelerator_i_accel_wrapper_inst_ram_inst_n_47  ( li1 )
Bounds : ( 1152.635, 768.220 ) ( 1152.805, 768.390 )


SHORT: ( Metal Short ) Regular Wire of Net pulpino_top_inst/FE_OFN5359_accelerator_i_accel_wrapper_inst_ram_inst_n_47 & Regular Wire of Net pulpino_top_inst/FE_PDN16442_FE_OFN110449_n  ( li1 )
Bounds : ( 1153.115, 768.220 ) ( 1153.285, 768.390 )


SHORT: ( Metal Short ) Regular Wire of Net pulpino_top_inst/FE_OFN5359_accelerator_i_accel_wrapper_inst_ram_inst_n_47 & Regular Wire of Net pulpino_top_inst/FE_OFN6165_accelerator_i_accel_wrapper_inst_mem_be_a_int_1  ( li1 )
Bounds : ( 1153.115, 721.230 ) ( 1153.285, 721.400 )


SHORT: ( Metal Short ) Regular Wire of Net pulpino_top_inst/FE_PDN110844_FE_OFN5208_accelerator_i_accel_wrapper_inst_mem_wdata_a_int_23 & Regular Wire of Net pulpino_top_inst/FE_OFN5359_accelerator_i_accel_wrapper_inst_ram_inst_n_47  ( li1 )
Bounds : ( 1153.115, 724.560 ) ( 1153.285, 724.730 )


SHORT: ( Metal Short ) Regular Wire of Net pulpino_top_inst/FE_OFN5359_accelerator_i_accel_wrapper_inst_ram_inst_n_47 & Regular Wire of Net pulpino_top_inst/FE_OFN5203_accelerator_i_accel_wrapper_inst_mem_wdata_a_int_24  ( li1 )
Bounds : ( 1151.195, 693.480 ) ( 1151.365, 693.650 )


SHORT: ( Metal Short ) Regular Wire of Net pulpino_top_inst/FE_PDN16877_FE_OFN10703_FE_OFN10258_n & Blockage of Cell pulpino_top_inst/accelerator_i_accel_wrapper_inst_ram_inst_dp_ram_i  ( met2 )
Bounds : ( 1148.960, 452.975 ) ( 1149.010, 453.345 )


SPACING: ( ParallelRunLength Spacing ) Regular Wire of Net pulpino_top_inst/FE_PDN16880_FE_OFN110463_FE_OFN110320_FE_OFN110093_FE_OFN109816_FE_OFN10676_FE_OFN10271_n  ( met4 )
Bounds : ( 1235.040, 240.065 ) ( 1235.080, 240.130 )


SHORT: ( Metal Short ) Regular Wire of Net pulpino_top_inst/accelerator_i_axi_mem_rdata_acc[11] & Regular Wire of Net pulpino_top_inst/FE_OFN110315_FE_OFN110117_FE_OFN109819_FE_OFN10255_n  ( met2 )
Bounds : ( 1117.130, 255.415 ) ( 1117.270, 255.555 )


SHORT: ( Metal Short ) Regular Wire of Net pulpino_top_inst/FE_PDN16008_accelerator_i_axi_mem_rdata_acc_11 & Regular Wire of Net pulpino_top_inst/FE_PDN16001_accelerator_i_axi_mem_rdata_acc_6  ( met4 )
Bounds : ( 1119.250, 254.575 ) ( 1119.270, 255.755 )


SHORT: ( Metal Short ) Regular Wire of Net pulpino_top_inst/FE_PDN16029_accelerator_i_axi_mem_rdata_acc_10 & Regular Wire of Net pulpino_top_inst/FE_PDN16008_accelerator_i_axi_mem_rdata_acc_11  ( met4 )
Bounds : ( 1120.410, 254.575 ) ( 1120.430, 255.755 )


SHORT: ( Metal Short ) Regular Wire of Net pulpino_top_inst/FE_PDN16008_accelerator_i_axi_mem_rdata_acc_11 & Regular Wire of Net pulpino_top_inst/FE_OFN110387_accelerator_i_axi_mem_rdata_acc_4  ( met4 )
Bounds : ( 1120.410, 270.435 ) ( 1120.430, 271.615 )


  Total Violations : 185 Viols.
