###############################################################
#  Generated by:      Cadence Innovus 20.11-s130_1
#  OS:                Linux x86_64(Host ID stu1.sec.ei.tum.de)
#  Generated on:      Thu Jan 23 11:15:53 2025
#  Design:            pulpino_top_pad
#  Command:           report_timing > ../reports/timing.rpt
###############################################################
Path 1: MET Setup Check with Pin pulpino_top_inst/core_region_i/CORE.RISCV_CORE_
id_stage_i_alu_operand_b_ex_o_reg[28]/CLK 
Endpoint:   pulpino_top_inst/core_region_i/CORE.RISCV_CORE_id_stage_i_alu_
operand_b_ex_o_reg[28]/D (v) checked with  leading edge of 'CLK'
Beginpoint: pulpino_top_inst/core_region_i/CORE.RISCV_CORE_id_stage_i_alu_
operator_ex_o_reg[0]/Q   (^) triggered by  leading edge of 'CLK'
Path Groups: {CLK}
Analysis View: func_view_wc
Other End Arrival Time          8.755
- Setup                         0.649
+ Phase Shift                  50.000
+ CPPR Adjustment               0.000
= Required Time                58.106
- Arrival Time                 56.558
= Slack Time                    1.548
     Clock Rise Edge                 0.000
     + Clock Network Latency (Prop)  -1.201
     = Beginpoint Arrival Time       -1.201
     +--------------------------------------------------------------------------------------------------------------------------------+ 
     |                      Instance                      |       Arc       |            Cell            | Delay | Arrival | Required | 
     |                                                    |                 |                            |       |  Time   |   Time   | 
     |----------------------------------------------------+-----------------+----------------------------+-------+---------+----------| 
     | pulpino_top_inst/core_region_i/CORE.RISCV_CORE_id_ | CLK ^           |                            |       |  -1.201 |    0.347 | 
     | stage_i_alu_operator_ex_o_reg[0]                   |                 |                            |       |         |          | 
     | pulpino_top_inst/core_region_i/CORE.RISCV_CORE_id_ | CLK ^ -> Q ^    | sky130_fd_sc_ls__dfstp_1   | 2.080 |   0.878 |    2.427 | 
     | stage_i_alu_operator_ex_o_reg[0]                   |                 |                            |       |         |          | 
     | pulpino_top_inst/core_region_i/CORE.RISCV_CORE_ex_ | A ^ -> X ^      | sky130_fd_sc_ls__clkbuf_2  | 1.138 |   2.016 |    3.564 | 
     | stage_i_alu_i/FE_OFC2005_CORE_RISCV_CORE_alu_opera |                 |                            |       |         |          | 
     | tor_ex_0                                           |                 |                            |       |         |          | 
     | pulpino_top_inst/core_region_i/CORE.RISCV_CORE_ex_ | A ^ -> X ^      | sky130_fd_sc_ls__or2_2     | 0.882 |   2.898 |    4.447 | 
     | stage_i_alu_i/g22385__6131                         |                 |                            |       |         |          | 
     | pulpino_top_inst/core_region_i/CORE.RISCV_CORE_ex_ | B ^ -> X ^      | sky130_fd_sc_ls__or2_1     | 0.829 |   3.727 |    5.276 | 
     | stage_i_alu_i/g62427                               |                 |                            |       |         |          | 
     | pulpino_top_inst/core_region_i/CORE.RISCV_CORE_ex_ | A ^ -> Y v      | sky130_fd_sc_ls__nand3_2   | 0.582 |   4.309 |    5.857 | 
     | stage_i_alu_i/FE_RC_0_0                            |                 |                            |       |         |          | 
     | pulpino_top_inst/core_region_i/CORE.RISCV_CORE_ex_ | CIN v -> COUT v | sky130_fd_sc_ls__fa_1      | 0.886 |   5.195 |    6.744 | 
     | stage_i_alu_i/add_168_54_g2630                     |                 |                            |       |         |          | 
     | pulpino_top_inst/core_region_i/CORE.RISCV_CORE_ex_ | CIN v -> COUT v | sky130_fd_sc_ls__fa_1      | 0.779 |   5.975 |    7.523 | 
     | stage_i_alu_i/add_168_54_g2629                     |                 |                            |       |         |          | 
     | pulpino_top_inst/core_region_i/CORE.RISCV_CORE_ex_ | CIN v -> COUT v | sky130_fd_sc_ls__fa_1      | 0.752 |   6.726 |    8.275 | 
     | stage_i_alu_i/add_168_54_g2628                     |                 |                            |       |         |          | 
     | pulpino_top_inst/core_region_i/CORE.RISCV_CORE_ex_ | CIN v -> COUT v | sky130_fd_sc_ls__fa_1      | 0.744 |   7.471 |    9.019 | 
     | stage_i_alu_i/add_168_54_g2627                     |                 |                            |       |         |          | 
     | pulpino_top_inst/core_region_i/CORE.RISCV_CORE_ex_ | CIN v -> COUT v | sky130_fd_sc_ls__fa_1      | 0.721 |   8.191 |    9.740 | 
     | stage_i_alu_i/add_168_54_g2626                     |                 |                            |       |         |          | 
     | pulpino_top_inst/core_region_i/CORE.RISCV_CORE_ex_ | CIN v -> COUT v | sky130_fd_sc_ls__fa_1      | 0.734 |   8.926 |   10.474 | 
     | stage_i_alu_i/add_168_54_g2625                     |                 |                            |       |         |          | 
     | pulpino_top_inst/core_region_i/CORE.RISCV_CORE_ex_ | CIN v -> COUT v | sky130_fd_sc_ls__fa_1      | 0.766 |   9.691 |   11.240 | 
     | stage_i_alu_i/add_168_54_g2624                     |                 |                            |       |         |          | 
     | pulpino_top_inst/core_region_i/CORE.RISCV_CORE_ex_ | CIN v -> COUT v | sky130_fd_sc_ls__fa_1      | 0.807 |  10.499 |   12.047 | 
     | stage_i_alu_i/add_168_54_g2623                     |                 |                            |       |         |          | 
     | pulpino_top_inst/core_region_i/CORE.RISCV_CORE_ex_ | A1 v -> X v     | sky130_fd_sc_ls__a21bo_1   | 0.518 |  11.016 |   12.565 | 
     | stage_i_alu_i/add_168_54_g2622                     |                 |                            |       |         |          | 
     | pulpino_top_inst/core_region_i/CORE.RISCV_CORE_ex_ | CIN v -> COUT v | sky130_fd_sc_ls__fa_1      | 0.723 |  11.739 |   13.287 | 
     | stage_i_alu_i/add_168_54_g2621                     |                 |                            |       |         |          | 
     | pulpino_top_inst/core_region_i/CORE.RISCV_CORE_ex_ | CIN v -> COUT v | sky130_fd_sc_ls__fa_1      | 0.719 |  12.458 |   14.007 | 
     | stage_i_alu_i/add_168_54_g2620                     |                 |                            |       |         |          | 
     | pulpino_top_inst/core_region_i/CORE.RISCV_CORE_ex_ | CIN v -> COUT v | sky130_fd_sc_ls__fa_1      | 0.723 |  13.181 |   14.730 | 
     | stage_i_alu_i/add_168_54_g2619                     |                 |                            |       |         |          | 
     | pulpino_top_inst/core_region_i/CORE.RISCV_CORE_ex_ | CIN v -> COUT v | sky130_fd_sc_ls__fa_1      | 0.758 |  13.939 |   15.487 | 
     | stage_i_alu_i/add_168_54_g2618                     |                 |                            |       |         |          | 
     | pulpino_top_inst/core_region_i/CORE.RISCV_CORE_ex_ | CIN v -> COUT v | sky130_fd_sc_ls__fa_1      | 0.737 |  14.676 |   16.224 | 
     | stage_i_alu_i/add_168_54_g2617                     |                 |                            |       |         |          | 
     | pulpino_top_inst/core_region_i/CORE.RISCV_CORE_ex_ | CIN v -> COUT v | sky130_fd_sc_ls__fa_1      | 0.710 |  15.385 |   16.934 | 
     | stage_i_alu_i/add_168_54_g2616                     |                 |                            |       |         |          | 
     | pulpino_top_inst/core_region_i/CORE.RISCV_CORE_ex_ | CIN v -> COUT v | sky130_fd_sc_ls__fa_1      | 0.726 |  16.112 |   17.660 | 
     | stage_i_alu_i/add_168_54_g2615                     |                 |                            |       |         |          | 
     | pulpino_top_inst/core_region_i/CORE.RISCV_CORE_ex_ | CIN v -> COUT v | sky130_fd_sc_ls__fa_1      | 0.745 |  16.857 |   18.406 | 
     | stage_i_alu_i/add_168_54_g2614                     |                 |                            |       |         |          | 
     | pulpino_top_inst/core_region_i/CORE.RISCV_CORE_ex_ | A0 v -> X v     | sky130_fd_sc_ls__mux2_1    | 0.711 |  17.568 |   19.117 | 
     | stage_i_alu_i/g62432                               |                 |                            |       |         |          | 
     | pulpino_top_inst/core_region_i/CORE.RISCV_CORE_ex_ | CIN v -> COUT v | sky130_fd_sc_ls__fa_1      | 0.800 |  18.369 |   19.917 | 
     | stage_i_alu_i/add_168_54_g2612                     |                 |                            |       |         |          | 
     | pulpino_top_inst/core_region_i/CORE.RISCV_CORE_ex_ | CIN v -> COUT v | sky130_fd_sc_ls__fa_1      | 0.717 |  19.086 |   20.634 | 
     | stage_i_alu_i/add_168_54_g2611                     |                 |                            |       |         |          | 
     | pulpino_top_inst/core_region_i/CORE.RISCV_CORE_ex_ | CIN v -> COUT v | sky130_fd_sc_ls__fa_1      | 0.706 |  19.792 |   21.340 | 
     | stage_i_alu_i/add_168_54_g2610                     |                 |                            |       |         |          | 
     | pulpino_top_inst/core_region_i/CORE.RISCV_CORE_ex_ | CIN v -> COUT v | sky130_fd_sc_ls__fa_1      | 0.708 |  20.500 |   22.049 | 
     | stage_i_alu_i/add_168_54_g2609                     |                 |                            |       |         |          | 
     | pulpino_top_inst/core_region_i/CORE.RISCV_CORE_ex_ | CIN v -> COUT v | sky130_fd_sc_ls__fa_1      | 0.702 |  21.202 |   22.750 | 
     | stage_i_alu_i/add_168_54_g2608                     |                 |                            |       |         |          | 
     | pulpino_top_inst/core_region_i/CORE.RISCV_CORE_ex_ | CIN v -> COUT v | sky130_fd_sc_ls__fa_1      | 0.736 |  21.938 |   23.487 | 
     | stage_i_alu_i/add_168_54_g2607                     |                 |                            |       |         |          | 
     | pulpino_top_inst/core_region_i/CORE.RISCV_CORE_ex_ | CIN v -> COUT v | sky130_fd_sc_ls__fa_1      | 0.743 |  22.681 |   24.230 | 
     | stage_i_alu_i/add_168_54_g2606                     |                 |                            |       |         |          | 
     | pulpino_top_inst/core_region_i/CORE.RISCV_CORE_ex_ | CIN v -> COUT v | sky130_fd_sc_ls__fa_1      | 0.766 |  23.448 |   24.996 | 
     | stage_i_alu_i/add_168_54_g2605                     |                 |                            |       |         |          | 
     | pulpino_top_inst/core_region_i/CORE.RISCV_CORE_ex_ | A1 v -> X v     | sky130_fd_sc_ls__a21bo_2   | 0.563 |  24.011 |   25.559 | 
     | stage_i_alu_i/add_168_54_g2604                     |                 |                            |       |         |          | 
     | pulpino_top_inst/core_region_i/CORE.RISCV_CORE_ex_ | CIN v -> SUM v  | sky130_fd_sc_ls__fa_1      | 0.815 |  24.826 |   26.374 | 
     | stage_i_alu_i/add_168_54_g2603                     |                 |                            |       |         |          | 
     | pulpino_top_inst/core_region_i/CORE.RISCV_CORE_ex_ | A v -> COUT v   | sky130_fd_sc_ls__fa_1      | 0.893 |  25.719 |   27.268 | 
     | stage_i_alu_i/add_182_44_g2383                     |                 |                            |       |         |          | 
     | pulpino_top_inst/core_region_i/CORE.RISCV_CORE_ex_ | CIN v -> COUT v | sky130_fd_sc_ls__fa_1      | 0.764 |  26.483 |   28.032 | 
     | stage_i_alu_i/add_182_44_g2382                     |                 |                            |       |         |          | 
     | pulpino_top_inst/core_region_i/CORE.RISCV_CORE_ex_ | CIN v -> COUT v | sky130_fd_sc_ls__fa_1      | 0.723 |  27.206 |   28.755 | 
     | stage_i_alu_i/add_182_44_g2381                     |                 |                            |       |         |          | 
     | pulpino_top_inst/core_region_i/CORE.RISCV_CORE_ex_ | CIN v -> COUT v | sky130_fd_sc_ls__fa_1      | 0.731 |  27.937 |   29.486 | 
     | stage_i_alu_i/add_182_44_g2380                     |                 |                            |       |         |          | 
     | pulpino_top_inst/core_region_i/CORE.RISCV_CORE_ex_ | CIN v -> COUT v | sky130_fd_sc_ls__fa_1      | 0.815 |  28.752 |   30.301 | 
     | stage_i_alu_i/add_182_44_g2379                     |                 |                            |       |         |          | 
     | pulpino_top_inst/core_region_i/CORE.RISCV_CORE_ex_ | CIN v -> COUT v | sky130_fd_sc_ls__fa_1      | 0.801 |  29.553 |   31.102 | 
     | stage_i_alu_i/add_182_44_g2378                     |                 |                            |       |         |          | 
     | pulpino_top_inst/core_region_i/CORE.RISCV_CORE_ex_ | CIN v -> COUT v | sky130_fd_sc_ls__fa_1      | 0.741 |  30.294 |   31.842 | 
     | stage_i_alu_i/add_182_44_g2377                     |                 |                            |       |         |          | 
     | pulpino_top_inst/core_region_i/CORE.RISCV_CORE_ex_ | B v -> X v      | sky130_fd_sc_ls__xor2_1    | 0.401 |  30.695 |   32.244 | 
     | stage_i_alu_i/add_182_44_g2376                     |                 |                            |       |         |          | 
     | pulpino_top_inst/core_region_i/CORE.RISCV_CORE_ex_ | C1 v -> X v     | sky130_fd_sc_ls__a222o_1   | 1.038 |  31.734 |   33.282 | 
     | stage_i_alu_i/g24943                               |                 |                            |       |         |          | 
     | pulpino_top_inst/core_region_i/CORE.RISCV_CORE_ex_ | A v -> X v      | sky130_fd_sc_ls__and2_4    | 0.614 |  32.348 |   33.896 | 
     | stage_i_alu_i/g24916                               |                 |                            |       |         |          | 
     | pulpino_top_inst/core_region_i/CORE.RISCV_CORE_ex_ | B1 v -> X v     | sky130_fd_sc_ls__a21o_1    | 0.502 |  32.850 |   34.398 | 
     | stage_i_alu_i/g24900                               |                 |                            |       |         |          | 
     | pulpino_top_inst/core_region_i/CORE.RISCV_CORE_ex_ | A1 v -> X v     | sky130_fd_sc_ls__a22o_1    | 0.567 |  33.416 |   34.965 | 
     | stage_i_alu_i/srl_283_46_cdnao74                   |                 |                            |       |         |          | 
     | pulpino_top_inst/core_region_i/CORE.RISCV_CORE_ex_ | A1 v -> X v     | sky130_fd_sc_ls__a22o_1    | 0.625 |  34.042 |   35.590 | 
     | stage_i_alu_i/srl_283_46_cdnao167                  |                 |                            |       |         |          | 
     | pulpino_top_inst/core_region_i/CORE.RISCV_CORE_ex_ | B2 v -> X v     | sky130_fd_sc_ls__a22o_1    | 0.609 |  34.651 |   36.199 | 
     | stage_i_alu_i/srl_283_46_cdnao263                  |                 |                            |       |         |          | 
     | pulpino_top_inst/core_region_i/CORE.RISCV_CORE_ex_ | A1 v -> X v     | sky130_fd_sc_ls__a22o_1    | 0.625 |  35.276 |   36.824 | 
     | stage_i_alu_i/srl_283_46_cdnao335                  |                 |                            |       |         |          | 
     | pulpino_top_inst/core_region_i/CORE.RISCV_CORE_ex_ | B2 v -> X v     | sky130_fd_sc_ls__a22o_1    | 0.516 |  35.792 |   37.340 | 
     | stage_i_alu_i/srl_283_46_cdnao431                  |                 |                            |       |         |          | 
     | pulpino_top_inst/core_region_i/CORE.RISCV_CORE_ex_ | B1 v -> Y ^     | sky130_fd_sc_ls__a22oi_1   | 0.645 |  36.436 |   37.985 | 
     | stage_i_alu_i/g61810                               |                 |                            |       |         |          | 
     | pulpino_top_inst/core_region_i/CORE.RISCV_CORE_ex_ | A ^ -> Y v      | sky130_fd_sc_ls__nand3_4   | 0.475 |  36.912 |   38.460 | 
     | stage_i_alu_i/g61583__6417                         |                 |                            |       |         |          | 
     | pulpino_top_inst/core_region_i/CORE.RISCV_CORE_ex_ | A1 v -> Y ^     | sky130_fd_sc_ls__mux2i_1   | 0.426 |  37.338 |   38.887 | 
     | stage_i_alu_i/g61488__3680                         |                 |                            |       |         |          | 
     | pulpino_top_inst/core_region_i/CORE.RISCV_CORE_ex_ | A ^ -> X ^      | sky130_fd_sc_ls__buf_1     | 1.051 |  38.389 |   39.937 | 
     | stage_i_alu_i/FE_OFC9766_n_1123                    |                 |                            |       |         |          | 
     | pulpino_top_inst/core_region_i/CORE.RISCV_CORE_ex_ | A2_N ^ -> Y ^   | sky130_fd_sc_ls__a2bb2oi_1 | 1.049 |  39.438 |   40.986 | 
     | stage_i_alu_i/g61258__5122                         |                 |                            |       |         |          | 
     | pulpino_top_inst/core_region_i/CORE.RISCV_CORE_ex_ | C1 ^ -> Y v     | sky130_fd_sc_ls__o211ai_1  | 0.336 |  39.774 |   41.322 | 
     | stage_i_alu_i/g61252__5526                         |                 |                            |       |         |          | 
     | pulpino_top_inst/core_region_i/CORE.RISCV_CORE_ex_ | D v -> Y ^      | sky130_fd_sc_ls__nor4_1    | 0.731 |  40.505 |   42.053 | 
     | stage_i_alu_i/g61245__6417                         |                 |                            |       |         |          | 
     | pulpino_top_inst/core_region_i/CORE.RISCV_CORE_ex_ | B1 ^ -> Y v     | sky130_fd_sc_ls__a41oi_1   | 0.261 |  40.765 |   42.314 | 
     | stage_i_alu_i/g61242__2346                         |                 |                            |       |         |          | 
     | pulpino_top_inst/core_region_i/CORE.RISCV_CORE_ex_ | B v -> Y ^      | sky130_fd_sc_ls__nor2_1    | 0.283 |  41.048 |   42.596 | 
     | stage_i_alu_i/g61235__4733                         |                 |                            |       |         |          | 
     | pulpino_top_inst/core_region_i/CORE.RISCV_CORE_ex_ | C1 ^ -> Y v     | sky130_fd_sc_ls__a211oi_1  | 0.141 |  41.189 |   42.737 | 
     | stage_i_alu_i/FE_RC_1_0                            |                 |                            |       |         |          | 
     | pulpino_top_inst/core_region_i/CORE.RISCV_CORE_ex_ | A v -> X v      | sky130_fd_sc_ls__clkbuf_8  | 0.585 |  41.774 |   43.323 | 
     | stage_i_alu_i/FE_OFC11695_n_1360                   |                 |                            |       |         |          | 
     | pulpino_top_inst/core_region_i/CORE.RISCV_CORE_ex_ | C1 v -> Y ^     | sky130_fd_sc_ls__a221oi_1  | 0.629 |  42.403 |   43.952 | 
     | stage_i_alu_i/g61185__5526                         |                 |                            |       |         |          | 
     | pulpino_top_inst/core_region_i/CORE.RISCV_CORE_ex_ | A2 ^ -> Y v     | sky130_fd_sc_ls__o22ai_1   | 0.319 |  42.722 |   44.271 | 
     | stage_i_alu_i/g61091__7410                         |                 |                            |       |         |          | 
     | pulpino_top_inst/core_region_i/CORE.RISCV_CORE_ex_ | C1 v -> Y ^     | sky130_fd_sc_ls__a221oi_1  | 0.652 |  43.374 |   44.923 | 
     | stage_i_alu_i/g61072__3680                         |                 |                            |       |         |          | 
     | pulpino_top_inst/core_region_i/CORE.RISCV_CORE_ex_ | D1 ^ -> Y v     | sky130_fd_sc_ls__o2111ai_1 | 0.418 |  43.793 |   45.341 | 
     | stage_i_alu_i/g60954__8428                         |                 |                            |       |         |          | 
     | pulpino_top_inst/core_region_i/CORE.RISCV_CORE_ex_ | C1 v -> Y ^     | sky130_fd_sc_ls__a221oi_1  | 0.675 |  44.467 |   46.016 | 
     | stage_i_alu_i/g60929__3680                         |                 |                            |       |         |          | 
     | pulpino_top_inst/core_region_i/CORE.RISCV_CORE_ex_ | D1 ^ -> Y v     | sky130_fd_sc_ls__o2111ai_1 | 0.493 |  44.960 |   46.509 | 
     | stage_i_alu_i/g60913__6161                         |                 |                            |       |         |          | 
     | pulpino_top_inst/core_region_i/FE_OFC8854_CORE_RIS | A v -> X v      | sky130_fd_sc_ls__clkbuf_16 | 0.506 |  45.466 |   47.015 | 
     | CV_CORE_ex_stage_i_alu_result_12                   |                 |                            |       |         |          | 
     | pulpino_top_inst/core_region_i/FE_PDC16349_FE_OFN8 | A v -> X v      | sky130_fd_sc_ls__buf_4     | 1.183 |  46.650 |   48.198 | 
     | 894_CORE_RISCV_CORE_ex_stage_i_alu_result_12       |                 |                            |       |         |          | 
     | pulpino_top_inst/core_region_i/FE_PDC16619_FE_OFN8 | A v -> X v      | sky130_fd_sc_ls__buf_4     | 0.969 |  47.619 |   49.167 | 
     | 894_CORE_RISCV_CORE_ex_stage_i_alu_result_12       |                 |                            |       |         |          | 
     | pulpino_top_inst/core_region_i/g67507              | A1 v -> X v     | sky130_fd_sc_ls__a221o_2   | 1.245 |  48.863 |   50.412 | 
     | pulpino_top_inst/core_region_i/CORE.RISCV_CORE_id_ | C1 v -> Y ^     | sky130_fd_sc_ls__a222oi_1  | 1.193 |  50.056 |   51.605 | 
     | stage_i_g116169                                    |                 |                            |       |         |          | 
     | pulpino_top_inst/core_region_i/FE_OFC9472_CORE_RIS | A ^ -> X ^      | sky130_fd_sc_ls__buf_1     | 1.328 |  51.384 |   52.933 | 
     | CV_CORE_id_stage_i_n_99941                         |                 |                            |       |         |          | 
     | pulpino_top_inst/core_region_i/CORE.RISCV_CORE_id_ | B ^ -> Y v      | sky130_fd_sc_ls__nor2_1    | 0.382 |  51.766 |   53.315 | 
     | stage_i_g116138                                    |                 |                            |       |         |          | 
     | pulpino_top_inst/core_region_i/CORE.RISCV_CORE_id_ | C1 v -> Y ^     | sky130_fd_sc_ls__a221oi_1  | 0.520 |  52.286 |   53.834 | 
     | stage_i_g116115                                    |                 |                            |       |         |          | 
     | pulpino_top_inst/core_region_i/CORE.RISCV_CORE_id_ | D1 ^ -> Y v     | sky130_fd_sc_ls__o2111ai_1 | 0.326 |  52.612 |   54.161 | 
     | stage_i_g116007                                    |                 |                            |       |         |          | 
     | pulpino_top_inst/core_region_i/FE_OFC9974_CORE_RIS | A v -> X v      | sky130_fd_sc_ls__buf_1     | 0.423 |  53.035 |   54.584 | 
     | CV_CORE_id_stage_i_n_99665                         |                 |                            |       |         |          | 
     | pulpino_top_inst/core_region_i/CORE.RISCV_CORE_id_ | A1 v -> Y ^     | sky130_fd_sc_ls__a221oi_1  | 0.917 |  53.952 |   55.501 | 
     | stage_i_g115779                                    |                 |                            |       |         |          | 
     | pulpino_top_inst/core_region_i/FE_OFC10036_CORE_RI | A ^ -> X ^      | sky130_fd_sc_ls__buf_1     | 0.510 |  54.462 |   56.011 | 
     | SCV_CORE_id_stage_i_n_99369                        |                 |                            |       |         |          | 
     | pulpino_top_inst/core_region_i/CORE.RISCV_CORE_id_ | B ^ -> Y v      | sky130_fd_sc_ls__nand4_1   | 0.304 |  54.767 |   56.315 | 
     | stage_i_g115729                                    |                 |                            |       |         |          | 
     | pulpino_top_inst/core_region_i/FE_OFC10109_CORE_RI | A v -> X v      | sky130_fd_sc_ls__clkbuf_16 | 0.475 |  55.242 |   56.790 | 
     | SCV_CORE_id_stage_i_n_99293                        |                 |                            |       |         |          | 
     | pulpino_top_inst/core_region_i/FE_PDC16243_FE_OFN1 | A v -> X v      | sky130_fd_sc_ls__buf_2     | 0.923 |  56.165 |   57.713 | 
     | 0149_CORE_RISCV_CORE_id_stage_i_n_99293            |                 |                            |       |         |          | 
     | pulpino_top_inst/core_region_i/CORE.RISCV_CORE_id_ | D v             | sky130_fd_sc_ls__sdfrtp_1  | 0.393 |  56.558 |   58.106 | 
     | stage_i_alu_operand_b_ex_o_reg[28]                 |                 |                            |       |         |          | 
     +--------------------------------------------------------------------------------------------------------------------------------+ 

