#                          Technology and LEF layer map
# Design "pulpino_top_pad"
#
# Technology and LEF layers are mapped automatically by innovus.
# If a user needs customised mapping, specify a layermap file. Layermap file
# is specified using command "setExtractRCMode -lefTechFileMap <layermapFile>".
#

# Mapping of layers are from <lefLayer> to <techLayer>

extraction_setup \
	-technology_layer_map \
		PC           rx \
		CA           diffcont \
		M1           m1 \
		V1           v1 \
		M2           m2 \
		AY           ay \
		C1           c1 \
		A1           a1 \
		C2           c2 \
		A2           a2 \
		C3           c3 \
		A3           a3 \
		C4           c4 \
		A4           a4 \
		C5           c5 \
		YS           ys \
		JA           ja \
		JV           jv \
		QA           qa \
		JW           jw \
		QB           qb \
		VV           vv \
		LB           lb \


# Lef file might contain multiple masterslice layers. Only one is printed in log file.
# Innovus does not distinguish between masterslice layers in IQuantus extraction.


# Technology File: "/data/mmmc_timing_flow/2021_asic_tapeout_log_mmmc/PHYS_SYN/work/saved_final.enc.dat/libs/mmmc/rctyp_corner/qrcTechFile"

#
# This file was generated by Innovus v20.11-s130_1 on Thu Mar  3 08:08:24 2022

